1,99.90942436707986,{Reading Instances[DISTANCE:EUCLIDEAN],AttractionTree[DISTANCE:EUCLIDEAN,DHC_SIGMA - 13.444445,DHC_THRESHOLD - 43.333332,DHC_MINPTS - 18.333332],DensityTree[DISTANCE:CHEBYCHEV,DHC_SIGMA - 13.444445,DHC_THRESHOLD - 43.333332,DHC_MINPTS - 18.333332],}
2,99.92456326694385,{Reading Instances[DISTANCE:EUCLIDEAN],AttractionTree[DISTANCE:BRAYCURTIS,DHC_SIGMA - 10.333334,DHC_THRESHOLD - 43.333332,DHC_MINPTS - 15.0],DensityTree[DISTANCE:BRAYCURTIS,DHC_SIGMA - 10.333334,DHC_THRESHOLD - 43.333332,DHC_MINPTS - 15.0],}
3,99.97150312243164,{Reading Instances[DISTANCE:EUCLIDEAN],ASH[DISTANCE:MANHATTAN,DENCLUE_SIGMA - 46.888885,DENCLUE_EPSILON - 4.522222],AttractionTree[DISTANCE:MANHATTAN,DHC_SIGMA - 4.111111,DHC_THRESHOLD - 60.0,DHC_MINPTS - 10.0],DensityTree[DISTANCE:CHEBYCHEV,DHC_SIGMA - 4.111111,DHC_THRESHOLD - 60.0,DHC_MINPTS - 10.0],}
4,99.97150312243164,{Reading Instances[DISTANCE:EUCLIDEAN],ASH[DISTANCE:MANHATTAN,DENCLUE_SIGMA - 46.888885,DENCLUE_EPSILON - 4.522222],AttractionTree[DISTANCE:MANHATTAN,DHC_SIGMA - 4.111111,DHC_THRESHOLD - 60.0,DHC_MINPTS - 10.0],DensityTree[DISTANCE:CHEBYCHEV,DHC_SIGMA - 4.111111,DHC_THRESHOLD - 60.0,DHC_MINPTS - 10.0],}
5,99.97150312243164,{Reading Instances[DISTANCE:EUCLIDEAN],ASH[DISTANCE:MANHATTAN,DENCLUE_SIGMA - 46.888885,DENCLUE_EPSILON - 4.522222],AttractionTree[DISTANCE:MANHATTAN,DHC_SIGMA - 4.111111,DHC_THRESHOLD - 60.0,DHC_MINPTS - 10.0],DensityTree[DISTANCE:CHEBYCHEV,DHC_SIGMA - 4.111111,DHC_THRESHOLD - 60.0,DHC_MINPTS - 10.0],}
6,99.97150312243164,{Reading Instances[DISTANCE:EUCLIDEAN],ASH[DISTANCE:MANHATTAN,DENCLUE_SIGMA - 46.888885,DENCLUE_EPSILON - 4.522222],AttractionTree[DISTANCE:MANHATTAN,DHC_SIGMA - 4.111111,DHC_THRESHOLD - 60.0,DHC_MINPTS - 10.0],DensityTree[DISTANCE:CHEBYCHEV,DHC_SIGMA - 4.111111,DHC_THRESHOLD - 60.0,DHC_MINPTS - 10.0],}
7,99.97150312243164,{Reading Instances[DISTANCE:EUCLIDEAN],ASH[DISTANCE:MANHATTAN,DENCLUE_SIGMA - 46.888885,DENCLUE_EPSILON - 4.522222],AttractionTree[DISTANCE:MANHATTAN,DHC_SIGMA - 4.111111,DHC_THRESHOLD - 60.0,DHC_MINPTS - 10.0],DensityTree[DISTANCE:CHEBYCHEV,DHC_SIGMA - 4.111111,DHC_THRESHOLD - 60.0,DHC_MINPTS - 10.0],}
8,99.97150312243164,{Reading Instances[DISTANCE:EUCLIDEAN],ASH[DISTANCE:MANHATTAN,DENCLUE_SIGMA - 46.888885,DENCLUE_EPSILON - 4.522222],AttractionTree[DISTANCE:MANHATTAN,DHC_SIGMA - 4.111111,DHC_THRESHOLD - 60.0,DHC_MINPTS - 10.0],DensityTree[DISTANCE:CHEBYCHEV,DHC_SIGMA - 4.111111,DHC_THRESHOLD - 60.0,DHC_MINPTS - 10.0],}
9,99.97150312243164,{Reading Instances[DISTANCE:EUCLIDEAN],ASH[DISTANCE:MANHATTAN,DENCLUE_SIGMA - 46.888885,DENCLUE_EPSILON - 4.522222],AttractionTree[DISTANCE:MANHATTAN,DHC_SIGMA - 4.111111,DHC_THRESHOLD - 60.0,DHC_MINPTS - 10.0],DensityTree[DISTANCE:CHEBYCHEV,DHC_SIGMA - 4.111111,DHC_THRESHOLD - 60.0,DHC_MINPTS - 10.0],}
10,99.97150312243164,{Reading Instances[DISTANCE:EUCLIDEAN],ASH[DISTANCE:MANHATTAN,DENCLUE_SIGMA - 46.888885,DENCLUE_EPSILON - 4.522222],AttractionTree[DISTANCE:MANHATTAN,DHC_SIGMA - 4.111111,DHC_THRESHOLD - 60.0,DHC_MINPTS - 10.0],DensityTree[DISTANCE:CHEBYCHEV,DHC_SIGMA - 4.111111,DHC_THRESHOLD - 60.0,DHC_MINPTS - 10.0],}
1,99.92044342932441,{Reading Instances[DISTANCE:EUCLIDEAN],AttractionTree[DISTANCE:MANHATTAN,DHC_SIGMA - 11.888889,DHC_THRESHOLD - 54.444443,DHC_MINPTS - 8.333333],DensityTree[DISTANCE:EUCLIDEAN,DHC_SIGMA - 11.888889,DHC_THRESHOLD - 54.444443,DHC_MINPTS - 8.333333],}
2,99.92657274071996,{Reading Instances[DISTANCE:EUCLIDEAN],AttractionTree[DISTANCE:CHEBYCHEV,DHC_SIGMA - 15.0,DHC_THRESHOLD - 60.0,DHC_MINPTS - 11.666666],DensityTree[DISTANCE:MANHATTAN,DHC_SIGMA - 15.0,DHC_THRESHOLD - 60.0,DHC_MINPTS - 11.666666],}
3,99.92657274071996,{Reading Instances[DISTANCE:EUCLIDEAN],AttractionTree[DISTANCE:CHEBYCHEV,DHC_SIGMA - 15.0,DHC_THRESHOLD - 60.0,DHC_MINPTS - 11.666666],DensityTree[DISTANCE:MANHATTAN,DHC_SIGMA - 15.0,DHC_THRESHOLD - 60.0,DHC_MINPTS - 11.666666],}
4,99.92657274071996,{Reading Instances[DISTANCE:EUCLIDEAN],AttractionTree[DISTANCE:CHEBYCHEV,DHC_SIGMA - 15.0,DHC_THRESHOLD - 60.0,DHC_MINPTS - 11.666666],DensityTree[DISTANCE:MANHATTAN,DHC_SIGMA - 15.0,DHC_THRESHOLD - 60.0,DHC_MINPTS - 11.666666],}
5,99.92657274071996,{Reading Instances[DISTANCE:EUCLIDEAN],AttractionTree[DISTANCE:CHEBYCHEV,DHC_SIGMA - 15.0,DHC_THRESHOLD - 60.0,DHC_MINPTS - 11.666666],DensityTree[DISTANCE:MANHATTAN,DHC_SIGMA - 15.0,DHC_THRESHOLD - 60.0,DHC_MINPTS - 11.666666],}
6,99.92657274071996,{Reading Instances[DISTANCE:EUCLIDEAN],AttractionTree[DISTANCE:CHEBYCHEV,DHC_SIGMA - 15.0,DHC_THRESHOLD - 60.0,DHC_MINPTS - 11.666666],DensityTree[DISTANCE:MANHATTAN,DHC_SIGMA - 15.0,DHC_THRESHOLD - 60.0,DHC_MINPTS - 11.666666],}
7,99.92657274071996,{Reading Instances[DISTANCE:EUCLIDEAN],AttractionTree[DISTANCE:CHEBYCHEV,DHC_SIGMA - 15.0,DHC_THRESHOLD - 60.0,DHC_MINPTS - 11.666666],DensityTree[DISTANCE:MANHATTAN,DHC_SIGMA - 15.0,DHC_THRESHOLD - 60.0,DHC_MINPTS - 11.666666],}
8,99.92657274071996,{Reading Instances[DISTANCE:EUCLIDEAN],AttractionTree[DISTANCE:CHEBYCHEV,DHC_SIGMA - 15.0,DHC_THRESHOLD - 60.0,DHC_MINPTS - 11.666666],DensityTree[DISTANCE:MANHATTAN,DHC_SIGMA - 15.0,DHC_THRESHOLD - 60.0,DHC_MINPTS - 11.666666],}
9,99.92657274071996,{Reading Instances[DISTANCE:EUCLIDEAN],AttractionTree[DISTANCE:CHEBYCHEV,DHC_SIGMA - 15.0,DHC_THRESHOLD - 60.0,DHC_MINPTS - 11.666666],DensityTree[DISTANCE:MANHATTAN,DHC_SIGMA - 15.0,DHC_THRESHOLD - 60.0,DHC_MINPTS - 11.666666],}
10,99.92657274071996,{Reading Instances[DISTANCE:EUCLIDEAN],AttractionTree[DISTANCE:CHEBYCHEV,DHC_SIGMA - 15.0,DHC_THRESHOLD - 60.0,DHC_MINPTS - 11.666666],DensityTree[DISTANCE:MANHATTAN,DHC_SIGMA - 15.0,DHC_THRESHOLD - 60.0,DHC_MINPTS - 11.666666],}
1,99.9066463727876,{Reading Instances[DISTANCE:EUCLIDEAN],AttractionTree[DISTANCE:MANHATTAN,DHC_SIGMA - 15.0,DHC_THRESHOLD - 54.444443,DHC_MINPTS - 10.0],DensityTree[DISTANCE:CHEBYCHEV,DHC_SIGMA - 15.0,DHC_THRESHOLD - 54.444443,DHC_MINPTS - 10.0],}
2,99.9066463727876,{Reading Instances[DISTANCE:EUCLIDEAN],AttractionTree[DISTANCE:BRAYCURTIS,DHC_SIGMA - 15.0,DHC_THRESHOLD - 54.444443,DHC_MINPTS - 13.333333],DensityTree[DISTANCE:CHEBYCHEV,DHC_SIGMA - 15.0,DHC_THRESHOLD - 54.444443,DHC_MINPTS - 13.333333],}
3,99.9066463727876,{Reading Instances[DISTANCE:EUCLIDEAN],AttractionTree[DISTANCE:BRAYCURTIS,DHC_SIGMA - 15.0,DHC_THRESHOLD - 54.444443,DHC_MINPTS - 13.333333],DensityTree[DISTANCE:CHEBYCHEV,DHC_SIGMA - 15.0,DHC_THRESHOLD - 54.444443,DHC_MINPTS - 13.333333],}
4,99.9066463727876,{Reading Instances[DISTANCE:EUCLIDEAN],AttractionTree[DISTANCE:BRAYCURTIS,DHC_SIGMA - 15.0,DHC_THRESHOLD - 54.444443,DHC_MINPTS - 13.333333],DensityTree[DISTANCE:CHEBYCHEV,DHC_SIGMA - 15.0,DHC_THRESHOLD - 54.444443,DHC_MINPTS - 13.333333],}
5,99.9066463727876,{Reading Instances[DISTANCE:EUCLIDEAN],AttractionTree[DISTANCE:MANHATTAN,DHC_SIGMA - 15.0,DHC_THRESHOLD - 54.444443,DHC_MINPTS - 16.666666],DensityTree[DISTANCE:BRAYCURTIS,DHC_SIGMA - 15.0,DHC_THRESHOLD - 54.444443,DHC_MINPTS - 16.666666],}
6,99.91279727537542,{Reading Instances[DISTANCE:EUCLIDEAN],AttractionTree[DISTANCE:EUCLIDEAN,DHC_SIGMA - 13.444445,DHC_THRESHOLD - 26.666666,DHC_MINPTS - 18.333332],DensityTree[DISTANCE:CHEBYCHEV,DHC_SIGMA - 13.444445,DHC_THRESHOLD - 26.666666,DHC_MINPTS - 18.333332],}
7,99.91279727537542,{Reading Instances[DISTANCE:EUCLIDEAN],AttractionTree[DISTANCE:EUCLIDEAN,DHC_SIGMA - 13.444445,DHC_THRESHOLD - 26.666666,DHC_MINPTS - 18.333332],DensityTree[DISTANCE:CHEBYCHEV,DHC_SIGMA - 13.444445,DHC_THRESHOLD - 26.666666,DHC_MINPTS - 18.333332],}
8,99.91279727537542,{Reading Instances[DISTANCE:EUCLIDEAN],AttractionTree[DISTANCE:EUCLIDEAN,DHC_SIGMA - 13.444445,DHC_THRESHOLD - 26.666666,DHC_MINPTS - 18.333332],DensityTree[DISTANCE:CHEBYCHEV,DHC_SIGMA - 13.444445,DHC_THRESHOLD - 26.666666,DHC_MINPTS - 18.333332],}
9,99.91279727537542,{Reading Instances[DISTANCE:EUCLIDEAN],AttractionTree[DISTANCE:EUCLIDEAN,DHC_SIGMA - 13.444445,DHC_THRESHOLD - 26.666666,DHC_MINPTS - 18.333332],DensityTree[DISTANCE:CHEBYCHEV,DHC_SIGMA - 13.444445,DHC_THRESHOLD - 26.666666,DHC_MINPTS - 18.333332],}
10,99.92267261034615,{Reading Instances[DISTANCE:EUCLIDEAN],AttractionTree[DISTANCE:BRAYCURTIS,DHC_SIGMA - 13.444445,DHC_THRESHOLD - 60.0,DHC_MINPTS - 20.0],DensityTree[DISTANCE:EUCLIDEAN,DHC_SIGMA - 13.444445,DHC_THRESHOLD - 60.0,DHC_MINPTS - 20.0],}
1,99.90843603744631,{Reading Instances[DISTANCE:EUCLIDEAN],ASH[DISTANCE:BRAYCURTIS,DENCLUE_SIGMA - 14.111111,DENCLUE_EPSILON - 20.0],AttractionTree[DISTANCE:MANHATTAN,DHC_SIGMA - 13.444445,DHC_THRESHOLD - 37.77778,DHC_MINPTS - 20.0],DensityTree[DISTANCE:EUCLIDEAN,DHC_SIGMA - 13.444445,DHC_THRESHOLD - 37.77778,DHC_MINPTS - 20.0],}
2,99.92456326694385,{Reading Instances[DISTANCE:EUCLIDEAN],AttractionTree[DISTANCE:EUCLIDEAN,DHC_SIGMA - 10.333334,DHC_THRESHOLD - 48.888885,DHC_MINPTS - 16.666666],DensityTree[DISTANCE:EUCLIDEAN,DHC_SIGMA - 10.333334,DHC_THRESHOLD - 48.888885,DHC_MINPTS - 16.666666],}
3,99.92456326694385,{Reading Instances[DISTANCE:EUCLIDEAN],AttractionTree[DISTANCE:EUCLIDEAN,DHC_SIGMA - 10.333334,DHC_THRESHOLD - 48.888885,DHC_MINPTS - 16.666666],DensityTree[DISTANCE:EUCLIDEAN,DHC_SIGMA - 10.333334,DHC_THRESHOLD - 48.888885,DHC_MINPTS - 16.666666],}
4,99.92657274071996,{Reading Instances[DISTANCE:EUCLIDEAN],AttractionTree[DISTANCE:BRAYCURTIS,DHC_SIGMA - 15.0,DHC_THRESHOLD - 60.0,DHC_MINPTS - 15.0],DensityTree[DISTANCE:MANHATTAN,DHC_SIGMA - 15.0,DHC_THRESHOLD - 60.0,DHC_MINPTS - 15.0],}
5,99.92657274071996,{Reading Instances[DISTANCE:EUCLIDEAN],AttractionTree[DISTANCE:BRAYCURTIS,DHC_SIGMA - 15.0,DHC_THRESHOLD - 60.0,DHC_MINPTS - 15.0],DensityTree[DISTANCE:MANHATTAN,DHC_SIGMA - 15.0,DHC_THRESHOLD - 60.0,DHC_MINPTS - 15.0],}
6,99.92657274071996,{Reading Instances[DISTANCE:EUCLIDEAN],AttractionTree[DISTANCE:MANHATTAN,DHC_SIGMA - 15.0,DHC_THRESHOLD - 60.0,DHC_MINPTS - 11.666666],DensityTree[DISTANCE:MANHATTAN,DHC_SIGMA - 15.0,DHC_THRESHOLD - 60.0,DHC_MINPTS - 11.666666],}
7,99.92657274071996,{Reading Instances[DISTANCE:EUCLIDEAN],AttractionTree[DISTANCE:MANHATTAN,DHC_SIGMA - 15.0,DHC_THRESHOLD - 60.0,DHC_MINPTS - 11.666666],DensityTree[DISTANCE:MANHATTAN,DHC_SIGMA - 15.0,DHC_THRESHOLD - 60.0,DHC_MINPTS - 11.666666],}
8,99.92657274071996,{Reading Instances[DISTANCE:EUCLIDEAN],AttractionTree[DISTANCE:MANHATTAN,DHC_SIGMA - 15.0,DHC_THRESHOLD - 60.0,DHC_MINPTS - 11.666666],DensityTree[DISTANCE:MANHATTAN,DHC_SIGMA - 15.0,DHC_THRESHOLD - 60.0,DHC_MINPTS - 11.666666],}
9,99.92657274071996,{Reading Instances[DISTANCE:EUCLIDEAN],AttractionTree[DISTANCE:MANHATTAN,DHC_SIGMA - 15.0,DHC_THRESHOLD - 60.0,DHC_MINPTS - 11.666666],DensityTree[DISTANCE:MANHATTAN,DHC_SIGMA - 15.0,DHC_THRESHOLD - 60.0,DHC_MINPTS - 11.666666],}
10,99.92657274071996,{Reading Instances[DISTANCE:EUCLIDEAN],AttractionTree[DISTANCE:MANHATTAN,DHC_SIGMA - 15.0,DHC_THRESHOLD - 60.0,DHC_MINPTS - 11.666666],DensityTree[DISTANCE:MANHATTAN,DHC_SIGMA - 15.0,DHC_THRESHOLD - 60.0,DHC_MINPTS - 11.666666],}
1,98.05754835284293,{Reading Instances[DISTANCE:EUCLIDEAN],ASH[DISTANCE:MANHATTAN,DENCLUE_SIGMA - 53.444443,DENCLUE_EPSILON - 17.788889],AttractionTree[DISTANCE:CHEBYCHEV,DHC_SIGMA - 5.666667,DHC_THRESHOLD - 15.555555,DHC_MINPTS - 15.0],DensityTree[DISTANCE:EUCLIDEAN,DHC_SIGMA - 5.666667,DHC_THRESHOLD - 15.555555,DHC_MINPTS - 15.0],}
2,99.92456326694385,{Reading Instances[DISTANCE:EUCLIDEAN],AttractionTree[DISTANCE:EUCLIDEAN,DHC_SIGMA - 10.333334,DHC_THRESHOLD - 54.444443,DHC_MINPTS - 20.0],DensityTree[DISTANCE:MANHATTAN,DHC_SIGMA - 10.333334,DHC_THRESHOLD - 54.444443,DHC_MINPTS - 20.0],}
3,99.92456326694385,{Reading Instances[DISTANCE:EUCLIDEAN],AttractionTree[DISTANCE:MANHATTAN,DHC_SIGMA - 10.333334,DHC_THRESHOLD - 43.333332,DHC_MINPTS - 16.666666],DensityTree[DISTANCE:EUCLIDEAN,DHC_SIGMA - 10.333334,DHC_THRESHOLD - 43.333332,DHC_MINPTS - 16.666666],}
4,99.92456326694385,{Reading Instances[DISTANCE:EUCLIDEAN],AttractionTree[DISTANCE:MANHATTAN,DHC_SIGMA - 10.333334,DHC_THRESHOLD - 43.333332,DHC_MINPTS - 16.666666],DensityTree[DISTANCE:EUCLIDEAN,DHC_SIGMA - 10.333334,DHC_THRESHOLD - 43.333332,DHC_MINPTS - 16.666666],}
5,99.92456326694385,{Reading Instances[DISTANCE:EUCLIDEAN],AttractionTree[DISTANCE:MANHATTAN,DHC_SIGMA - 10.333334,DHC_THRESHOLD - 43.333332,DHC_MINPTS - 16.666666],DensityTree[DISTANCE:EUCLIDEAN,DHC_SIGMA - 10.333334,DHC_THRESHOLD - 43.333332,DHC_MINPTS - 16.666666],}
6,99.92456326694385,{Reading Instances[DISTANCE:EUCLIDEAN],AttractionTree[DISTANCE:MANHATTAN,DHC_SIGMA - 10.333334,DHC_THRESHOLD - 43.333332,DHC_MINPTS - 16.666666],DensityTree[DISTANCE:EUCLIDEAN,DHC_SIGMA - 10.333334,DHC_THRESHOLD - 43.333332,DHC_MINPTS - 16.666666],}
7,99.92456326694385,{Reading Instances[DISTANCE:EUCLIDEAN],AttractionTree[DISTANCE:MANHATTAN,DHC_SIGMA - 10.333334,DHC_THRESHOLD - 43.333332,DHC_MINPTS - 16.666666],DensityTree[DISTANCE:EUCLIDEAN,DHC_SIGMA - 10.333334,DHC_THRESHOLD - 43.333332,DHC_MINPTS - 16.666666],}
8,99.92456326694385,{Reading Instances[DISTANCE:EUCLIDEAN],AttractionTree[DISTANCE:BRAYCURTIS,DHC_SIGMA - 10.333334,DHC_THRESHOLD - 48.888885,DHC_MINPTS - 10.0],DensityTree[DISTANCE:EUCLIDEAN,DHC_SIGMA - 10.333334,DHC_THRESHOLD - 48.888885,DHC_MINPTS - 10.0],}
9,99.92456326694385,{Reading Instances[DISTANCE:EUCLIDEAN],AttractionTree[DISTANCE:CHEBYCHEV,DHC_SIGMA - 10.333334,DHC_THRESHOLD - 48.888885,DHC_MINPTS - 6.6666665],DensityTree[DISTANCE:MANHATTAN,DHC_SIGMA - 10.333334,DHC_THRESHOLD - 48.888885,DHC_MINPTS - 6.6666665],}
10,99.92456326694385,{Reading Instances[DISTANCE:EUCLIDEAN],AttractionTree[DISTANCE:CHEBYCHEV,DHC_SIGMA - 10.333334,DHC_THRESHOLD - 48.888885,DHC_MINPTS - 6.6666665],DensityTree[DISTANCE:MANHATTAN,DHC_SIGMA - 10.333334,DHC_THRESHOLD - 48.888885,DHC_MINPTS - 6.6666665],}
1,99.40112208863388,{Reading Instances[DISTANCE:EUCLIDEAN],AttractionTree[DISTANCE:EUCLIDEAN,DHC_SIGMA - 8.777778,DHC_THRESHOLD - 15.555555,DHC_MINPTS - 20.0],DensityTree[DISTANCE:BRAYCURTIS,DHC_SIGMA - 8.777778,DHC_THRESHOLD - 15.555555,DHC_MINPTS - 20.0],}
2,99.92182792189223,{Reading Instances[DISTANCE:EUCLIDEAN],ASH[DISTANCE:BRAYCURTIS,DENCLUE_SIGMA - 20.666666,DENCLUE_EPSILON - 20.0],AttractionTree[DISTANCE:CHEBYCHEV,DHC_SIGMA - 5.666667,DHC_THRESHOLD - 43.333332,DHC_MINPTS - 11.666666],DensityTree[DISTANCE:EUCLIDEAN,DHC_SIGMA - 5.666667,DHC_THRESHOLD - 43.333332,DHC_MINPTS - 11.666666],}
3,99.92182792189223,{Reading Instances[DISTANCE:EUCLIDEAN],ASH[DISTANCE:BRAYCURTIS,DENCLUE_SIGMA - 20.666666,DENCLUE_EPSILON - 20.0],AttractionTree[DISTANCE:CHEBYCHEV,DHC_SIGMA - 5.666667,DHC_THRESHOLD - 43.333332,DHC_MINPTS - 11.666666],DensityTree[DISTANCE:EUCLIDEAN,DHC_SIGMA - 5.666667,DHC_THRESHOLD - 43.333332,DHC_MINPTS - 11.666666],}
4,99.92182792189223,{Reading Instances[DISTANCE:EUCLIDEAN],ASH[DISTANCE:BRAYCURTIS,DENCLUE_SIGMA - 20.666666,DENCLUE_EPSILON - 20.0],AttractionTree[DISTANCE:CHEBYCHEV,DHC_SIGMA - 5.666667,DHC_THRESHOLD - 43.333332,DHC_MINPTS - 11.666666],DensityTree[DISTANCE:EUCLIDEAN,DHC_SIGMA - 5.666667,DHC_THRESHOLD - 43.333332,DHC_MINPTS - 11.666666],}
5,99.92182792189223,{Reading Instances[DISTANCE:EUCLIDEAN],ASH[DISTANCE:BRAYCURTIS,DENCLUE_SIGMA - 20.666666,DENCLUE_EPSILON - 20.0],AttractionTree[DISTANCE:CHEBYCHEV,DHC_SIGMA - 5.666667,DHC_THRESHOLD - 43.333332,DHC_MINPTS - 11.666666],DensityTree[DISTANCE:EUCLIDEAN,DHC_SIGMA - 5.666667,DHC_THRESHOLD - 43.333332,DHC_MINPTS - 11.666666],}
6,99.92182792189223,{Reading Instances[DISTANCE:EUCLIDEAN],ASH[DISTANCE:BRAYCURTIS,DENCLUE_SIGMA - 20.666666,DENCLUE_EPSILON - 20.0],AttractionTree[DISTANCE:CHEBYCHEV,DHC_SIGMA - 5.666667,DHC_THRESHOLD - 43.333332,DHC_MINPTS - 11.666666],DensityTree[DISTANCE:EUCLIDEAN,DHC_SIGMA - 5.666667,DHC_THRESHOLD - 43.333332,DHC_MINPTS - 11.666666],}
7,99.92182792189223,{Reading Instances[DISTANCE:EUCLIDEAN],ASH[DISTANCE:BRAYCURTIS,DENCLUE_SIGMA - 20.666666,DENCLUE_EPSILON - 20.0],AttractionTree[DISTANCE:CHEBYCHEV,DHC_SIGMA - 5.666667,DHC_THRESHOLD - 43.333332,DHC_MINPTS - 11.666666],DensityTree[DISTANCE:EUCLIDEAN,DHC_SIGMA - 5.666667,DHC_THRESHOLD - 43.333332,DHC_MINPTS - 11.666666],}
8,99.92182792189223,{Reading Instances[DISTANCE:EUCLIDEAN],ASH[DISTANCE:BRAYCURTIS,DENCLUE_SIGMA - 20.666666,DENCLUE_EPSILON - 20.0],AttractionTree[DISTANCE:CHEBYCHEV,DHC_SIGMA - 5.666667,DHC_THRESHOLD - 43.333332,DHC_MINPTS - 11.666666],DensityTree[DISTANCE:EUCLIDEAN,DHC_SIGMA - 5.666667,DHC_THRESHOLD - 43.333332,DHC_MINPTS - 11.666666],}
9,99.92182792189223,{Reading Instances[DISTANCE:EUCLIDEAN],ASH[DISTANCE:BRAYCURTIS,DENCLUE_SIGMA - 20.666666,DENCLUE_EPSILON - 20.0],AttractionTree[DISTANCE:CHEBYCHEV,DHC_SIGMA - 5.666667,DHC_THRESHOLD - 43.333332,DHC_MINPTS - 11.666666],DensityTree[DISTANCE:EUCLIDEAN,DHC_SIGMA - 5.666667,DHC_THRESHOLD - 43.333332,DHC_MINPTS - 11.666666],}
10,99.92182792189223,{Reading Instances[DISTANCE:EUCLIDEAN],ASH[DISTANCE:BRAYCURTIS,DENCLUE_SIGMA - 20.666666,DENCLUE_EPSILON - 20.0],AttractionTree[DISTANCE:CHEBYCHEV,DHC_SIGMA - 5.666667,DHC_THRESHOLD - 43.333332,DHC_MINPTS - 11.666666],DensityTree[DISTANCE:EUCLIDEAN,DHC_SIGMA - 5.666667,DHC_THRESHOLD - 43.333332,DHC_MINPTS - 11.666666],}
1,99.83557699370739,{Reading Instances[DISTANCE:EUCLIDEAN],AttractionTree[DISTANCE:CHEBYCHEV,DHC_SIGMA - 5.666667,DHC_THRESHOLD - 26.666666,DHC_MINPTS - 16.666666],DensityTree[DISTANCE:CHEBYCHEV,DHC_SIGMA - 5.666667,DHC_THRESHOLD - 26.666666,DHC_MINPTS - 16.666666],}
2,99.9066463727876,{Reading Instances[DISTANCE:EUCLIDEAN],AttractionTree[DISTANCE:CHEBYCHEV,DHC_SIGMA - 15.0,DHC_THRESHOLD - 48.888885,DHC_MINPTS - 8.333333],DensityTree[DISTANCE:BRAYCURTIS,DHC_SIGMA - 15.0,DHC_THRESHOLD - 48.888885,DHC_MINPTS - 8.333333],}
3,99.92457343487146,{Reading Instances[DISTANCE:EUCLIDEAN],AttractionTree[DISTANCE:CHEBYCHEV,DHC_SIGMA - 10.333334,DHC_THRESHOLD - 37.77778,DHC_MINPTS - 8.333333],DensityTree[DISTANCE:EUCLIDEAN,DHC_SIGMA - 10.333334,DHC_THRESHOLD - 37.77778,DHC_MINPTS - 8.333333],}
4,99.92457343487146,{Reading Instances[DISTANCE:EUCLIDEAN],AttractionTree[DISTANCE:CHEBYCHEV,DHC_SIGMA - 10.333334,DHC_THRESHOLD - 37.77778,DHC_MINPTS - 8.333333],DensityTree[DISTANCE:EUCLIDEAN,DHC_SIGMA - 10.333334,DHC_THRESHOLD - 37.77778,DHC_MINPTS - 8.333333],}
5,99.92457343487146,{Reading Instances[DISTANCE:EUCLIDEAN],AttractionTree[DISTANCE:CHEBYCHEV,DHC_SIGMA - 10.333334,DHC_THRESHOLD - 37.77778,DHC_MINPTS - 8.333333],DensityTree[DISTANCE:EUCLIDEAN,DHC_SIGMA - 10.333334,DHC_THRESHOLD - 37.77778,DHC_MINPTS - 8.333333],}
6,99.98653608565651,{Reading Instances[DISTANCE:EUCLIDEAN],ASH[DISTANCE:EUCLIDEAN,DENCLUE_SIGMA - 33.77778,DENCLUE_EPSILON - 11.155556],AttractionTree[DISTANCE:CHEBYCHEV,DHC_SIGMA - 2.5555556,DHC_THRESHOLD - 60.0,DHC_MINPTS - 16.666666],DensityTree[DISTANCE:EUCLIDEAN,DHC_SIGMA - 2.5555556,DHC_THRESHOLD - 60.0,DHC_MINPTS - 16.666666],}
7,99.98653608565651,{Reading Instances[DISTANCE:EUCLIDEAN],ASH[DISTANCE:EUCLIDEAN,DENCLUE_SIGMA - 33.77778,DENCLUE_EPSILON - 11.155556],AttractionTree[DISTANCE:CHEBYCHEV,DHC_SIGMA - 2.5555556,DHC_THRESHOLD - 60.0,DHC_MINPTS - 16.666666],DensityTree[DISTANCE:EUCLIDEAN,DHC_SIGMA - 2.5555556,DHC_THRESHOLD - 60.0,DHC_MINPTS - 16.666666],}
8,99.98653608565651,{Reading Instances[DISTANCE:EUCLIDEAN],ASH[DISTANCE:EUCLIDEAN,DENCLUE_SIGMA - 33.77778,DENCLUE_EPSILON - 11.155556],AttractionTree[DISTANCE:CHEBYCHEV,DHC_SIGMA - 2.5555556,DHC_THRESHOLD - 60.0,DHC_MINPTS - 16.666666],DensityTree[DISTANCE:EUCLIDEAN,DHC_SIGMA - 2.5555556,DHC_THRESHOLD - 60.0,DHC_MINPTS - 16.666666],}
9,99.98653608565651,{Reading Instances[DISTANCE:EUCLIDEAN],ASH[DISTANCE:EUCLIDEAN,DENCLUE_SIGMA - 33.77778,DENCLUE_EPSILON - 11.155556],AttractionTree[DISTANCE:CHEBYCHEV,DHC_SIGMA - 2.5555556,DHC_THRESHOLD - 60.0,DHC_MINPTS - 16.666666],DensityTree[DISTANCE:EUCLIDEAN,DHC_SIGMA - 2.5555556,DHC_THRESHOLD - 60.0,DHC_MINPTS - 16.666666],}
10,99.98653608565651,{Reading Instances[DISTANCE:EUCLIDEAN],ASH[DISTANCE:EUCLIDEAN,DENCLUE_SIGMA - 33.77778,DENCLUE_EPSILON - 11.155556],AttractionTree[DISTANCE:CHEBYCHEV,DHC_SIGMA - 2.5555556,DHC_THRESHOLD - 60.0,DHC_MINPTS - 16.666666],DensityTree[DISTANCE:EUCLIDEAN,DHC_SIGMA - 2.5555556,DHC_THRESHOLD - 60.0,DHC_MINPTS - 16.666666],}
1,99.90942436707986,{Reading Instances[DISTANCE:EUCLIDEAN],AttractionTree[DISTANCE:MANHATTAN,DHC_SIGMA - 13.444445,DHC_THRESHOLD - 48.888885,DHC_MINPTS - 11.666666],DensityTree[DISTANCE:EUCLIDEAN,DHC_SIGMA - 13.444445,DHC_THRESHOLD - 48.888885,DHC_MINPTS - 11.666666],}
2,99.90942436707986,{Reading Instances[DISTANCE:EUCLIDEAN],AttractionTree[DISTANCE:MANHATTAN,DHC_SIGMA - 13.444445,DHC_THRESHOLD - 48.888885,DHC_MINPTS - 11.666666],DensityTree[DISTANCE:EUCLIDEAN,DHC_SIGMA - 13.444445,DHC_THRESHOLD - 48.888885,DHC_MINPTS - 11.666666],}
3,99.90942436707986,{Reading Instances[DISTANCE:EUCLIDEAN],AttractionTree[DISTANCE:MANHATTAN,DHC_SIGMA - 13.444445,DHC_THRESHOLD - 48.888885,DHC_MINPTS - 11.666666],DensityTree[DISTANCE:EUCLIDEAN,DHC_SIGMA - 13.444445,DHC_THRESHOLD - 48.888885,DHC_MINPTS - 11.666666],}
4,99.90942436707986,{Reading Instances[DISTANCE:EUCLIDEAN],AttractionTree[DISTANCE:MANHATTAN,DHC_SIGMA - 13.444445,DHC_THRESHOLD - 48.888885,DHC_MINPTS - 11.666666],DensityTree[DISTANCE:EUCLIDEAN,DHC_SIGMA - 13.444445,DHC_THRESHOLD - 48.888885,DHC_MINPTS - 11.666666],}
5,99.92657274071996,{Reading Instances[DISTANCE:EUCLIDEAN],AttractionTree[DISTANCE:BRAYCURTIS,DHC_SIGMA - 15.0,DHC_THRESHOLD - 60.0,DHC_MINPTS - 10.0],DensityTree[DISTANCE:CHEBYCHEV,DHC_SIGMA - 15.0,DHC_THRESHOLD - 60.0,DHC_MINPTS - 10.0],}
6,99.92657274071996,{Reading Instances[DISTANCE:EUCLIDEAN],AttractionTree[DISTANCE:BRAYCURTIS,DHC_SIGMA - 15.0,DHC_THRESHOLD - 60.0,DHC_MINPTS - 10.0],DensityTree[DISTANCE:CHEBYCHEV,DHC_SIGMA - 15.0,DHC_THRESHOLD - 60.0,DHC_MINPTS - 10.0],}
7,99.92657274071996,{Reading Instances[DISTANCE:EUCLIDEAN],AttractionTree[DISTANCE:BRAYCURTIS,DHC_SIGMA - 15.0,DHC_THRESHOLD - 60.0,DHC_MINPTS - 10.0],DensityTree[DISTANCE:CHEBYCHEV,DHC_SIGMA - 15.0,DHC_THRESHOLD - 60.0,DHC_MINPTS - 10.0],}
8,99.92657274071996,{Reading Instances[DISTANCE:EUCLIDEAN],AttractionTree[DISTANCE:BRAYCURTIS,DHC_SIGMA - 15.0,DHC_THRESHOLD - 60.0,DHC_MINPTS - 10.0],DensityTree[DISTANCE:CHEBYCHEV,DHC_SIGMA - 15.0,DHC_THRESHOLD - 60.0,DHC_MINPTS - 10.0],}
9,99.92657274071996,{Reading Instances[DISTANCE:EUCLIDEAN],AttractionTree[DISTANCE:BRAYCURTIS,DHC_SIGMA - 15.0,DHC_THRESHOLD - 60.0,DHC_MINPTS - 10.0],DensityTree[DISTANCE:CHEBYCHEV,DHC_SIGMA - 15.0,DHC_THRESHOLD - 60.0,DHC_MINPTS - 10.0],}
10,99.92657274071996,{Reading Instances[DISTANCE:EUCLIDEAN],AttractionTree[DISTANCE:BRAYCURTIS,DHC_SIGMA - 15.0,DHC_THRESHOLD - 60.0,DHC_MINPTS - 10.0],DensityTree[DISTANCE:CHEBYCHEV,DHC_SIGMA - 15.0,DHC_THRESHOLD - 60.0,DHC_MINPTS - 10.0],}
1,99.92657274071996,{Reading Instances[DISTANCE:EUCLIDEAN],AttractionTree[DISTANCE:MANHATTAN,DHC_SIGMA - 15.0,DHC_THRESHOLD - 60.0,DHC_MINPTS - 20.0],DensityTree[DISTANCE:MANHATTAN,DHC_SIGMA - 15.0,DHC_THRESHOLD - 60.0,DHC_MINPTS - 20.0],}
2,99.92657274071996,{Reading Instances[DISTANCE:EUCLIDEAN],AttractionTree[DISTANCE:MANHATTAN,DHC_SIGMA - 15.0,DHC_THRESHOLD - 60.0,DHC_MINPTS - 20.0],DensityTree[DISTANCE:MANHATTAN,DHC_SIGMA - 15.0,DHC_THRESHOLD - 60.0,DHC_MINPTS - 20.0],}
3,99.92657274071996,{Reading Instances[DISTANCE:EUCLIDEAN],AttractionTree[DISTANCE:MANHATTAN,DHC_SIGMA - 15.0,DHC_THRESHOLD - 60.0,DHC_MINPTS - 20.0],DensityTree[DISTANCE:MANHATTAN,DHC_SIGMA - 15.0,DHC_THRESHOLD - 60.0,DHC_MINPTS - 20.0],}
4,99.92657274071996,{Reading Instances[DISTANCE:EUCLIDEAN],AttractionTree[DISTANCE:MANHATTAN,DHC_SIGMA - 15.0,DHC_THRESHOLD - 60.0,DHC_MINPTS - 20.0],DensityTree[DISTANCE:MANHATTAN,DHC_SIGMA - 15.0,DHC_THRESHOLD - 60.0,DHC_MINPTS - 20.0],}
5,99.99642526878894,{Reading Instances[DISTANCE:EUCLIDEAN],ASH[DISTANCE:MANHATTAN,DENCLUE_SIGMA - 27.222221,DENCLUE_EPSILON - 20.0],AttractionTree[DISTANCE:EUCLIDEAN,DHC_SIGMA - 7.2222223,DHC_THRESHOLD - 60.0,DHC_MINPTS - 20.0],DensityTree[DISTANCE:CHEBYCHEV,DHC_SIGMA - 7.2222223,DHC_THRESHOLD - 60.0,DHC_MINPTS - 20.0],}
6,99.99642526878894,{Reading Instances[DISTANCE:EUCLIDEAN],ASH[DISTANCE:MANHATTAN,DENCLUE_SIGMA - 27.222221,DENCLUE_EPSILON - 20.0],AttractionTree[DISTANCE:EUCLIDEAN,DHC_SIGMA - 7.2222223,DHC_THRESHOLD - 60.0,DHC_MINPTS - 20.0],DensityTree[DISTANCE:CHEBYCHEV,DHC_SIGMA - 7.2222223,DHC_THRESHOLD - 60.0,DHC_MINPTS - 20.0],}
7,99.99642526878894,{Reading Instances[DISTANCE:EUCLIDEAN],ASH[DISTANCE:MANHATTAN,DENCLUE_SIGMA - 27.222221,DENCLUE_EPSILON - 20.0],AttractionTree[DISTANCE:EUCLIDEAN,DHC_SIGMA - 7.2222223,DHC_THRESHOLD - 60.0,DHC_MINPTS - 20.0],DensityTree[DISTANCE:CHEBYCHEV,DHC_SIGMA - 7.2222223,DHC_THRESHOLD - 60.0,DHC_MINPTS - 20.0],}
8,99.99642526878894,{Reading Instances[DISTANCE:EUCLIDEAN],ASH[DISTANCE:MANHATTAN,DENCLUE_SIGMA - 27.222221,DENCLUE_EPSILON - 20.0],AttractionTree[DISTANCE:EUCLIDEAN,DHC_SIGMA - 7.2222223,DHC_THRESHOLD - 60.0,DHC_MINPTS - 20.0],DensityTree[DISTANCE:CHEBYCHEV,DHC_SIGMA - 7.2222223,DHC_THRESHOLD - 60.0,DHC_MINPTS - 20.0],}
9,99.99642526878894,{Reading Instances[DISTANCE:EUCLIDEAN],ASH[DISTANCE:MANHATTAN,DENCLUE_SIGMA - 27.222221,DENCLUE_EPSILON - 20.0],AttractionTree[DISTANCE:EUCLIDEAN,DHC_SIGMA - 7.2222223,DHC_THRESHOLD - 60.0,DHC_MINPTS - 20.0],DensityTree[DISTANCE:CHEBYCHEV,DHC_SIGMA - 7.2222223,DHC_THRESHOLD - 60.0,DHC_MINPTS - 20.0],}
10,99.99642526878894,{Reading Instances[DISTANCE:EUCLIDEAN],ASH[DISTANCE:MANHATTAN,DENCLUE_SIGMA - 27.222221,DENCLUE_EPSILON - 20.0],AttractionTree[DISTANCE:EUCLIDEAN,DHC_SIGMA - 7.2222223,DHC_THRESHOLD - 60.0,DHC_MINPTS - 20.0],DensityTree[DISTANCE:CHEBYCHEV,DHC_SIGMA - 7.2222223,DHC_THRESHOLD - 60.0,DHC_MINPTS - 20.0],}
1,99.90692748317966,{Reading Instances[DISTANCE:EUCLIDEAN],AttractionTree[DISTANCE:EUCLIDEAN,DHC_SIGMA - 15.0,DHC_THRESHOLD - 37.77778,DHC_MINPTS - 6.6666665],DensityTree[DISTANCE:EUCLIDEAN,DHC_SIGMA - 15.0,DHC_THRESHOLD - 37.77778,DHC_MINPTS - 6.6666665],}
2,99.92657274071996,{Reading Instances[DISTANCE:EUCLIDEAN],AttractionTree[DISTANCE:BRAYCURTIS,DHC_SIGMA - 15.0,DHC_THRESHOLD - 60.0,DHC_MINPTS - 15.0],DensityTree[DISTANCE:BRAYCURTIS,DHC_SIGMA - 15.0,DHC_THRESHOLD - 60.0,DHC_MINPTS - 15.0],}
3,99.92657274071996,{Reading Instances[DISTANCE:EUCLIDEAN],AttractionTree[DISTANCE:BRAYCURTIS,DHC_SIGMA - 15.0,DHC_THRESHOLD - 60.0,DHC_MINPTS - 15.0],DensityTree[DISTANCE:BRAYCURTIS,DHC_SIGMA - 15.0,DHC_THRESHOLD - 60.0,DHC_MINPTS - 15.0],}
4,99.95866058115237,{Reading Instances[DISTANCE:EUCLIDEAN],ASH[DISTANCE:EUCLIDEAN,DENCLUE_SIGMA - 60.0,DENCLUE_EPSILON - 11.155556],AttractionTree[DISTANCE:BRAYCURTIS,DHC_SIGMA - 2.5555556,DHC_THRESHOLD - 60.0,DHC_MINPTS - 10.0],DensityTree[DISTANCE:EUCLIDEAN,DHC_SIGMA - 2.5555556,DHC_THRESHOLD - 60.0,DHC_MINPTS - 10.0],}
5,99.96490761976735,{Reading Instances[DISTANCE:EUCLIDEAN],ASH[DISTANCE:MANHATTAN,DENCLUE_SIGMA - 53.444443,DENCLUE_EPSILON - 20.0],AttractionTree[DISTANCE:MANHATTAN,DHC_SIGMA - 13.444445,DHC_THRESHOLD - 60.0,DHC_MINPTS - 15.0],DensityTree[DISTANCE:BRAYCURTIS,DHC_SIGMA - 13.444445,DHC_THRESHOLD - 60.0,DHC_MINPTS - 15.0],}
6,99.96490761976735,{Reading Instances[DISTANCE:EUCLIDEAN],ASH[DISTANCE:MANHATTAN,DENCLUE_SIGMA - 53.444443,DENCLUE_EPSILON - 20.0],AttractionTree[DISTANCE:MANHATTAN,DHC_SIGMA - 13.444445,DHC_THRESHOLD - 60.0,DHC_MINPTS - 15.0],DensityTree[DISTANCE:BRAYCURTIS,DHC_SIGMA - 13.444445,DHC_THRESHOLD - 60.0,DHC_MINPTS - 15.0],}
7,99.96490761976735,{Reading Instances[DISTANCE:EUCLIDEAN],ASH[DISTANCE:MANHATTAN,DENCLUE_SIGMA - 53.444443,DENCLUE_EPSILON - 20.0],AttractionTree[DISTANCE:MANHATTAN,DHC_SIGMA - 13.444445,DHC_THRESHOLD - 60.0,DHC_MINPTS - 15.0],DensityTree[DISTANCE:BRAYCURTIS,DHC_SIGMA - 13.444445,DHC_THRESHOLD - 60.0,DHC_MINPTS - 15.0],}
8,99.96490761976735,{Reading Instances[DISTANCE:EUCLIDEAN],ASH[DISTANCE:MANHATTAN,DENCLUE_SIGMA - 53.444443,DENCLUE_EPSILON - 20.0],AttractionTree[DISTANCE:MANHATTAN,DHC_SIGMA - 13.444445,DHC_THRESHOLD - 60.0,DHC_MINPTS - 15.0],DensityTree[DISTANCE:BRAYCURTIS,DHC_SIGMA - 13.444445,DHC_THRESHOLD - 60.0,DHC_MINPTS - 15.0],}
9,99.96490761976735,{Reading Instances[DISTANCE:EUCLIDEAN],ASH[DISTANCE:MANHATTAN,DENCLUE_SIGMA - 53.444443,DENCLUE_EPSILON - 20.0],AttractionTree[DISTANCE:MANHATTAN,DHC_SIGMA - 13.444445,DHC_THRESHOLD - 60.0,DHC_MINPTS - 15.0],DensityTree[DISTANCE:BRAYCURTIS,DHC_SIGMA - 13.444445,DHC_THRESHOLD - 60.0,DHC_MINPTS - 15.0],}
10,99.96490761976735,{Reading Instances[DISTANCE:EUCLIDEAN],ASH[DISTANCE:MANHATTAN,DENCLUE_SIGMA - 53.444443,DENCLUE_EPSILON - 20.0],AttractionTree[DISTANCE:MANHATTAN,DHC_SIGMA - 13.444445,DHC_THRESHOLD - 60.0,DHC_MINPTS - 15.0],DensityTree[DISTANCE:BRAYCURTIS,DHC_SIGMA - 13.444445,DHC_THRESHOLD - 60.0,DHC_MINPTS - 15.0],}
1,99.92457343487146,{Reading Instances[DISTANCE:EUCLIDEAN],AttractionTree[DISTANCE:BRAYCURTIS,DHC_SIGMA - 10.333334,DHC_THRESHOLD - 37.77778,DHC_MINPTS - 15.0],DensityTree[DISTANCE:CHEBYCHEV,DHC_SIGMA - 10.333334,DHC_THRESHOLD - 37.77778,DHC_MINPTS - 15.0],}
2,99.92457343487146,{Reading Instances[DISTANCE:EUCLIDEAN],AttractionTree[DISTANCE:BRAYCURTIS,DHC_SIGMA - 10.333334,DHC_THRESHOLD - 37.77778,DHC_MINPTS - 15.0],DensityTree[DISTANCE:CHEBYCHEV,DHC_SIGMA - 10.333334,DHC_THRESHOLD - 37.77778,DHC_MINPTS - 15.0],}
3,99.92457343487146,{Reading Instances[DISTANCE:EUCLIDEAN],AttractionTree[DISTANCE:BRAYCURTIS,DHC_SIGMA - 10.333334,DHC_THRESHOLD - 37.77778,DHC_MINPTS - 15.0],DensityTree[DISTANCE:CHEBYCHEV,DHC_SIGMA - 10.333334,DHC_THRESHOLD - 37.77778,DHC_MINPTS - 15.0],}
4,99.92457343487146,{Reading Instances[DISTANCE:EUCLIDEAN],AttractionTree[DISTANCE:BRAYCURTIS,DHC_SIGMA - 10.333334,DHC_THRESHOLD - 37.77778,DHC_MINPTS - 15.0],DensityTree[DISTANCE:CHEBYCHEV,DHC_SIGMA - 10.333334,DHC_THRESHOLD - 37.77778,DHC_MINPTS - 15.0],}
5,99.92457343487146,{Reading Instances[DISTANCE:EUCLIDEAN],AttractionTree[DISTANCE:BRAYCURTIS,DHC_SIGMA - 10.333334,DHC_THRESHOLD - 37.77778,DHC_MINPTS - 15.0],DensityTree[DISTANCE:CHEBYCHEV,DHC_SIGMA - 10.333334,DHC_THRESHOLD - 37.77778,DHC_MINPTS - 15.0],}
6,99.92457343487146,{Reading Instances[DISTANCE:EUCLIDEAN],AttractionTree[DISTANCE:BRAYCURTIS,DHC_SIGMA - 10.333334,DHC_THRESHOLD - 37.77778,DHC_MINPTS - 15.0],DensityTree[DISTANCE:CHEBYCHEV,DHC_SIGMA - 10.333334,DHC_THRESHOLD - 37.77778,DHC_MINPTS - 15.0],}
7,99.92457343487146,{Reading Instances[DISTANCE:EUCLIDEAN],AttractionTree[DISTANCE:BRAYCURTIS,DHC_SIGMA - 10.333334,DHC_THRESHOLD - 37.77778,DHC_MINPTS - 15.0],DensityTree[DISTANCE:CHEBYCHEV,DHC_SIGMA - 10.333334,DHC_THRESHOLD - 37.77778,DHC_MINPTS - 15.0],}
8,99.92457343487146,{Reading Instances[DISTANCE:EUCLIDEAN],AttractionTree[DISTANCE:BRAYCURTIS,DHC_SIGMA - 10.333334,DHC_THRESHOLD - 37.77778,DHC_MINPTS - 15.0],DensityTree[DISTANCE:CHEBYCHEV,DHC_SIGMA - 10.333334,DHC_THRESHOLD - 37.77778,DHC_MINPTS - 15.0],}
9,99.92457343487146,{Reading Instances[DISTANCE:EUCLIDEAN],AttractionTree[DISTANCE:BRAYCURTIS,DHC_SIGMA - 10.333334,DHC_THRESHOLD - 37.77778,DHC_MINPTS - 15.0],DensityTree[DISTANCE:CHEBYCHEV,DHC_SIGMA - 10.333334,DHC_THRESHOLD - 37.77778,DHC_MINPTS - 15.0],}
10,99.92457343487146,{Reading Instances[DISTANCE:EUCLIDEAN],AttractionTree[DISTANCE:BRAYCURTIS,DHC_SIGMA - 10.333334,DHC_THRESHOLD - 37.77778,DHC_MINPTS - 15.0],DensityTree[DISTANCE:CHEBYCHEV,DHC_SIGMA - 10.333334,DHC_THRESHOLD - 37.77778,DHC_MINPTS - 15.0],}
1,99.50101976376563,{Reading Instances[DISTANCE:EUCLIDEAN],DenseAreas[DISTANCE:EUCLIDEAN,CLIQUE_SLICES - 7.111111,CLIQUE_THRESHOLD - 0.1333334],ClustersByAttractors[DISTANCE:CHEBYCHEV,DENCLUE_SIGMA - 14.111111,DENCLUE_EPSILON - 15.577778],}
2,99.8482952323366,{Reading Instances[DISTANCE:EUCLIDEAN],AttractionTree[DISTANCE:MANHATTAN,DHC_SIGMA - 5.666667,DHC_THRESHOLD - 43.333332,DHC_MINPTS - 8.333333],DensityTree[DISTANCE:BRAYCURTIS,DHC_SIGMA - 5.666667,DHC_THRESHOLD - 43.333332,DHC_MINPTS - 8.333333],}
3,99.92657274071996,{Reading Instances[DISTANCE:EUCLIDEAN],AttractionTree[DISTANCE:BRAYCURTIS,DHC_SIGMA - 15.0,DHC_THRESHOLD - 60.0,DHC_MINPTS - 20.0],DensityTree[DISTANCE:MANHATTAN,DHC_SIGMA - 15.0,DHC_THRESHOLD - 60.0,DHC_MINPTS - 20.0],}
4,99.92657274071996,{Reading Instances[DISTANCE:EUCLIDEAN],AttractionTree[DISTANCE:CHEBYCHEV,DHC_SIGMA - 15.0,DHC_THRESHOLD - 60.0,DHC_MINPTS - 16.666666],DensityTree[DISTANCE:CHEBYCHEV,DHC_SIGMA - 15.0,DHC_THRESHOLD - 60.0,DHC_MINPTS - 16.666666],}
5,99.92657274071996,{Reading Instances[DISTANCE:EUCLIDEAN],AttractionTree[DISTANCE:CHEBYCHEV,DHC_SIGMA - 15.0,DHC_THRESHOLD - 60.0,DHC_MINPTS - 16.666666],DensityTree[DISTANCE:CHEBYCHEV,DHC_SIGMA - 15.0,DHC_THRESHOLD - 60.0,DHC_MINPTS - 16.666666],}
6,99.92657274071996,{Reading Instances[DISTANCE:EUCLIDEAN],AttractionTree[DISTANCE:CHEBYCHEV,DHC_SIGMA - 15.0,DHC_THRESHOLD - 60.0,DHC_MINPTS - 16.666666],DensityTree[DISTANCE:CHEBYCHEV,DHC_SIGMA - 15.0,DHC_THRESHOLD - 60.0,DHC_MINPTS - 16.666666],}
7,99.92657274071996,{Reading Instances[DISTANCE:EUCLIDEAN],AttractionTree[DISTANCE:CHEBYCHEV,DHC_SIGMA - 15.0,DHC_THRESHOLD - 60.0,DHC_MINPTS - 16.666666],DensityTree[DISTANCE:CHEBYCHEV,DHC_SIGMA - 15.0,DHC_THRESHOLD - 60.0,DHC_MINPTS - 16.666666],}
8,99.92657274071996,{Reading Instances[DISTANCE:EUCLIDEAN],AttractionTree[DISTANCE:CHEBYCHEV,DHC_SIGMA - 15.0,DHC_THRESHOLD - 60.0,DHC_MINPTS - 10.0],DensityTree[DISTANCE:BRAYCURTIS,DHC_SIGMA - 15.0,DHC_THRESHOLD - 60.0,DHC_MINPTS - 10.0],}
9,99.92657274071996,{Reading Instances[DISTANCE:EUCLIDEAN],AttractionTree[DISTANCE:CHEBYCHEV,DHC_SIGMA - 15.0,DHC_THRESHOLD - 60.0,DHC_MINPTS - 10.0],DensityTree[DISTANCE:BRAYCURTIS,DHC_SIGMA - 15.0,DHC_THRESHOLD - 60.0,DHC_MINPTS - 10.0],}
10,99.92657274071996,{Reading Instances[DISTANCE:EUCLIDEAN],AttractionTree[DISTANCE:CHEBYCHEV,DHC_SIGMA - 15.0,DHC_THRESHOLD - 60.0,DHC_MINPTS - 10.0],DensityTree[DISTANCE:BRAYCURTIS,DHC_SIGMA - 15.0,DHC_THRESHOLD - 60.0,DHC_MINPTS - 10.0],}
1,99.92457343487146,{Reading Instances[DISTANCE:EUCLIDEAN],AttractionTree[DISTANCE:MANHATTAN,DHC_SIGMA - 10.333334,DHC_THRESHOLD - 37.77778,DHC_MINPTS - 8.333333],DensityTree[DISTANCE:BRAYCURTIS,DHC_SIGMA - 10.333334,DHC_THRESHOLD - 37.77778,DHC_MINPTS - 8.333333],}
2,99.92457343487146,{Reading Instances[DISTANCE:EUCLIDEAN],AttractionTree[DISTANCE:MANHATTAN,DHC_SIGMA - 10.333334,DHC_THRESHOLD - 37.77778,DHC_MINPTS - 8.333333],DensityTree[DISTANCE:BRAYCURTIS,DHC_SIGMA - 10.333334,DHC_THRESHOLD - 37.77778,DHC_MINPTS - 8.333333],}
3,99.92657274071996,{Reading Instances[DISTANCE:EUCLIDEAN],AttractionTree[DISTANCE:CHEBYCHEV,DHC_SIGMA - 15.0,DHC_THRESHOLD - 60.0,DHC_MINPTS - 20.0],DensityTree[DISTANCE:BRAYCURTIS,DHC_SIGMA - 15.0,DHC_THRESHOLD - 60.0,DHC_MINPTS - 20.0],}
4,99.96490761976735,{Reading Instances[DISTANCE:EUCLIDEAN],ASH[DISTANCE:EUCLIDEAN,DENCLUE_SIGMA - 53.444443,DENCLUE_EPSILON - 15.577778],AttractionTree[DISTANCE:BRAYCURTIS,DHC_SIGMA - 4.111111,DHC_THRESHOLD - 60.0,DHC_MINPTS - 8.333333],DensityTree[DISTANCE:EUCLIDEAN,DHC_SIGMA - 4.111111,DHC_THRESHOLD - 60.0,DHC_MINPTS - 8.333333],}
5,99.96490761976735,{Reading Instances[DISTANCE:EUCLIDEAN],ASH[DISTANCE:EUCLIDEAN,DENCLUE_SIGMA - 53.444443,DENCLUE_EPSILON - 15.577778],AttractionTree[DISTANCE:BRAYCURTIS,DHC_SIGMA - 4.111111,DHC_THRESHOLD - 60.0,DHC_MINPTS - 8.333333],DensityTree[DISTANCE:EUCLIDEAN,DHC_SIGMA - 4.111111,DHC_THRESHOLD - 60.0,DHC_MINPTS - 8.333333],}
6,99.96490761976735,{Reading Instances[DISTANCE:EUCLIDEAN],ASH[DISTANCE:EUCLIDEAN,DENCLUE_SIGMA - 53.444443,DENCLUE_EPSILON - 15.577778],AttractionTree[DISTANCE:BRAYCURTIS,DHC_SIGMA - 4.111111,DHC_THRESHOLD - 60.0,DHC_MINPTS - 8.333333],DensityTree[DISTANCE:EUCLIDEAN,DHC_SIGMA - 4.111111,DHC_THRESHOLD - 60.0,DHC_MINPTS - 8.333333],}
7,99.96490761976735,{Reading Instances[DISTANCE:EUCLIDEAN],ASH[DISTANCE:EUCLIDEAN,DENCLUE_SIGMA - 53.444443,DENCLUE_EPSILON - 15.577778],AttractionTree[DISTANCE:BRAYCURTIS,DHC_SIGMA - 4.111111,DHC_THRESHOLD - 60.0,DHC_MINPTS - 8.333333],DensityTree[DISTANCE:EUCLIDEAN,DHC_SIGMA - 4.111111,DHC_THRESHOLD - 60.0,DHC_MINPTS - 8.333333],}
8,99.96490761976735,{Reading Instances[DISTANCE:EUCLIDEAN],ASH[DISTANCE:EUCLIDEAN,DENCLUE_SIGMA - 53.444443,DENCLUE_EPSILON - 15.577778],AttractionTree[DISTANCE:BRAYCURTIS,DHC_SIGMA - 4.111111,DHC_THRESHOLD - 60.0,DHC_MINPTS - 8.333333],DensityTree[DISTANCE:EUCLIDEAN,DHC_SIGMA - 4.111111,DHC_THRESHOLD - 60.0,DHC_MINPTS - 8.333333],}
9,99.96490761976735,{Reading Instances[DISTANCE:EUCLIDEAN],ASH[DISTANCE:EUCLIDEAN,DENCLUE_SIGMA - 53.444443,DENCLUE_EPSILON - 15.577778],AttractionTree[DISTANCE:BRAYCURTIS,DHC_SIGMA - 4.111111,DHC_THRESHOLD - 60.0,DHC_MINPTS - 8.333333],DensityTree[DISTANCE:EUCLIDEAN,DHC_SIGMA - 4.111111,DHC_THRESHOLD - 60.0,DHC_MINPTS - 8.333333],}
10,99.96490761976735,{Reading Instances[DISTANCE:EUCLIDEAN],ASH[DISTANCE:EUCLIDEAN,DENCLUE_SIGMA - 53.444443,DENCLUE_EPSILON - 15.577778],AttractionTree[DISTANCE:BRAYCURTIS,DHC_SIGMA - 4.111111,DHC_THRESHOLD - 60.0,DHC_MINPTS - 8.333333],DensityTree[DISTANCE:EUCLIDEAN,DHC_SIGMA - 4.111111,DHC_THRESHOLD - 60.0,DHC_MINPTS - 8.333333],}
1,99.92044342932441,{Reading Instances[DISTANCE:EUCLIDEAN],AttractionTree[DISTANCE:EUCLIDEAN,DHC_SIGMA - 11.888889,DHC_THRESHOLD - 43.333332,DHC_MINPTS - 11.666666],DensityTree[DISTANCE:EUCLIDEAN,DHC_SIGMA - 11.888889,DHC_THRESHOLD - 43.333332,DHC_MINPTS - 11.666666],}
2,99.92044342932441,{Reading Instances[DISTANCE:EUCLIDEAN],AttractionTree[DISTANCE:EUCLIDEAN,DHC_SIGMA - 11.888889,DHC_THRESHOLD - 43.333332,DHC_MINPTS - 11.666666],DensityTree[DISTANCE:EUCLIDEAN,DHC_SIGMA - 11.888889,DHC_THRESHOLD - 43.333332,DHC_MINPTS - 11.666666],}
3,99.92044342932441,{Reading Instances[DISTANCE:EUCLIDEAN],AttractionTree[DISTANCE:EUCLIDEAN,DHC_SIGMA - 11.888889,DHC_THRESHOLD - 43.333332,DHC_MINPTS - 11.666666],DensityTree[DISTANCE:EUCLIDEAN,DHC_SIGMA - 11.888889,DHC_THRESHOLD - 43.333332,DHC_MINPTS - 11.666666],}
4,99.99642526878894,{Reading Instances[DISTANCE:EUCLIDEAN],ASH[DISTANCE:EUCLIDEAN,DENCLUE_SIGMA - 27.222221,DENCLUE_EPSILON - 6.733333],AttractionTree[DISTANCE:EUCLIDEAN,DHC_SIGMA - 7.2222223,DHC_THRESHOLD - 60.0,DHC_MINPTS - 11.666666],DensityTree[DISTANCE:MANHATTAN,DHC_SIGMA - 7.2222223,DHC_THRESHOLD - 60.0,DHC_MINPTS - 11.666666],}
5,99.99642526878894,{Reading Instances[DISTANCE:EUCLIDEAN],ASH[DISTANCE:EUCLIDEAN,DENCLUE_SIGMA - 27.222221,DENCLUE_EPSILON - 6.733333],AttractionTree[DISTANCE:EUCLIDEAN,DHC_SIGMA - 7.2222223,DHC_THRESHOLD - 60.0,DHC_MINPTS - 11.666666],DensityTree[DISTANCE:MANHATTAN,DHC_SIGMA - 7.2222223,DHC_THRESHOLD - 60.0,DHC_MINPTS - 11.666666],}
6,99.99642526878894,{Reading Instances[DISTANCE:EUCLIDEAN],ASH[DISTANCE:EUCLIDEAN,DENCLUE_SIGMA - 27.222221,DENCLUE_EPSILON - 6.733333],AttractionTree[DISTANCE:EUCLIDEAN,DHC_SIGMA - 7.2222223,DHC_THRESHOLD - 60.0,DHC_MINPTS - 11.666666],DensityTree[DISTANCE:MANHATTAN,DHC_SIGMA - 7.2222223,DHC_THRESHOLD - 60.0,DHC_MINPTS - 11.666666],}
7,99.99642526878894,{Reading Instances[DISTANCE:EUCLIDEAN],ASH[DISTANCE:EUCLIDEAN,DENCLUE_SIGMA - 27.222221,DENCLUE_EPSILON - 6.733333],AttractionTree[DISTANCE:EUCLIDEAN,DHC_SIGMA - 7.2222223,DHC_THRESHOLD - 60.0,DHC_MINPTS - 11.666666],DensityTree[DISTANCE:MANHATTAN,DHC_SIGMA - 7.2222223,DHC_THRESHOLD - 60.0,DHC_MINPTS - 11.666666],}
8,99.99642526878894,{Reading Instances[DISTANCE:EUCLIDEAN],ASH[DISTANCE:EUCLIDEAN,DENCLUE_SIGMA - 27.222221,DENCLUE_EPSILON - 6.733333],AttractionTree[DISTANCE:EUCLIDEAN,DHC_SIGMA - 7.2222223,DHC_THRESHOLD - 60.0,DHC_MINPTS - 11.666666],DensityTree[DISTANCE:MANHATTAN,DHC_SIGMA - 7.2222223,DHC_THRESHOLD - 60.0,DHC_MINPTS - 11.666666],}
9,99.99642526878894,{Reading Instances[DISTANCE:EUCLIDEAN],ASH[DISTANCE:EUCLIDEAN,DENCLUE_SIGMA - 27.222221,DENCLUE_EPSILON - 6.733333],AttractionTree[DISTANCE:EUCLIDEAN,DHC_SIGMA - 7.2222223,DHC_THRESHOLD - 60.0,DHC_MINPTS - 11.666666],DensityTree[DISTANCE:MANHATTAN,DHC_SIGMA - 7.2222223,DHC_THRESHOLD - 60.0,DHC_MINPTS - 11.666666],}
10,99.99642526878894,{Reading Instances[DISTANCE:EUCLIDEAN],ASH[DISTANCE:EUCLIDEAN,DENCLUE_SIGMA - 27.222221,DENCLUE_EPSILON - 6.733333],AttractionTree[DISTANCE:EUCLIDEAN,DHC_SIGMA - 7.2222223,DHC_THRESHOLD - 60.0,DHC_MINPTS - 11.666666],DensityTree[DISTANCE:MANHATTAN,DHC_SIGMA - 7.2222223,DHC_THRESHOLD - 60.0,DHC_MINPTS - 11.666666],}
1,99.98653608565651,{Reading Instances[DISTANCE:EUCLIDEAN],ASH[DISTANCE:CHEBYCHEV,DENCLUE_SIGMA - 33.77778,DENCLUE_EPSILON - 2.311111],AttractionTree[DISTANCE:EUCLIDEAN,DHC_SIGMA - 11.888889,DHC_THRESHOLD - 60.0,DHC_MINPTS - 15.0],DensityTree[DISTANCE:MANHATTAN,DHC_SIGMA - 11.888889,DHC_THRESHOLD - 60.0,DHC_MINPTS - 15.0],}
2,99.98653608565651,{Reading Instances[DISTANCE:EUCLIDEAN],ASH[DISTANCE:CHEBYCHEV,DENCLUE_SIGMA - 33.77778,DENCLUE_EPSILON - 2.311111],AttractionTree[DISTANCE:EUCLIDEAN,DHC_SIGMA - 11.888889,DHC_THRESHOLD - 60.0,DHC_MINPTS - 15.0],DensityTree[DISTANCE:MANHATTAN,DHC_SIGMA - 11.888889,DHC_THRESHOLD - 60.0,DHC_MINPTS - 15.0],}
3,99.98653608565651,{Reading Instances[DISTANCE:EUCLIDEAN],ASH[DISTANCE:CHEBYCHEV,DENCLUE_SIGMA - 33.77778,DENCLUE_EPSILON - 2.311111],AttractionTree[DISTANCE:EUCLIDEAN,DHC_SIGMA - 11.888889,DHC_THRESHOLD - 60.0,DHC_MINPTS - 15.0],DensityTree[DISTANCE:MANHATTAN,DHC_SIGMA - 11.888889,DHC_THRESHOLD - 60.0,DHC_MINPTS - 15.0],}
4,99.98653608565651,{Reading Instances[DISTANCE:EUCLIDEAN],ASH[DISTANCE:CHEBYCHEV,DENCLUE_SIGMA - 33.77778,DENCLUE_EPSILON - 2.311111],AttractionTree[DISTANCE:EUCLIDEAN,DHC_SIGMA - 11.888889,DHC_THRESHOLD - 60.0,DHC_MINPTS - 15.0],DensityTree[DISTANCE:MANHATTAN,DHC_SIGMA - 11.888889,DHC_THRESHOLD - 60.0,DHC_MINPTS - 15.0],}
5,99.98653608565651,{Reading Instances[DISTANCE:EUCLIDEAN],ASH[DISTANCE:CHEBYCHEV,DENCLUE_SIGMA - 33.77778,DENCLUE_EPSILON - 2.311111],AttractionTree[DISTANCE:EUCLIDEAN,DHC_SIGMA - 11.888889,DHC_THRESHOLD - 60.0,DHC_MINPTS - 15.0],DensityTree[DISTANCE:MANHATTAN,DHC_SIGMA - 11.888889,DHC_THRESHOLD - 60.0,DHC_MINPTS - 15.0],}
6,99.98653608565651,{Reading Instances[DISTANCE:EUCLIDEAN],ASH[DISTANCE:CHEBYCHEV,DENCLUE_SIGMA - 33.77778,DENCLUE_EPSILON - 2.311111],AttractionTree[DISTANCE:EUCLIDEAN,DHC_SIGMA - 11.888889,DHC_THRESHOLD - 60.0,DHC_MINPTS - 15.0],DensityTree[DISTANCE:MANHATTAN,DHC_SIGMA - 11.888889,DHC_THRESHOLD - 60.0,DHC_MINPTS - 15.0],}
7,99.98653608565651,{Reading Instances[DISTANCE:EUCLIDEAN],ASH[DISTANCE:CHEBYCHEV,DENCLUE_SIGMA - 33.77778,DENCLUE_EPSILON - 2.311111],AttractionTree[DISTANCE:EUCLIDEAN,DHC_SIGMA - 11.888889,DHC_THRESHOLD - 60.0,DHC_MINPTS - 15.0],DensityTree[DISTANCE:MANHATTAN,DHC_SIGMA - 11.888889,DHC_THRESHOLD - 60.0,DHC_MINPTS - 15.0],}
8,99.98653608565651,{Reading Instances[DISTANCE:EUCLIDEAN],ASH[DISTANCE:CHEBYCHEV,DENCLUE_SIGMA - 33.77778,DENCLUE_EPSILON - 2.311111],AttractionTree[DISTANCE:EUCLIDEAN,DHC_SIGMA - 11.888889,DHC_THRESHOLD - 60.0,DHC_MINPTS - 15.0],DensityTree[DISTANCE:MANHATTAN,DHC_SIGMA - 11.888889,DHC_THRESHOLD - 60.0,DHC_MINPTS - 15.0],}
9,99.98653608565651,{Reading Instances[DISTANCE:EUCLIDEAN],ASH[DISTANCE:CHEBYCHEV,DENCLUE_SIGMA - 33.77778,DENCLUE_EPSILON - 2.311111],AttractionTree[DISTANCE:EUCLIDEAN,DHC_SIGMA - 11.888889,DHC_THRESHOLD - 60.0,DHC_MINPTS - 15.0],DensityTree[DISTANCE:MANHATTAN,DHC_SIGMA - 11.888889,DHC_THRESHOLD - 60.0,DHC_MINPTS - 15.0],}
10,99.98653608565651,{Reading Instances[DISTANCE:EUCLIDEAN],ASH[DISTANCE:CHEBYCHEV,DENCLUE_SIGMA - 33.77778,DENCLUE_EPSILON - 2.311111],AttractionTree[DISTANCE:EUCLIDEAN,DHC_SIGMA - 11.888889,DHC_THRESHOLD - 60.0,DHC_MINPTS - 15.0],DensityTree[DISTANCE:MANHATTAN,DHC_SIGMA - 11.888889,DHC_THRESHOLD - 60.0,DHC_MINPTS - 15.0],}
1,99.95866058115237,{Reading Instances[DISTANCE:EUCLIDEAN],ASH[DISTANCE:MANHATTAN,DENCLUE_SIGMA - 60.0,DENCLUE_EPSILON - 13.366667],AttractionTree[DISTANCE:MANHATTAN,DHC_SIGMA - 5.666667,DHC_THRESHOLD - 60.0,DHC_MINPTS - 8.333333],DensityTree[DISTANCE:BRAYCURTIS,DHC_SIGMA - 5.666667,DHC_THRESHOLD - 60.0,DHC_MINPTS - 8.333333],}
2,99.95866058115237,{Reading Instances[DISTANCE:EUCLIDEAN],ASH[DISTANCE:MANHATTAN,DENCLUE_SIGMA - 60.0,DENCLUE_EPSILON - 13.366667],AttractionTree[DISTANCE:MANHATTAN,DHC_SIGMA - 5.666667,DHC_THRESHOLD - 60.0,DHC_MINPTS - 8.333333],DensityTree[DISTANCE:BRAYCURTIS,DHC_SIGMA - 5.666667,DHC_THRESHOLD - 60.0,DHC_MINPTS - 8.333333],}
3,99.95866058115237,{Reading Instances[DISTANCE:EUCLIDEAN],ASH[DISTANCE:MANHATTAN,DENCLUE_SIGMA - 60.0,DENCLUE_EPSILON - 13.366667],AttractionTree[DISTANCE:MANHATTAN,DHC_SIGMA - 5.666667,DHC_THRESHOLD - 60.0,DHC_MINPTS - 8.333333],DensityTree[DISTANCE:BRAYCURTIS,DHC_SIGMA - 5.666667,DHC_THRESHOLD - 60.0,DHC_MINPTS - 8.333333],}
4,99.95866058115237,{Reading Instances[DISTANCE:EUCLIDEAN],ASH[DISTANCE:MANHATTAN,DENCLUE_SIGMA - 60.0,DENCLUE_EPSILON - 13.366667],AttractionTree[DISTANCE:MANHATTAN,DHC_SIGMA - 5.666667,DHC_THRESHOLD - 60.0,DHC_MINPTS - 8.333333],DensityTree[DISTANCE:BRAYCURTIS,DHC_SIGMA - 5.666667,DHC_THRESHOLD - 60.0,DHC_MINPTS - 8.333333],}
5,99.95866058115237,{Reading Instances[DISTANCE:EUCLIDEAN],ASH[DISTANCE:MANHATTAN,DENCLUE_SIGMA - 60.0,DENCLUE_EPSILON - 13.366667],AttractionTree[DISTANCE:MANHATTAN,DHC_SIGMA - 5.666667,DHC_THRESHOLD - 60.0,DHC_MINPTS - 8.333333],DensityTree[DISTANCE:BRAYCURTIS,DHC_SIGMA - 5.666667,DHC_THRESHOLD - 60.0,DHC_MINPTS - 8.333333],}
6,99.95866058115237,{Reading Instances[DISTANCE:EUCLIDEAN],ASH[DISTANCE:MANHATTAN,DENCLUE_SIGMA - 60.0,DENCLUE_EPSILON - 13.366667],AttractionTree[DISTANCE:MANHATTAN,DHC_SIGMA - 5.666667,DHC_THRESHOLD - 60.0,DHC_MINPTS - 8.333333],DensityTree[DISTANCE:BRAYCURTIS,DHC_SIGMA - 5.666667,DHC_THRESHOLD - 60.0,DHC_MINPTS - 8.333333],}
7,99.97302612854475,{Reading Instances[DISTANCE:EUCLIDEAN],ASH[DISTANCE:BRAYCURTIS,DENCLUE_SIGMA - 20.666666,DENCLUE_EPSILON - 20.0],AttractionTree[DISTANCE:BRAYCURTIS,DHC_SIGMA - 10.333334,DHC_THRESHOLD - 54.444443,DHC_MINPTS - 10.0],DensityTree[DISTANCE:BRAYCURTIS,DHC_SIGMA - 10.333334,DHC_THRESHOLD - 54.444443,DHC_MINPTS - 10.0],}
8,99.97302612854475,{Reading Instances[DISTANCE:EUCLIDEAN],ASH[DISTANCE:BRAYCURTIS,DENCLUE_SIGMA - 20.666666,DENCLUE_EPSILON - 20.0],AttractionTree[DISTANCE:BRAYCURTIS,DHC_SIGMA - 10.333334,DHC_THRESHOLD - 54.444443,DHC_MINPTS - 10.0],DensityTree[DISTANCE:BRAYCURTIS,DHC_SIGMA - 10.333334,DHC_THRESHOLD - 54.444443,DHC_MINPTS - 10.0],}
9,99.97302612854475,{Reading Instances[DISTANCE:EUCLIDEAN],ASH[DISTANCE:BRAYCURTIS,DENCLUE_SIGMA - 20.666666,DENCLUE_EPSILON - 20.0],AttractionTree[DISTANCE:BRAYCURTIS,DHC_SIGMA - 10.333334,DHC_THRESHOLD - 54.444443,DHC_MINPTS - 10.0],DensityTree[DISTANCE:BRAYCURTIS,DHC_SIGMA - 10.333334,DHC_THRESHOLD - 54.444443,DHC_MINPTS - 10.0],}
10,99.97302612854475,{Reading Instances[DISTANCE:EUCLIDEAN],ASH[DISTANCE:BRAYCURTIS,DENCLUE_SIGMA - 20.666666,DENCLUE_EPSILON - 20.0],AttractionTree[DISTANCE:BRAYCURTIS,DHC_SIGMA - 10.333334,DHC_THRESHOLD - 54.444443,DHC_MINPTS - 10.0],DensityTree[DISTANCE:BRAYCURTIS,DHC_SIGMA - 10.333334,DHC_THRESHOLD - 54.444443,DHC_MINPTS - 10.0],}
1,99.92457343487146,{Reading Instances[DISTANCE:EUCLIDEAN],AttractionTree[DISTANCE:EUCLIDEAN,DHC_SIGMA - 10.333334,DHC_THRESHOLD - 37.77778,DHC_MINPTS - 18.333332],DensityTree[DISTANCE:BRAYCURTIS,DHC_SIGMA - 10.333334,DHC_THRESHOLD - 37.77778,DHC_MINPTS - 18.333332],}
2,99.92457343487146,{Reading Instances[DISTANCE:EUCLIDEAN],AttractionTree[DISTANCE:EUCLIDEAN,DHC_SIGMA - 10.333334,DHC_THRESHOLD - 37.77778,DHC_MINPTS - 18.333332],DensityTree[DISTANCE:BRAYCURTIS,DHC_SIGMA - 10.333334,DHC_THRESHOLD - 37.77778,DHC_MINPTS - 18.333332],}
3,99.92457343487146,{Reading Instances[DISTANCE:EUCLIDEAN],AttractionTree[DISTANCE:EUCLIDEAN,DHC_SIGMA - 10.333334,DHC_THRESHOLD - 37.77778,DHC_MINPTS - 18.333332],DensityTree[DISTANCE:BRAYCURTIS,DHC_SIGMA - 10.333334,DHC_THRESHOLD - 37.77778,DHC_MINPTS - 18.333332],}
4,99.97302612854475,{Reading Instances[DISTANCE:EUCLIDEAN],ASH[DISTANCE:CHEBYCHEV,DENCLUE_SIGMA - 20.666666,DENCLUE_EPSILON - 11.155556],AttractionTree[DISTANCE:BRAYCURTIS,DHC_SIGMA - 15.0,DHC_THRESHOLD - 54.444443,DHC_MINPTS - 6.6666665],DensityTree[DISTANCE:BRAYCURTIS,DHC_SIGMA - 15.0,DHC_THRESHOLD - 54.444443,DHC_MINPTS - 6.6666665],}
5,99.97302612854475,{Reading Instances[DISTANCE:EUCLIDEAN],ASH[DISTANCE:CHEBYCHEV,DENCLUE_SIGMA - 20.666666,DENCLUE_EPSILON - 11.155556],AttractionTree[DISTANCE:BRAYCURTIS,DHC_SIGMA - 15.0,DHC_THRESHOLD - 54.444443,DHC_MINPTS - 6.6666665],DensityTree[DISTANCE:BRAYCURTIS,DHC_SIGMA - 15.0,DHC_THRESHOLD - 54.444443,DHC_MINPTS - 6.6666665],}
6,99.97302612854475,{Reading Instances[DISTANCE:EUCLIDEAN],ASH[DISTANCE:CHEBYCHEV,DENCLUE_SIGMA - 20.666666,DENCLUE_EPSILON - 11.155556],AttractionTree[DISTANCE:BRAYCURTIS,DHC_SIGMA - 15.0,DHC_THRESHOLD - 54.444443,DHC_MINPTS - 6.6666665],DensityTree[DISTANCE:BRAYCURTIS,DHC_SIGMA - 15.0,DHC_THRESHOLD - 54.444443,DHC_MINPTS - 6.6666665],}
7,99.97302612854475,{Reading Instances[DISTANCE:EUCLIDEAN],ASH[DISTANCE:CHEBYCHEV,DENCLUE_SIGMA - 20.666666,DENCLUE_EPSILON - 11.155556],AttractionTree[DISTANCE:BRAYCURTIS,DHC_SIGMA - 15.0,DHC_THRESHOLD - 54.444443,DHC_MINPTS - 6.6666665],DensityTree[DISTANCE:BRAYCURTIS,DHC_SIGMA - 15.0,DHC_THRESHOLD - 54.444443,DHC_MINPTS - 6.6666665],}
8,99.97302612854475,{Reading Instances[DISTANCE:EUCLIDEAN],ASH[DISTANCE:CHEBYCHEV,DENCLUE_SIGMA - 20.666666,DENCLUE_EPSILON - 11.155556],AttractionTree[DISTANCE:BRAYCURTIS,DHC_SIGMA - 15.0,DHC_THRESHOLD - 54.444443,DHC_MINPTS - 6.6666665],DensityTree[DISTANCE:BRAYCURTIS,DHC_SIGMA - 15.0,DHC_THRESHOLD - 54.444443,DHC_MINPTS - 6.6666665],}
9,99.97302612854475,{Reading Instances[DISTANCE:EUCLIDEAN],ASH[DISTANCE:CHEBYCHEV,DENCLUE_SIGMA - 20.666666,DENCLUE_EPSILON - 11.155556],AttractionTree[DISTANCE:BRAYCURTIS,DHC_SIGMA - 15.0,DHC_THRESHOLD - 54.444443,DHC_MINPTS - 6.6666665],DensityTree[DISTANCE:BRAYCURTIS,DHC_SIGMA - 15.0,DHC_THRESHOLD - 54.444443,DHC_MINPTS - 6.6666665],}
10,99.97302612854475,{Reading Instances[DISTANCE:EUCLIDEAN],ASH[DISTANCE:CHEBYCHEV,DENCLUE_SIGMA - 20.666666,DENCLUE_EPSILON - 11.155556],AttractionTree[DISTANCE:BRAYCURTIS,DHC_SIGMA - 15.0,DHC_THRESHOLD - 54.444443,DHC_MINPTS - 6.6666665],DensityTree[DISTANCE:BRAYCURTIS,DHC_SIGMA - 15.0,DHC_THRESHOLD - 54.444443,DHC_MINPTS - 6.6666665],}
1,99.92267261034615,{Reading Instances[DISTANCE:EUCLIDEAN],AttractionTree[DISTANCE:CHEBYCHEV,DHC_SIGMA - 13.444445,DHC_THRESHOLD - 60.0,DHC_MINPTS - 10.0],DensityTree[DISTANCE:MANHATTAN,DHC_SIGMA - 13.444445,DHC_THRESHOLD - 60.0,DHC_MINPTS - 10.0],}
2,99.92267261034615,{Reading Instances[DISTANCE:EUCLIDEAN],AttractionTree[DISTANCE:CHEBYCHEV,DHC_SIGMA - 13.444445,DHC_THRESHOLD - 60.0,DHC_MINPTS - 10.0],DensityTree[DISTANCE:MANHATTAN,DHC_SIGMA - 13.444445,DHC_THRESHOLD - 60.0,DHC_MINPTS - 10.0],}
3,99.92267261034615,{Reading Instances[DISTANCE:EUCLIDEAN],AttractionTree[DISTANCE:CHEBYCHEV,DHC_SIGMA - 13.444445,DHC_THRESHOLD - 60.0,DHC_MINPTS - 10.0],DensityTree[DISTANCE:MANHATTAN,DHC_SIGMA - 13.444445,DHC_THRESHOLD - 60.0,DHC_MINPTS - 10.0],}
4,99.92267261034615,{Reading Instances[DISTANCE:EUCLIDEAN],AttractionTree[DISTANCE:CHEBYCHEV,DHC_SIGMA - 13.444445,DHC_THRESHOLD - 60.0,DHC_MINPTS - 10.0],DensityTree[DISTANCE:MANHATTAN,DHC_SIGMA - 13.444445,DHC_THRESHOLD - 60.0,DHC_MINPTS - 10.0],}
5,99.92267261034615,{Reading Instances[DISTANCE:EUCLIDEAN],AttractionTree[DISTANCE:CHEBYCHEV,DHC_SIGMA - 13.444445,DHC_THRESHOLD - 60.0,DHC_MINPTS - 10.0],DensityTree[DISTANCE:MANHATTAN,DHC_SIGMA - 13.444445,DHC_THRESHOLD - 60.0,DHC_MINPTS - 10.0],}
6,99.92457343487146,{Reading Instances[DISTANCE:EUCLIDEAN],AttractionTree[DISTANCE:CHEBYCHEV,DHC_SIGMA - 10.333334,DHC_THRESHOLD - 37.77778,DHC_MINPTS - 13.333333],DensityTree[DISTANCE:MANHATTAN,DHC_SIGMA - 10.333334,DHC_THRESHOLD - 37.77778,DHC_MINPTS - 13.333333],}
7,99.92457343487146,{Reading Instances[DISTANCE:EUCLIDEAN],AttractionTree[DISTANCE:CHEBYCHEV,DHC_SIGMA - 10.333334,DHC_THRESHOLD - 37.77778,DHC_MINPTS - 13.333333],DensityTree[DISTANCE:MANHATTAN,DHC_SIGMA - 10.333334,DHC_THRESHOLD - 37.77778,DHC_MINPTS - 13.333333],}
8,99.92457343487146,{Reading Instances[DISTANCE:EUCLIDEAN],AttractionTree[DISTANCE:CHEBYCHEV,DHC_SIGMA - 10.333334,DHC_THRESHOLD - 37.77778,DHC_MINPTS - 13.333333],DensityTree[DISTANCE:MANHATTAN,DHC_SIGMA - 10.333334,DHC_THRESHOLD - 37.77778,DHC_MINPTS - 13.333333],}
9,99.92457343487146,{Reading Instances[DISTANCE:EUCLIDEAN],AttractionTree[DISTANCE:CHEBYCHEV,DHC_SIGMA - 10.333334,DHC_THRESHOLD - 37.77778,DHC_MINPTS - 13.333333],DensityTree[DISTANCE:MANHATTAN,DHC_SIGMA - 10.333334,DHC_THRESHOLD - 37.77778,DHC_MINPTS - 13.333333],}
10,99.92457343487146,{Reading Instances[DISTANCE:EUCLIDEAN],AttractionTree[DISTANCE:CHEBYCHEV,DHC_SIGMA - 10.333334,DHC_THRESHOLD - 37.77778,DHC_MINPTS - 13.333333],DensityTree[DISTANCE:MANHATTAN,DHC_SIGMA - 10.333334,DHC_THRESHOLD - 37.77778,DHC_MINPTS - 13.333333],}
1,99.86426867480408,{Reading Instances[DISTANCE:EUCLIDEAN],AttractionTree[DISTANCE:BRAYCURTIS,DHC_SIGMA - 13.444445,DHC_THRESHOLD - 21.11111,DHC_MINPTS - 16.666666],DensityTree[DISTANCE:BRAYCURTIS,DHC_SIGMA - 13.444445,DHC_THRESHOLD - 21.11111,DHC_MINPTS - 16.666666],}
2,99.86426867480408,{Reading Instances[DISTANCE:EUCLIDEAN],AttractionTree[DISTANCE:BRAYCURTIS,DHC_SIGMA - 13.444445,DHC_THRESHOLD - 21.11111,DHC_MINPTS - 16.666666],DensityTree[DISTANCE:BRAYCURTIS,DHC_SIGMA - 13.444445,DHC_THRESHOLD - 21.11111,DHC_MINPTS - 16.666666],}
3,99.86426867480408,{Reading Instances[DISTANCE:EUCLIDEAN],AttractionTree[DISTANCE:BRAYCURTIS,DHC_SIGMA - 13.444445,DHC_THRESHOLD - 21.11111,DHC_MINPTS - 16.666666],DensityTree[DISTANCE:BRAYCURTIS,DHC_SIGMA - 13.444445,DHC_THRESHOLD - 21.11111,DHC_MINPTS - 16.666666],}
4,99.92456326694385,{Reading Instances[DISTANCE:EUCLIDEAN],AttractionTree[DISTANCE:CHEBYCHEV,DHC_SIGMA - 10.333334,DHC_THRESHOLD - 43.333332,DHC_MINPTS - 20.0],DensityTree[DISTANCE:EUCLIDEAN,DHC_SIGMA - 10.333334,DHC_THRESHOLD - 43.333332,DHC_MINPTS - 20.0],}
5,99.95866058115237,{Reading Instances[DISTANCE:EUCLIDEAN],ASH[DISTANCE:EUCLIDEAN,DENCLUE_SIGMA - 60.0,DENCLUE_EPSILON - 4.522222],AttractionTree[DISTANCE:MANHATTAN,DHC_SIGMA - 11.888889,DHC_THRESHOLD - 60.0,DHC_MINPTS - 16.666666],DensityTree[DISTANCE:MANHATTAN,DHC_SIGMA - 11.888889,DHC_THRESHOLD - 60.0,DHC_MINPTS - 16.666666],}
6,99.95866058115237,{Reading Instances[DISTANCE:EUCLIDEAN],ASH[DISTANCE:EUCLIDEAN,DENCLUE_SIGMA - 60.0,DENCLUE_EPSILON - 4.522222],AttractionTree[DISTANCE:MANHATTAN,DHC_SIGMA - 11.888889,DHC_THRESHOLD - 60.0,DHC_MINPTS - 16.666666],DensityTree[DISTANCE:MANHATTAN,DHC_SIGMA - 11.888889,DHC_THRESHOLD - 60.0,DHC_MINPTS - 16.666666],}
7,99.95866058115237,{Reading Instances[DISTANCE:EUCLIDEAN],ASH[DISTANCE:EUCLIDEAN,DENCLUE_SIGMA - 60.0,DENCLUE_EPSILON - 4.522222],AttractionTree[DISTANCE:MANHATTAN,DHC_SIGMA - 11.888889,DHC_THRESHOLD - 60.0,DHC_MINPTS - 16.666666],DensityTree[DISTANCE:MANHATTAN,DHC_SIGMA - 11.888889,DHC_THRESHOLD - 60.0,DHC_MINPTS - 16.666666],}
8,99.95866058115237,{Reading Instances[DISTANCE:EUCLIDEAN],ASH[DISTANCE:EUCLIDEAN,DENCLUE_SIGMA - 60.0,DENCLUE_EPSILON - 4.522222],AttractionTree[DISTANCE:MANHATTAN,DHC_SIGMA - 11.888889,DHC_THRESHOLD - 60.0,DHC_MINPTS - 16.666666],DensityTree[DISTANCE:MANHATTAN,DHC_SIGMA - 11.888889,DHC_THRESHOLD - 60.0,DHC_MINPTS - 16.666666],}
9,99.95866058115237,{Reading Instances[DISTANCE:EUCLIDEAN],ASH[DISTANCE:EUCLIDEAN,DENCLUE_SIGMA - 60.0,DENCLUE_EPSILON - 4.522222],AttractionTree[DISTANCE:MANHATTAN,DHC_SIGMA - 11.888889,DHC_THRESHOLD - 60.0,DHC_MINPTS - 16.666666],DensityTree[DISTANCE:MANHATTAN,DHC_SIGMA - 11.888889,DHC_THRESHOLD - 60.0,DHC_MINPTS - 16.666666],}
10,99.95866058115237,{Reading Instances[DISTANCE:EUCLIDEAN],ASH[DISTANCE:EUCLIDEAN,DENCLUE_SIGMA - 60.0,DENCLUE_EPSILON - 4.522222],AttractionTree[DISTANCE:MANHATTAN,DHC_SIGMA - 11.888889,DHC_THRESHOLD - 60.0,DHC_MINPTS - 16.666666],DensityTree[DISTANCE:MANHATTAN,DHC_SIGMA - 11.888889,DHC_THRESHOLD - 60.0,DHC_MINPTS - 16.666666],}
1,99.91732068147311,{Reading Instances[DISTANCE:EUCLIDEAN],AttractionTree[DISTANCE:MANHATTAN,DHC_SIGMA - 11.888889,DHC_THRESHOLD - 60.0,DHC_MINPTS - 20.0],DensityTree[DISTANCE:EUCLIDEAN,DHC_SIGMA - 11.888889,DHC_THRESHOLD - 60.0,DHC_MINPTS - 20.0],}
2,99.91732068147311,{Reading Instances[DISTANCE:EUCLIDEAN],AttractionTree[DISTANCE:MANHATTAN,DHC_SIGMA - 11.888889,DHC_THRESHOLD - 60.0,DHC_MINPTS - 20.0],DensityTree[DISTANCE:EUCLIDEAN,DHC_SIGMA - 11.888889,DHC_THRESHOLD - 60.0,DHC_MINPTS - 20.0],}
3,99.91732068147311,{Reading Instances[DISTANCE:EUCLIDEAN],AttractionTree[DISTANCE:MANHATTAN,DHC_SIGMA - 11.888889,DHC_THRESHOLD - 60.0,DHC_MINPTS - 20.0],DensityTree[DISTANCE:EUCLIDEAN,DHC_SIGMA - 11.888889,DHC_THRESHOLD - 60.0,DHC_MINPTS - 20.0],}
4,99.91732068147311,{Reading Instances[DISTANCE:EUCLIDEAN],AttractionTree[DISTANCE:MANHATTAN,DHC_SIGMA - 11.888889,DHC_THRESHOLD - 60.0,DHC_MINPTS - 20.0],DensityTree[DISTANCE:EUCLIDEAN,DHC_SIGMA - 11.888889,DHC_THRESHOLD - 60.0,DHC_MINPTS - 20.0],}
5,99.91732068147311,{Reading Instances[DISTANCE:EUCLIDEAN],AttractionTree[DISTANCE:MANHATTAN,DHC_SIGMA - 11.888889,DHC_THRESHOLD - 60.0,DHC_MINPTS - 20.0],DensityTree[DISTANCE:EUCLIDEAN,DHC_SIGMA - 11.888889,DHC_THRESHOLD - 60.0,DHC_MINPTS - 20.0],}
6,99.91732068147311,{Reading Instances[DISTANCE:EUCLIDEAN],AttractionTree[DISTANCE:MANHATTAN,DHC_SIGMA - 11.888889,DHC_THRESHOLD - 60.0,DHC_MINPTS - 20.0],DensityTree[DISTANCE:EUCLIDEAN,DHC_SIGMA - 11.888889,DHC_THRESHOLD - 60.0,DHC_MINPTS - 20.0],}
7,99.92657274071996,{Reading Instances[DISTANCE:EUCLIDEAN],AttractionTree[DISTANCE:BRAYCURTIS,DHC_SIGMA - 15.0,DHC_THRESHOLD - 60.0,DHC_MINPTS - 20.0],DensityTree[DISTANCE:CHEBYCHEV,DHC_SIGMA - 15.0,DHC_THRESHOLD - 60.0,DHC_MINPTS - 20.0],}
8,99.92657274071996,{Reading Instances[DISTANCE:EUCLIDEAN],AttractionTree[DISTANCE:BRAYCURTIS,DHC_SIGMA - 15.0,DHC_THRESHOLD - 60.0,DHC_MINPTS - 20.0],DensityTree[DISTANCE:CHEBYCHEV,DHC_SIGMA - 15.0,DHC_THRESHOLD - 60.0,DHC_MINPTS - 20.0],}
9,99.92657274071996,{Reading Instances[DISTANCE:EUCLIDEAN],AttractionTree[DISTANCE:BRAYCURTIS,DHC_SIGMA - 15.0,DHC_THRESHOLD - 60.0,DHC_MINPTS - 20.0],DensityTree[DISTANCE:CHEBYCHEV,DHC_SIGMA - 15.0,DHC_THRESHOLD - 60.0,DHC_MINPTS - 20.0],}
10,99.92657274071996,{Reading Instances[DISTANCE:EUCLIDEAN],AttractionTree[DISTANCE:BRAYCURTIS,DHC_SIGMA - 15.0,DHC_THRESHOLD - 60.0,DHC_MINPTS - 20.0],DensityTree[DISTANCE:CHEBYCHEV,DHC_SIGMA - 15.0,DHC_THRESHOLD - 60.0,DHC_MINPTS - 20.0],}
1,99.90955777262309,{Reading Instances[DISTANCE:EUCLIDEAN],AttractionTree[DISTANCE:EUCLIDEAN,DHC_SIGMA - 13.444445,DHC_THRESHOLD - 37.77778,DHC_MINPTS - 20.0],DensityTree[DISTANCE:CHEBYCHEV,DHC_SIGMA - 13.444445,DHC_THRESHOLD - 37.77778,DHC_MINPTS - 20.0],}
2,99.9244922296626,{Reading Instances[DISTANCE:EUCLIDEAN],ASH[DISTANCE:BRAYCURTIS,DENCLUE_SIGMA - 14.111111,DENCLUE_EPSILON - 8.944445],AttractionTree[DISTANCE:EUCLIDEAN,DHC_SIGMA - 8.777778,DHC_THRESHOLD - 60.0,DHC_MINPTS - 20.0],DensityTree[DISTANCE:BRAYCURTIS,DHC_SIGMA - 8.777778,DHC_THRESHOLD - 60.0,DHC_MINPTS - 20.0],}
3,99.9244922296626,{Reading Instances[DISTANCE:EUCLIDEAN],ASH[DISTANCE:BRAYCURTIS,DENCLUE_SIGMA - 14.111111,DENCLUE_EPSILON - 8.944445],AttractionTree[DISTANCE:EUCLIDEAN,DHC_SIGMA - 8.777778,DHC_THRESHOLD - 60.0,DHC_MINPTS - 20.0],DensityTree[DISTANCE:BRAYCURTIS,DHC_SIGMA - 8.777778,DHC_THRESHOLD - 60.0,DHC_MINPTS - 20.0],}
4,99.9244922296626,{Reading Instances[DISTANCE:EUCLIDEAN],ASH[DISTANCE:BRAYCURTIS,DENCLUE_SIGMA - 14.111111,DENCLUE_EPSILON - 8.944445],AttractionTree[DISTANCE:EUCLIDEAN,DHC_SIGMA - 8.777778,DHC_THRESHOLD - 60.0,DHC_MINPTS - 20.0],DensityTree[DISTANCE:BRAYCURTIS,DHC_SIGMA - 8.777778,DHC_THRESHOLD - 60.0,DHC_MINPTS - 20.0],}
5,99.9244922296626,{Reading Instances[DISTANCE:EUCLIDEAN],ASH[DISTANCE:BRAYCURTIS,DENCLUE_SIGMA - 14.111111,DENCLUE_EPSILON - 8.944445],AttractionTree[DISTANCE:EUCLIDEAN,DHC_SIGMA - 8.777778,DHC_THRESHOLD - 60.0,DHC_MINPTS - 20.0],DensityTree[DISTANCE:BRAYCURTIS,DHC_SIGMA - 8.777778,DHC_THRESHOLD - 60.0,DHC_MINPTS - 20.0],}
6,99.9244922296626,{Reading Instances[DISTANCE:EUCLIDEAN],ASH[DISTANCE:BRAYCURTIS,DENCLUE_SIGMA - 14.111111,DENCLUE_EPSILON - 8.944445],AttractionTree[DISTANCE:EUCLIDEAN,DHC_SIGMA - 8.777778,DHC_THRESHOLD - 60.0,DHC_MINPTS - 20.0],DensityTree[DISTANCE:BRAYCURTIS,DHC_SIGMA - 8.777778,DHC_THRESHOLD - 60.0,DHC_MINPTS - 20.0],}
7,99.9244922296626,{Reading Instances[DISTANCE:EUCLIDEAN],ASH[DISTANCE:BRAYCURTIS,DENCLUE_SIGMA - 14.111111,DENCLUE_EPSILON - 8.944445],AttractionTree[DISTANCE:EUCLIDEAN,DHC_SIGMA - 8.777778,DHC_THRESHOLD - 60.0,DHC_MINPTS - 20.0],DensityTree[DISTANCE:BRAYCURTIS,DHC_SIGMA - 8.777778,DHC_THRESHOLD - 60.0,DHC_MINPTS - 20.0],}
8,99.9244922296626,{Reading Instances[DISTANCE:EUCLIDEAN],ASH[DISTANCE:BRAYCURTIS,DENCLUE_SIGMA - 14.111111,DENCLUE_EPSILON - 8.944445],AttractionTree[DISTANCE:EUCLIDEAN,DHC_SIGMA - 8.777778,DHC_THRESHOLD - 60.0,DHC_MINPTS - 20.0],DensityTree[DISTANCE:BRAYCURTIS,DHC_SIGMA - 8.777778,DHC_THRESHOLD - 60.0,DHC_MINPTS - 20.0],}
9,99.9244922296626,{Reading Instances[DISTANCE:EUCLIDEAN],ASH[DISTANCE:BRAYCURTIS,DENCLUE_SIGMA - 14.111111,DENCLUE_EPSILON - 8.944445],AttractionTree[DISTANCE:EUCLIDEAN,DHC_SIGMA - 8.777778,DHC_THRESHOLD - 60.0,DHC_MINPTS - 20.0],DensityTree[DISTANCE:BRAYCURTIS,DHC_SIGMA - 8.777778,DHC_THRESHOLD - 60.0,DHC_MINPTS - 20.0],}
10,99.99953612047227,{Reading Instances[DISTANCE:EUCLIDEAN],ASH[DISTANCE:EUCLIDEAN,DENCLUE_SIGMA - 20.666666,DENCLUE_EPSILON - 8.944445],AttractionTree[DISTANCE:MANHATTAN,DHC_SIGMA - 15.0,DHC_THRESHOLD - 60.0,DHC_MINPTS - 10.0],DensityTree[DISTANCE:BRAYCURTIS,DHC_SIGMA - 15.0,DHC_THRESHOLD - 60.0,DHC_MINPTS - 10.0],}
1,99.91732068147311,{Reading Instances[DISTANCE:EUCLIDEAN],AttractionTree[DISTANCE:EUCLIDEAN,DHC_SIGMA - 11.888889,DHC_THRESHOLD - 60.0,DHC_MINPTS - 6.6666665],DensityTree[DISTANCE:EUCLIDEAN,DHC_SIGMA - 11.888889,DHC_THRESHOLD - 60.0,DHC_MINPTS - 6.6666665],}
2,99.91732068147311,{Reading Instances[DISTANCE:EUCLIDEAN],AttractionTree[DISTANCE:EUCLIDEAN,DHC_SIGMA - 11.888889,DHC_THRESHOLD - 60.0,DHC_MINPTS - 6.6666665],DensityTree[DISTANCE:EUCLIDEAN,DHC_SIGMA - 11.888889,DHC_THRESHOLD - 60.0,DHC_MINPTS - 6.6666665],}
3,99.91732068147311,{Reading Instances[DISTANCE:EUCLIDEAN],AttractionTree[DISTANCE:EUCLIDEAN,DHC_SIGMA - 11.888889,DHC_THRESHOLD - 60.0,DHC_MINPTS - 6.6666665],DensityTree[DISTANCE:EUCLIDEAN,DHC_SIGMA - 11.888889,DHC_THRESHOLD - 60.0,DHC_MINPTS - 6.6666665],}
4,99.91732068147311,{Reading Instances[DISTANCE:EUCLIDEAN],AttractionTree[DISTANCE:EUCLIDEAN,DHC_SIGMA - 11.888889,DHC_THRESHOLD - 60.0,DHC_MINPTS - 6.6666665],DensityTree[DISTANCE:EUCLIDEAN,DHC_SIGMA - 11.888889,DHC_THRESHOLD - 60.0,DHC_MINPTS - 6.6666665],}
5,99.96490761976735,{Reading Instances[DISTANCE:EUCLIDEAN],ASH[DISTANCE:CHEBYCHEV,DENCLUE_SIGMA - 53.444443,DENCLUE_EPSILON - 11.155556],AttractionTree[DISTANCE:MANHATTAN,DHC_SIGMA - 4.111111,DHC_THRESHOLD - 60.0,DHC_MINPTS - 16.666666],DensityTree[DISTANCE:MANHATTAN,DHC_SIGMA - 4.111111,DHC_THRESHOLD - 60.0,DHC_MINPTS - 16.666666],}
6,99.96490761976735,{Reading Instances[DISTANCE:EUCLIDEAN],ASH[DISTANCE:CHEBYCHEV,DENCLUE_SIGMA - 53.444443,DENCLUE_EPSILON - 11.155556],AttractionTree[DISTANCE:MANHATTAN,DHC_SIGMA - 4.111111,DHC_THRESHOLD - 60.0,DHC_MINPTS - 16.666666],DensityTree[DISTANCE:MANHATTAN,DHC_SIGMA - 4.111111,DHC_THRESHOLD - 60.0,DHC_MINPTS - 16.666666],}
7,99.96490761976735,{Reading Instances[DISTANCE:EUCLIDEAN],ASH[DISTANCE:CHEBYCHEV,DENCLUE_SIGMA - 53.444443,DENCLUE_EPSILON - 11.155556],AttractionTree[DISTANCE:MANHATTAN,DHC_SIGMA - 4.111111,DHC_THRESHOLD - 60.0,DHC_MINPTS - 16.666666],DensityTree[DISTANCE:MANHATTAN,DHC_SIGMA - 4.111111,DHC_THRESHOLD - 60.0,DHC_MINPTS - 16.666666],}
8,99.96490761976735,{Reading Instances[DISTANCE:EUCLIDEAN],ASH[DISTANCE:CHEBYCHEV,DENCLUE_SIGMA - 53.444443,DENCLUE_EPSILON - 11.155556],AttractionTree[DISTANCE:MANHATTAN,DHC_SIGMA - 4.111111,DHC_THRESHOLD - 60.0,DHC_MINPTS - 16.666666],DensityTree[DISTANCE:MANHATTAN,DHC_SIGMA - 4.111111,DHC_THRESHOLD - 60.0,DHC_MINPTS - 16.666666],}
9,99.96490761976735,{Reading Instances[DISTANCE:EUCLIDEAN],ASH[DISTANCE:CHEBYCHEV,DENCLUE_SIGMA - 53.444443,DENCLUE_EPSILON - 11.155556],AttractionTree[DISTANCE:MANHATTAN,DHC_SIGMA - 4.111111,DHC_THRESHOLD - 60.0,DHC_MINPTS - 16.666666],DensityTree[DISTANCE:MANHATTAN,DHC_SIGMA - 4.111111,DHC_THRESHOLD - 60.0,DHC_MINPTS - 16.666666],}
10,99.96490761976735,{Reading Instances[DISTANCE:EUCLIDEAN],ASH[DISTANCE:CHEBYCHEV,DENCLUE_SIGMA - 53.444443,DENCLUE_EPSILON - 11.155556],AttractionTree[DISTANCE:MANHATTAN,DHC_SIGMA - 4.111111,DHC_THRESHOLD - 60.0,DHC_MINPTS - 16.666666],DensityTree[DISTANCE:MANHATTAN,DHC_SIGMA - 4.111111,DHC_THRESHOLD - 60.0,DHC_MINPTS - 16.666666],}
1,99.92456326694385,{Reading Instances[DISTANCE:EUCLIDEAN],AttractionTree[DISTANCE:MANHATTAN,DHC_SIGMA - 10.333334,DHC_THRESHOLD - 43.333332,DHC_MINPTS - 10.0],DensityTree[DISTANCE:EUCLIDEAN,DHC_SIGMA - 10.333334,DHC_THRESHOLD - 43.333332,DHC_MINPTS - 10.0],}
2,99.92456326694385,{Reading Instances[DISTANCE:EUCLIDEAN],AttractionTree[DISTANCE:MANHATTAN,DHC_SIGMA - 10.333334,DHC_THRESHOLD - 43.333332,DHC_MINPTS - 10.0],DensityTree[DISTANCE:EUCLIDEAN,DHC_SIGMA - 10.333334,DHC_THRESHOLD - 43.333332,DHC_MINPTS - 10.0],}
3,99.97870644942533,{Reading Instances[DISTANCE:EUCLIDEAN],ASH[DISTANCE:CHEBYCHEV,DENCLUE_SIGMA - 40.333332,DENCLUE_EPSILON - 8.944445],AttractionTree[DISTANCE:CHEBYCHEV,DHC_SIGMA - 2.5555556,DHC_THRESHOLD - 60.0,DHC_MINPTS - 20.0],DensityTree[DISTANCE:MANHATTAN,DHC_SIGMA - 2.5555556,DHC_THRESHOLD - 60.0,DHC_MINPTS - 20.0],}
4,99.97870644942533,{Reading Instances[DISTANCE:EUCLIDEAN],ASH[DISTANCE:CHEBYCHEV,DENCLUE_SIGMA - 40.333332,DENCLUE_EPSILON - 8.944445],AttractionTree[DISTANCE:CHEBYCHEV,DHC_SIGMA - 2.5555556,DHC_THRESHOLD - 60.0,DHC_MINPTS - 20.0],DensityTree[DISTANCE:MANHATTAN,DHC_SIGMA - 2.5555556,DHC_THRESHOLD - 60.0,DHC_MINPTS - 20.0],}
5,99.97870644942533,{Reading Instances[DISTANCE:EUCLIDEAN],ASH[DISTANCE:CHEBYCHEV,DENCLUE_SIGMA - 40.333332,DENCLUE_EPSILON - 8.944445],AttractionTree[DISTANCE:CHEBYCHEV,DHC_SIGMA - 2.5555556,DHC_THRESHOLD - 60.0,DHC_MINPTS - 20.0],DensityTree[DISTANCE:MANHATTAN,DHC_SIGMA - 2.5555556,DHC_THRESHOLD - 60.0,DHC_MINPTS - 20.0],}
6,99.97870644942533,{Reading Instances[DISTANCE:EUCLIDEAN],ASH[DISTANCE:CHEBYCHEV,DENCLUE_SIGMA - 40.333332,DENCLUE_EPSILON - 8.944445],AttractionTree[DISTANCE:CHEBYCHEV,DHC_SIGMA - 2.5555556,DHC_THRESHOLD - 60.0,DHC_MINPTS - 20.0],DensityTree[DISTANCE:MANHATTAN,DHC_SIGMA - 2.5555556,DHC_THRESHOLD - 60.0,DHC_MINPTS - 20.0],}
7,99.97870644942533,{Reading Instances[DISTANCE:EUCLIDEAN],ASH[DISTANCE:CHEBYCHEV,DENCLUE_SIGMA - 40.333332,DENCLUE_EPSILON - 8.944445],AttractionTree[DISTANCE:CHEBYCHEV,DHC_SIGMA - 2.5555556,DHC_THRESHOLD - 60.0,DHC_MINPTS - 20.0],DensityTree[DISTANCE:MANHATTAN,DHC_SIGMA - 2.5555556,DHC_THRESHOLD - 60.0,DHC_MINPTS - 20.0],}
8,99.97870644942533,{Reading Instances[DISTANCE:EUCLIDEAN],ASH[DISTANCE:CHEBYCHEV,DENCLUE_SIGMA - 40.333332,DENCLUE_EPSILON - 8.944445],AttractionTree[DISTANCE:CHEBYCHEV,DHC_SIGMA - 2.5555556,DHC_THRESHOLD - 60.0,DHC_MINPTS - 20.0],DensityTree[DISTANCE:MANHATTAN,DHC_SIGMA - 2.5555556,DHC_THRESHOLD - 60.0,DHC_MINPTS - 20.0],}
9,99.97870644942533,{Reading Instances[DISTANCE:EUCLIDEAN],ASH[DISTANCE:CHEBYCHEV,DENCLUE_SIGMA - 40.333332,DENCLUE_EPSILON - 8.944445],AttractionTree[DISTANCE:CHEBYCHEV,DHC_SIGMA - 2.5555556,DHC_THRESHOLD - 60.0,DHC_MINPTS - 20.0],DensityTree[DISTANCE:MANHATTAN,DHC_SIGMA - 2.5555556,DHC_THRESHOLD - 60.0,DHC_MINPTS - 20.0],}
10,99.97870644942533,{Reading Instances[DISTANCE:EUCLIDEAN],ASH[DISTANCE:CHEBYCHEV,DENCLUE_SIGMA - 40.333332,DENCLUE_EPSILON - 8.944445],AttractionTree[DISTANCE:CHEBYCHEV,DHC_SIGMA - 2.5555556,DHC_THRESHOLD - 60.0,DHC_MINPTS - 20.0],DensityTree[DISTANCE:MANHATTAN,DHC_SIGMA - 2.5555556,DHC_THRESHOLD - 60.0,DHC_MINPTS - 20.0],}
1,99.9244922296626,{Reading Instances[DISTANCE:EUCLIDEAN],ASH[DISTANCE:BRAYCURTIS,DENCLUE_SIGMA - 14.111111,DENCLUE_EPSILON - 2.311111],AttractionTree[DISTANCE:MANHATTAN,DHC_SIGMA - 5.666667,DHC_THRESHOLD - 60.0,DHC_MINPTS - 18.333332],DensityTree[DISTANCE:CHEBYCHEV,DHC_SIGMA - 5.666667,DHC_THRESHOLD - 60.0,DHC_MINPTS - 18.333332],}
2,99.9244922296626,{Reading Instances[DISTANCE:EUCLIDEAN],ASH[DISTANCE:BRAYCURTIS,DENCLUE_SIGMA - 14.111111,DENCLUE_EPSILON - 2.311111],AttractionTree[DISTANCE:MANHATTAN,DHC_SIGMA - 5.666667,DHC_THRESHOLD - 60.0,DHC_MINPTS - 18.333332],DensityTree[DISTANCE:CHEBYCHEV,DHC_SIGMA - 5.666667,DHC_THRESHOLD - 60.0,DHC_MINPTS - 18.333332],}
3,99.96490761976735,{Reading Instances[DISTANCE:EUCLIDEAN],ASH[DISTANCE:BRAYCURTIS,DENCLUE_SIGMA - 53.444443,DENCLUE_EPSILON - 13.366667],AttractionTree[DISTANCE:MANHATTAN,DHC_SIGMA - 15.0,DHC_THRESHOLD - 60.0,DHC_MINPTS - 15.0],DensityTree[DISTANCE:BRAYCURTIS,DHC_SIGMA - 15.0,DHC_THRESHOLD - 60.0,DHC_MINPTS - 15.0],}
4,99.96490761976735,{Reading Instances[DISTANCE:EUCLIDEAN],ASH[DISTANCE:BRAYCURTIS,DENCLUE_SIGMA - 53.444443,DENCLUE_EPSILON - 13.366667],AttractionTree[DISTANCE:MANHATTAN,DHC_SIGMA - 15.0,DHC_THRESHOLD - 60.0,DHC_MINPTS - 15.0],DensityTree[DISTANCE:BRAYCURTIS,DHC_SIGMA - 15.0,DHC_THRESHOLD - 60.0,DHC_MINPTS - 15.0],}
5,99.96490761976735,{Reading Instances[DISTANCE:EUCLIDEAN],ASH[DISTANCE:BRAYCURTIS,DENCLUE_SIGMA - 53.444443,DENCLUE_EPSILON - 13.366667],AttractionTree[DISTANCE:MANHATTAN,DHC_SIGMA - 15.0,DHC_THRESHOLD - 60.0,DHC_MINPTS - 15.0],DensityTree[DISTANCE:BRAYCURTIS,DHC_SIGMA - 15.0,DHC_THRESHOLD - 60.0,DHC_MINPTS - 15.0],}
6,99.96490761976735,{Reading Instances[DISTANCE:EUCLIDEAN],ASH[DISTANCE:BRAYCURTIS,DENCLUE_SIGMA - 53.444443,DENCLUE_EPSILON - 13.366667],AttractionTree[DISTANCE:MANHATTAN,DHC_SIGMA - 15.0,DHC_THRESHOLD - 60.0,DHC_MINPTS - 15.0],DensityTree[DISTANCE:BRAYCURTIS,DHC_SIGMA - 15.0,DHC_THRESHOLD - 60.0,DHC_MINPTS - 15.0],}
7,99.96490761976735,{Reading Instances[DISTANCE:EUCLIDEAN],ASH[DISTANCE:BRAYCURTIS,DENCLUE_SIGMA - 53.444443,DENCLUE_EPSILON - 13.366667],AttractionTree[DISTANCE:MANHATTAN,DHC_SIGMA - 15.0,DHC_THRESHOLD - 60.0,DHC_MINPTS - 15.0],DensityTree[DISTANCE:BRAYCURTIS,DHC_SIGMA - 15.0,DHC_THRESHOLD - 60.0,DHC_MINPTS - 15.0],}
8,99.96490761976735,{Reading Instances[DISTANCE:EUCLIDEAN],ASH[DISTANCE:BRAYCURTIS,DENCLUE_SIGMA - 53.444443,DENCLUE_EPSILON - 13.366667],AttractionTree[DISTANCE:MANHATTAN,DHC_SIGMA - 15.0,DHC_THRESHOLD - 60.0,DHC_MINPTS - 15.0],DensityTree[DISTANCE:BRAYCURTIS,DHC_SIGMA - 15.0,DHC_THRESHOLD - 60.0,DHC_MINPTS - 15.0],}
9,99.96490761976735,{Reading Instances[DISTANCE:EUCLIDEAN],ASH[DISTANCE:BRAYCURTIS,DENCLUE_SIGMA - 53.444443,DENCLUE_EPSILON - 13.366667],AttractionTree[DISTANCE:MANHATTAN,DHC_SIGMA - 15.0,DHC_THRESHOLD - 60.0,DHC_MINPTS - 15.0],DensityTree[DISTANCE:BRAYCURTIS,DHC_SIGMA - 15.0,DHC_THRESHOLD - 60.0,DHC_MINPTS - 15.0],}
10,99.99953612047227,{Reading Instances[DISTANCE:EUCLIDEAN],ASH[DISTANCE:CHEBYCHEV,DENCLUE_SIGMA - 20.666666,DENCLUE_EPSILON - 20.0],AttractionTree[DISTANCE:MANHATTAN,DHC_SIGMA - 13.444445,DHC_THRESHOLD - 60.0,DHC_MINPTS - 10.0],DensityTree[DISTANCE:EUCLIDEAN,DHC_SIGMA - 13.444445,DHC_THRESHOLD - 60.0,DHC_MINPTS - 10.0],}
1,96.1245313771092,{Reading Instances[DISTANCE:EUCLIDEAN],CandidatesByNpts[DISTANCE:EUCLIDEAN,DBCLASD_PTS - 5.2222223],ClusterByConnectiveness[DISTANCE:CHEBYCHEV,DBSCAN_MAX_DIST - 33.666668,DBSCAN_NUM_PTS - 15.777779],}
2,99.87156682732171,{Reading Instances[DISTANCE:EUCLIDEAN],AttractionTree[DISTANCE:BRAYCURTIS,DHC_SIGMA - 7.2222223,DHC_THRESHOLD - 37.77778,DHC_MINPTS - 16.666666],DensityTree[DISTANCE:MANHATTAN,DHC_SIGMA - 7.2222223,DHC_THRESHOLD - 37.77778,DHC_MINPTS - 16.666666],}
3,99.87156682732171,{Reading Instances[DISTANCE:EUCLIDEAN],AttractionTree[DISTANCE:BRAYCURTIS,DHC_SIGMA - 7.2222223,DHC_THRESHOLD - 37.77778,DHC_MINPTS - 16.666666],DensityTree[DISTANCE:MANHATTAN,DHC_SIGMA - 7.2222223,DHC_THRESHOLD - 37.77778,DHC_MINPTS - 16.666666],}
4,99.92456326694385,{Reading Instances[DISTANCE:EUCLIDEAN],AttractionTree[DISTANCE:CHEBYCHEV,DHC_SIGMA - 10.333334,DHC_THRESHOLD - 43.333332,DHC_MINPTS - 20.0],DensityTree[DISTANCE:BRAYCURTIS,DHC_SIGMA - 10.333334,DHC_THRESHOLD - 43.333332,DHC_MINPTS - 20.0],}
5,99.92456326694385,{Reading Instances[DISTANCE:EUCLIDEAN],AttractionTree[DISTANCE:BRAYCURTIS,DHC_SIGMA - 10.333334,DHC_THRESHOLD - 54.444443,DHC_MINPTS - 6.6666665],DensityTree[DISTANCE:CHEBYCHEV,DHC_SIGMA - 10.333334,DHC_THRESHOLD - 54.444443,DHC_MINPTS - 6.6666665],}
6,99.97150312243164,{Reading Instances[DISTANCE:EUCLIDEAN],ASH[DISTANCE:CHEBYCHEV,DENCLUE_SIGMA - 46.888885,DENCLUE_EPSILON - 2.311111],AttractionTree[DISTANCE:BRAYCURTIS,DHC_SIGMA - 15.0,DHC_THRESHOLD - 60.0,DHC_MINPTS - 6.6666665],DensityTree[DISTANCE:EUCLIDEAN,DHC_SIGMA - 15.0,DHC_THRESHOLD - 60.0,DHC_MINPTS - 6.6666665],}
7,99.99953612047227,{Reading Instances[DISTANCE:EUCLIDEAN],ASH[DISTANCE:EUCLIDEAN,DENCLUE_SIGMA - 20.666666,DENCLUE_EPSILON - 20.0],AttractionTree[DISTANCE:MANHATTAN,DHC_SIGMA - 8.777778,DHC_THRESHOLD - 60.0,DHC_MINPTS - 11.666666],DensityTree[DISTANCE:CHEBYCHEV,DHC_SIGMA - 8.777778,DHC_THRESHOLD - 60.0,DHC_MINPTS - 11.666666],}
8,99.99953612047227,{Reading Instances[DISTANCE:EUCLIDEAN],ASH[DISTANCE:EUCLIDEAN,DENCLUE_SIGMA - 20.666666,DENCLUE_EPSILON - 20.0],AttractionTree[DISTANCE:MANHATTAN,DHC_SIGMA - 8.777778,DHC_THRESHOLD - 60.0,DHC_MINPTS - 11.666666],DensityTree[DISTANCE:CHEBYCHEV,DHC_SIGMA - 8.777778,DHC_THRESHOLD - 60.0,DHC_MINPTS - 11.666666],}
9,99.99953612047227,{Reading Instances[DISTANCE:EUCLIDEAN],ASH[DISTANCE:EUCLIDEAN,DENCLUE_SIGMA - 20.666666,DENCLUE_EPSILON - 20.0],AttractionTree[DISTANCE:MANHATTAN,DHC_SIGMA - 8.777778,DHC_THRESHOLD - 60.0,DHC_MINPTS - 11.666666],DensityTree[DISTANCE:CHEBYCHEV,DHC_SIGMA - 8.777778,DHC_THRESHOLD - 60.0,DHC_MINPTS - 11.666666],}
10,99.99953612047227,{Reading Instances[DISTANCE:EUCLIDEAN],ASH[DISTANCE:EUCLIDEAN,DENCLUE_SIGMA - 20.666666,DENCLUE_EPSILON - 20.0],AttractionTree[DISTANCE:MANHATTAN,DHC_SIGMA - 8.777778,DHC_THRESHOLD - 60.0,DHC_MINPTS - 11.666666],DensityTree[DISTANCE:CHEBYCHEV,DHC_SIGMA - 8.777778,DHC_THRESHOLD - 60.0,DHC_MINPTS - 11.666666],}
1,99.91120901195194,{Reading Instances[DISTANCE:EUCLIDEAN],ASH[DISTANCE:EUCLIDEAN,DENCLUE_SIGMA - 14.111111,DENCLUE_EPSILON - 4.522222],AttractionTree[DISTANCE:EUCLIDEAN,DHC_SIGMA - 4.111111,DHC_THRESHOLD - 26.666666,DHC_MINPTS - 13.333333],DensityTree[DISTANCE:EUCLIDEAN,DHC_SIGMA - 4.111111,DHC_THRESHOLD - 26.666666,DHC_MINPTS - 13.333333],}
2,99.91120901195194,{Reading Instances[DISTANCE:EUCLIDEAN],ASH[DISTANCE:EUCLIDEAN,DENCLUE_SIGMA - 14.111111,DENCLUE_EPSILON - 4.522222],AttractionTree[DISTANCE:EUCLIDEAN,DHC_SIGMA - 4.111111,DHC_THRESHOLD - 26.666666,DHC_MINPTS - 13.333333],DensityTree[DISTANCE:EUCLIDEAN,DHC_SIGMA - 4.111111,DHC_THRESHOLD - 26.666666,DHC_MINPTS - 13.333333],}
3,99.91120901195194,{Reading Instances[DISTANCE:EUCLIDEAN],ASH[DISTANCE:EUCLIDEAN,DENCLUE_SIGMA - 14.111111,DENCLUE_EPSILON - 4.522222],AttractionTree[DISTANCE:EUCLIDEAN,DHC_SIGMA - 4.111111,DHC_THRESHOLD - 26.666666,DHC_MINPTS - 13.333333],DensityTree[DISTANCE:EUCLIDEAN,DHC_SIGMA - 4.111111,DHC_THRESHOLD - 26.666666,DHC_MINPTS - 13.333333],}
4,99.91120901195194,{Reading Instances[DISTANCE:EUCLIDEAN],ASH[DISTANCE:EUCLIDEAN,DENCLUE_SIGMA - 14.111111,DENCLUE_EPSILON - 4.522222],AttractionTree[DISTANCE:EUCLIDEAN,DHC_SIGMA - 4.111111,DHC_THRESHOLD - 26.666666,DHC_MINPTS - 13.333333],DensityTree[DISTANCE:EUCLIDEAN,DHC_SIGMA - 4.111111,DHC_THRESHOLD - 26.666666,DHC_MINPTS - 13.333333],}
5,99.92044342932441,{Reading Instances[DISTANCE:EUCLIDEAN],AttractionTree[DISTANCE:BRAYCURTIS,DHC_SIGMA - 11.888889,DHC_THRESHOLD - 48.888885,DHC_MINPTS - 10.0],DensityTree[DISTANCE:CHEBYCHEV,DHC_SIGMA - 11.888889,DHC_THRESHOLD - 48.888885,DHC_MINPTS - 10.0],}
6,99.92657274071996,{Reading Instances[DISTANCE:EUCLIDEAN],AttractionTree[DISTANCE:EUCLIDEAN,DHC_SIGMA - 15.0,DHC_THRESHOLD - 60.0,DHC_MINPTS - 13.333333],DensityTree[DISTANCE:MANHATTAN,DHC_SIGMA - 15.0,DHC_THRESHOLD - 60.0,DHC_MINPTS - 13.333333],}
7,99.92657274071996,{Reading Instances[DISTANCE:EUCLIDEAN],AttractionTree[DISTANCE:BRAYCURTIS,DHC_SIGMA - 15.0,DHC_THRESHOLD - 60.0,DHC_MINPTS - 8.333333],DensityTree[DISTANCE:MANHATTAN,DHC_SIGMA - 15.0,DHC_THRESHOLD - 60.0,DHC_MINPTS - 8.333333],}
8,99.92657274071996,{Reading Instances[DISTANCE:EUCLIDEAN],AttractionTree[DISTANCE:BRAYCURTIS,DHC_SIGMA - 15.0,DHC_THRESHOLD - 60.0,DHC_MINPTS - 8.333333],DensityTree[DISTANCE:MANHATTAN,DHC_SIGMA - 15.0,DHC_THRESHOLD - 60.0,DHC_MINPTS - 8.333333],}
9,99.92657274071996,{Reading Instances[DISTANCE:EUCLIDEAN],AttractionTree[DISTANCE:BRAYCURTIS,DHC_SIGMA - 15.0,DHC_THRESHOLD - 60.0,DHC_MINPTS - 8.333333],DensityTree[DISTANCE:MANHATTAN,DHC_SIGMA - 15.0,DHC_THRESHOLD - 60.0,DHC_MINPTS - 8.333333],}
10,99.97870644942533,{Reading Instances[DISTANCE:EUCLIDEAN],ASH[DISTANCE:BRAYCURTIS,DENCLUE_SIGMA - 40.333332,DENCLUE_EPSILON - 11.155556],AttractionTree[DISTANCE:EUCLIDEAN,DHC_SIGMA - 5.666667,DHC_THRESHOLD - 60.0,DHC_MINPTS - 8.333333],DensityTree[DISTANCE:EUCLIDEAN,DHC_SIGMA - 5.666667,DHC_THRESHOLD - 60.0,DHC_MINPTS - 8.333333],}
1,99.90843603744631,{Reading Instances[DISTANCE:EUCLIDEAN],ASH[DISTANCE:BRAYCURTIS,DENCLUE_SIGMA - 14.111111,DENCLUE_EPSILON - 6.733333],AttractionTree[DISTANCE:CHEBYCHEV,DHC_SIGMA - 15.0,DHC_THRESHOLD - 37.77778,DHC_MINPTS - 6.6666665],DensityTree[DISTANCE:MANHATTAN,DHC_SIGMA - 15.0,DHC_THRESHOLD - 37.77778,DHC_MINPTS - 6.6666665],}
2,99.90942436707986,{Reading Instances[DISTANCE:EUCLIDEAN],AttractionTree[DISTANCE:MANHATTAN,DHC_SIGMA - 13.444445,DHC_THRESHOLD - 48.888885,DHC_MINPTS - 20.0],DensityTree[DISTANCE:CHEBYCHEV,DHC_SIGMA - 13.444445,DHC_THRESHOLD - 48.888885,DHC_MINPTS - 20.0],}
3,99.90942436707986,{Reading Instances[DISTANCE:EUCLIDEAN],AttractionTree[DISTANCE:MANHATTAN,DHC_SIGMA - 13.444445,DHC_THRESHOLD - 48.888885,DHC_MINPTS - 20.0],DensityTree[DISTANCE:CHEBYCHEV,DHC_SIGMA - 13.444445,DHC_THRESHOLD - 48.888885,DHC_MINPTS - 20.0],}
4,99.90942436707986,{Reading Instances[DISTANCE:EUCLIDEAN],AttractionTree[DISTANCE:MANHATTAN,DHC_SIGMA - 13.444445,DHC_THRESHOLD - 48.888885,DHC_MINPTS - 20.0],DensityTree[DISTANCE:CHEBYCHEV,DHC_SIGMA - 13.444445,DHC_THRESHOLD - 48.888885,DHC_MINPTS - 20.0],}
5,99.90942436707986,{Reading Instances[DISTANCE:EUCLIDEAN],AttractionTree[DISTANCE:MANHATTAN,DHC_SIGMA - 13.444445,DHC_THRESHOLD - 48.888885,DHC_MINPTS - 20.0],DensityTree[DISTANCE:EUCLIDEAN,DHC_SIGMA - 13.444445,DHC_THRESHOLD - 48.888885,DHC_MINPTS - 20.0],}
6,99.90942436707986,{Reading Instances[DISTANCE:EUCLIDEAN],AttractionTree[DISTANCE:MANHATTAN,DHC_SIGMA - 13.444445,DHC_THRESHOLD - 48.888885,DHC_MINPTS - 20.0],DensityTree[DISTANCE:EUCLIDEAN,DHC_SIGMA - 13.444445,DHC_THRESHOLD - 48.888885,DHC_MINPTS - 20.0],}
7,99.90942436707986,{Reading Instances[DISTANCE:EUCLIDEAN],AttractionTree[DISTANCE:MANHATTAN,DHC_SIGMA - 13.444445,DHC_THRESHOLD - 48.888885,DHC_MINPTS - 20.0],DensityTree[DISTANCE:EUCLIDEAN,DHC_SIGMA - 13.444445,DHC_THRESHOLD - 48.888885,DHC_MINPTS - 20.0],}
8,99.90942436707986,{Reading Instances[DISTANCE:EUCLIDEAN],AttractionTree[DISTANCE:MANHATTAN,DHC_SIGMA - 13.444445,DHC_THRESHOLD - 48.888885,DHC_MINPTS - 20.0],DensityTree[DISTANCE:EUCLIDEAN,DHC_SIGMA - 13.444445,DHC_THRESHOLD - 48.888885,DHC_MINPTS - 20.0],}
9,99.90942436707986,{Reading Instances[DISTANCE:EUCLIDEAN],AttractionTree[DISTANCE:MANHATTAN,DHC_SIGMA - 13.444445,DHC_THRESHOLD - 48.888885,DHC_MINPTS - 20.0],DensityTree[DISTANCE:EUCLIDEAN,DHC_SIGMA - 13.444445,DHC_THRESHOLD - 48.888885,DHC_MINPTS - 20.0],}
10,99.90942436707986,{Reading Instances[DISTANCE:EUCLIDEAN],AttractionTree[DISTANCE:CHEBYCHEV,DHC_SIGMA - 13.444445,DHC_THRESHOLD - 48.888885,DHC_MINPTS - 16.666666],DensityTree[DISTANCE:BRAYCURTIS,DHC_SIGMA - 13.444445,DHC_THRESHOLD - 48.888885,DHC_MINPTS - 16.666666],}
1,99.86133976087113,{Reading Instances[DISTANCE:EUCLIDEAN],AttractionTree[DISTANCE:BRAYCURTIS,DHC_SIGMA - 10.333334,DHC_THRESHOLD - 21.11111,DHC_MINPTS - 11.666666],DensityTree[DISTANCE:EUCLIDEAN,DHC_SIGMA - 10.333334,DHC_THRESHOLD - 21.11111,DHC_MINPTS - 11.666666],}
2,99.92657274071996,{Reading Instances[DISTANCE:EUCLIDEAN],AttractionTree[DISTANCE:EUCLIDEAN,DHC_SIGMA - 15.0,DHC_THRESHOLD - 60.0,DHC_MINPTS - 10.0],DensityTree[DISTANCE:MANHATTAN,DHC_SIGMA - 15.0,DHC_THRESHOLD - 60.0,DHC_MINPTS - 10.0],}
3,99.92657274071996,{Reading Instances[DISTANCE:EUCLIDEAN],AttractionTree[DISTANCE:EUCLIDEAN,DHC_SIGMA - 15.0,DHC_THRESHOLD - 60.0,DHC_MINPTS - 10.0],DensityTree[DISTANCE:MANHATTAN,DHC_SIGMA - 15.0,DHC_THRESHOLD - 60.0,DHC_MINPTS - 10.0],}
4,99.92657274071996,{Reading Instances[DISTANCE:EUCLIDEAN],AttractionTree[DISTANCE:CHEBYCHEV,DHC_SIGMA - 15.0,DHC_THRESHOLD - 60.0,DHC_MINPTS - 11.666666],DensityTree[DISTANCE:BRAYCURTIS,DHC_SIGMA - 15.0,DHC_THRESHOLD - 60.0,DHC_MINPTS - 11.666666],}
5,99.92657274071996,{Reading Instances[DISTANCE:EUCLIDEAN],AttractionTree[DISTANCE:CHEBYCHEV,DHC_SIGMA - 15.0,DHC_THRESHOLD - 60.0,DHC_MINPTS - 11.666666],DensityTree[DISTANCE:BRAYCURTIS,DHC_SIGMA - 15.0,DHC_THRESHOLD - 60.0,DHC_MINPTS - 11.666666],}
6,99.92657274071996,{Reading Instances[DISTANCE:EUCLIDEAN],AttractionTree[DISTANCE:CHEBYCHEV,DHC_SIGMA - 15.0,DHC_THRESHOLD - 60.0,DHC_MINPTS - 11.666666],DensityTree[DISTANCE:BRAYCURTIS,DHC_SIGMA - 15.0,DHC_THRESHOLD - 60.0,DHC_MINPTS - 11.666666],}
7,99.97150312243164,{Reading Instances[DISTANCE:EUCLIDEAN],ASH[DISTANCE:BRAYCURTIS,DENCLUE_SIGMA - 46.888885,DENCLUE_EPSILON - 4.522222],AttractionTree[DISTANCE:BRAYCURTIS,DHC_SIGMA - 10.333334,DHC_THRESHOLD - 60.0,DHC_MINPTS - 15.0],DensityTree[DISTANCE:MANHATTAN,DHC_SIGMA - 10.333334,DHC_THRESHOLD - 60.0,DHC_MINPTS - 15.0],}
8,99.97870644942533,{Reading Instances[DISTANCE:EUCLIDEAN],ASH[DISTANCE:CHEBYCHEV,DENCLUE_SIGMA - 40.333332,DENCLUE_EPSILON - 15.577778],AttractionTree[DISTANCE:MANHATTAN,DHC_SIGMA - 2.5555556,DHC_THRESHOLD - 60.0,DHC_MINPTS - 11.666666],DensityTree[DISTANCE:MANHATTAN,DHC_SIGMA - 2.5555556,DHC_THRESHOLD - 60.0,DHC_MINPTS - 11.666666],}
9,99.97870644942533,{Reading Instances[DISTANCE:EUCLIDEAN],ASH[DISTANCE:CHEBYCHEV,DENCLUE_SIGMA - 40.333332,DENCLUE_EPSILON - 15.577778],AttractionTree[DISTANCE:MANHATTAN,DHC_SIGMA - 2.5555556,DHC_THRESHOLD - 60.0,DHC_MINPTS - 11.666666],DensityTree[DISTANCE:MANHATTAN,DHC_SIGMA - 2.5555556,DHC_THRESHOLD - 60.0,DHC_MINPTS - 11.666666],}
10,99.97870644942533,{Reading Instances[DISTANCE:EUCLIDEAN],ASH[DISTANCE:CHEBYCHEV,DENCLUE_SIGMA - 40.333332,DENCLUE_EPSILON - 15.577778],AttractionTree[DISTANCE:MANHATTAN,DHC_SIGMA - 2.5555556,DHC_THRESHOLD - 60.0,DHC_MINPTS - 11.666666],DensityTree[DISTANCE:MANHATTAN,DHC_SIGMA - 2.5555556,DHC_THRESHOLD - 60.0,DHC_MINPTS - 11.666666],}
1,99.91732068147311,{Reading Instances[DISTANCE:EUCLIDEAN],AttractionTree[DISTANCE:CHEBYCHEV,DHC_SIGMA - 11.888889,DHC_THRESHOLD - 60.0,DHC_MINPTS - 18.333332],DensityTree[DISTANCE:EUCLIDEAN,DHC_SIGMA - 11.888889,DHC_THRESHOLD - 60.0,DHC_MINPTS - 18.333332],}
2,99.91732068147311,{Reading Instances[DISTANCE:EUCLIDEAN],AttractionTree[DISTANCE:CHEBYCHEV,DHC_SIGMA - 11.888889,DHC_THRESHOLD - 60.0,DHC_MINPTS - 18.333332],DensityTree[DISTANCE:EUCLIDEAN,DHC_SIGMA - 11.888889,DHC_THRESHOLD - 60.0,DHC_MINPTS - 18.333332],}
3,99.91732068147311,{Reading Instances[DISTANCE:EUCLIDEAN],AttractionTree[DISTANCE:CHEBYCHEV,DHC_SIGMA - 11.888889,DHC_THRESHOLD - 60.0,DHC_MINPTS - 18.333332],DensityTree[DISTANCE:EUCLIDEAN,DHC_SIGMA - 11.888889,DHC_THRESHOLD - 60.0,DHC_MINPTS - 18.333332],}
4,99.920493882994,{Reading Instances[DISTANCE:EUCLIDEAN],AttractionTree[DISTANCE:EUCLIDEAN,DHC_SIGMA - 11.888889,DHC_THRESHOLD - 37.77778,DHC_MINPTS - 20.0],DensityTree[DISTANCE:EUCLIDEAN,DHC_SIGMA - 11.888889,DHC_THRESHOLD - 37.77778,DHC_MINPTS - 20.0],}
5,99.920493882994,{Reading Instances[DISTANCE:EUCLIDEAN],AttractionTree[DISTANCE:EUCLIDEAN,DHC_SIGMA - 11.888889,DHC_THRESHOLD - 37.77778,DHC_MINPTS - 20.0],DensityTree[DISTANCE:EUCLIDEAN,DHC_SIGMA - 11.888889,DHC_THRESHOLD - 37.77778,DHC_MINPTS - 20.0],}
6,99.920493882994,{Reading Instances[DISTANCE:EUCLIDEAN],AttractionTree[DISTANCE:EUCLIDEAN,DHC_SIGMA - 11.888889,DHC_THRESHOLD - 37.77778,DHC_MINPTS - 20.0],DensityTree[DISTANCE:EUCLIDEAN,DHC_SIGMA - 11.888889,DHC_THRESHOLD - 37.77778,DHC_MINPTS - 20.0],}
7,99.92657274071996,{Reading Instances[DISTANCE:EUCLIDEAN],AttractionTree[DISTANCE:CHEBYCHEV,DHC_SIGMA - 15.0,DHC_THRESHOLD - 60.0,DHC_MINPTS - 8.333333],DensityTree[DISTANCE:BRAYCURTIS,DHC_SIGMA - 15.0,DHC_THRESHOLD - 60.0,DHC_MINPTS - 8.333333],}
8,99.92657274071996,{Reading Instances[DISTANCE:EUCLIDEAN],AttractionTree[DISTANCE:CHEBYCHEV,DHC_SIGMA - 15.0,DHC_THRESHOLD - 60.0,DHC_MINPTS - 8.333333],DensityTree[DISTANCE:BRAYCURTIS,DHC_SIGMA - 15.0,DHC_THRESHOLD - 60.0,DHC_MINPTS - 8.333333],}
9,99.92657274071996,{Reading Instances[DISTANCE:EUCLIDEAN],AttractionTree[DISTANCE:CHEBYCHEV,DHC_SIGMA - 15.0,DHC_THRESHOLD - 60.0,DHC_MINPTS - 8.333333],DensityTree[DISTANCE:BRAYCURTIS,DHC_SIGMA - 15.0,DHC_THRESHOLD - 60.0,DHC_MINPTS - 8.333333],}
10,99.92657274071996,{Reading Instances[DISTANCE:EUCLIDEAN],AttractionTree[DISTANCE:CHEBYCHEV,DHC_SIGMA - 15.0,DHC_THRESHOLD - 60.0,DHC_MINPTS - 8.333333],DensityTree[DISTANCE:BRAYCURTIS,DHC_SIGMA - 15.0,DHC_THRESHOLD - 60.0,DHC_MINPTS - 8.333333],}
1,99.88043934083544,{Reading Instances[DISTANCE:EUCLIDEAN],AttractionTree[DISTANCE:EUCLIDEAN,DHC_SIGMA - 7.2222223,DHC_THRESHOLD - 60.0,DHC_MINPTS - 8.333333],DensityTree[DISTANCE:BRAYCURTIS,DHC_SIGMA - 7.2222223,DHC_THRESHOLD - 60.0,DHC_MINPTS - 8.333333],}
2,99.88043934083544,{Reading Instances[DISTANCE:EUCLIDEAN],AttractionTree[DISTANCE:CHEBYCHEV,DHC_SIGMA - 7.2222223,DHC_THRESHOLD - 60.0,DHC_MINPTS - 20.0],DensityTree[DISTANCE:EUCLIDEAN,DHC_SIGMA - 7.2222223,DHC_THRESHOLD - 60.0,DHC_MINPTS - 20.0],}
3,99.92182792189223,{Reading Instances[DISTANCE:EUCLIDEAN],ASH[DISTANCE:MANHATTAN,DENCLUE_SIGMA - 20.666666,DENCLUE_EPSILON - 20.0],AttractionTree[DISTANCE:BRAYCURTIS,DHC_SIGMA - 13.444445,DHC_THRESHOLD - 48.888885,DHC_MINPTS - 11.666666],DensityTree[DISTANCE:EUCLIDEAN,DHC_SIGMA - 13.444445,DHC_THRESHOLD - 48.888885,DHC_MINPTS - 11.666666],}
4,99.92182792189223,{Reading Instances[DISTANCE:EUCLIDEAN],ASH[DISTANCE:MANHATTAN,DENCLUE_SIGMA - 20.666666,DENCLUE_EPSILON - 20.0],AttractionTree[DISTANCE:BRAYCURTIS,DHC_SIGMA - 13.444445,DHC_THRESHOLD - 48.888885,DHC_MINPTS - 11.666666],DensityTree[DISTANCE:EUCLIDEAN,DHC_SIGMA - 13.444445,DHC_THRESHOLD - 48.888885,DHC_MINPTS - 11.666666],}
5,99.92657274071996,{Reading Instances[DISTANCE:EUCLIDEAN],AttractionTree[DISTANCE:EUCLIDEAN,DHC_SIGMA - 15.0,DHC_THRESHOLD - 60.0,DHC_MINPTS - 11.666666],DensityTree[DISTANCE:EUCLIDEAN,DHC_SIGMA - 15.0,DHC_THRESHOLD - 60.0,DHC_MINPTS - 11.666666],}
6,99.92657274071996,{Reading Instances[DISTANCE:EUCLIDEAN],AttractionTree[DISTANCE:EUCLIDEAN,DHC_SIGMA - 15.0,DHC_THRESHOLD - 60.0,DHC_MINPTS - 11.666666],DensityTree[DISTANCE:EUCLIDEAN,DHC_SIGMA - 15.0,DHC_THRESHOLD - 60.0,DHC_MINPTS - 11.666666],}
7,99.92657274071996,{Reading Instances[DISTANCE:EUCLIDEAN],AttractionTree[DISTANCE:EUCLIDEAN,DHC_SIGMA - 15.0,DHC_THRESHOLD - 60.0,DHC_MINPTS - 11.666666],DensityTree[DISTANCE:EUCLIDEAN,DHC_SIGMA - 15.0,DHC_THRESHOLD - 60.0,DHC_MINPTS - 11.666666],}
8,99.92657274071996,{Reading Instances[DISTANCE:EUCLIDEAN],AttractionTree[DISTANCE:MANHATTAN,DHC_SIGMA - 15.0,DHC_THRESHOLD - 60.0,DHC_MINPTS - 13.333333],DensityTree[DISTANCE:BRAYCURTIS,DHC_SIGMA - 15.0,DHC_THRESHOLD - 60.0,DHC_MINPTS - 13.333333],}
9,99.92657274071996,{Reading Instances[DISTANCE:EUCLIDEAN],AttractionTree[DISTANCE:MANHATTAN,DHC_SIGMA - 15.0,DHC_THRESHOLD - 60.0,DHC_MINPTS - 13.333333],DensityTree[DISTANCE:BRAYCURTIS,DHC_SIGMA - 15.0,DHC_THRESHOLD - 60.0,DHC_MINPTS - 13.333333],}
10,99.92657274071996,{Reading Instances[DISTANCE:EUCLIDEAN],AttractionTree[DISTANCE:MANHATTAN,DHC_SIGMA - 15.0,DHC_THRESHOLD - 60.0,DHC_MINPTS - 13.333333],DensityTree[DISTANCE:BRAYCURTIS,DHC_SIGMA - 15.0,DHC_THRESHOLD - 60.0,DHC_MINPTS - 13.333333],}
