1,90.1941932430908,{Reading Instances[DISTANCE:EUCLIDEAN],AdaptableKDTree[DISTANCE:MANHATTAN,DESCRY_DENSITY - 46.888885,DESCRY_K - 18.0],MergeByOverlap[DISTANCE:EUCLIDEAN,PHC_RADIUS - 18.0,PHC_GRID - 23.333334],}
2,99.56479549603834,{Reading Instances[DISTANCE:EUCLIDEAN],AttractionTree[DISTANCE:EUCLIDEAN,DHC_SIGMA - 15.0,DHC_MINPTS - 13.333333,DHC_THRESHOLD - 54.444443],DensityTree[DISTANCE:CHEBYCHEV,DHC_SIGMA - 15.0,DHC_MINPTS - 13.333333,DHC_THRESHOLD - 54.444443],}
3,99.56479549603834,{Reading Instances[DISTANCE:EUCLIDEAN],AttractionTree[DISTANCE:EUCLIDEAN,DHC_SIGMA - 15.0,DHC_MINPTS - 13.333333,DHC_THRESHOLD - 54.444443],DensityTree[DISTANCE:CHEBYCHEV,DHC_SIGMA - 15.0,DHC_MINPTS - 13.333333,DHC_THRESHOLD - 54.444443],}
4,99.56479549603834,{Reading Instances[DISTANCE:EUCLIDEAN],AttractionTree[DISTANCE:EUCLIDEAN,DHC_SIGMA - 15.0,DHC_MINPTS - 13.333333,DHC_THRESHOLD - 54.444443],DensityTree[DISTANCE:CHEBYCHEV,DHC_SIGMA - 15.0,DHC_MINPTS - 13.333333,DHC_THRESHOLD - 54.444443],}
5,99.56479549603834,{Reading Instances[DISTANCE:EUCLIDEAN],AttractionTree[DISTANCE:EUCLIDEAN,DHC_SIGMA - 15.0,DHC_MINPTS - 13.333333,DHC_THRESHOLD - 54.444443],DensityTree[DISTANCE:CHEBYCHEV,DHC_SIGMA - 15.0,DHC_MINPTS - 13.333333,DHC_THRESHOLD - 54.444443],}
6,99.56479549603834,{Reading Instances[DISTANCE:EUCLIDEAN],AttractionTree[DISTANCE:EUCLIDEAN,DHC_SIGMA - 15.0,DHC_MINPTS - 13.333333,DHC_THRESHOLD - 54.444443],DensityTree[DISTANCE:CHEBYCHEV,DHC_SIGMA - 15.0,DHC_MINPTS - 13.333333,DHC_THRESHOLD - 54.444443],}
7,99.56479549603834,{Reading Instances[DISTANCE:EUCLIDEAN],AttractionTree[DISTANCE:EUCLIDEAN,DHC_SIGMA - 15.0,DHC_MINPTS - 13.333333,DHC_THRESHOLD - 54.444443],DensityTree[DISTANCE:CHEBYCHEV,DHC_SIGMA - 15.0,DHC_MINPTS - 13.333333,DHC_THRESHOLD - 54.444443],}
8,99.72380143952103,{Reading Instances[DISTANCE:EUCLIDEAN],ASH[DISTANCE:BRAYCURTIS,DENCLUE_EPSILON - 8.944445,DENCLUE_SIGMA - 14.111111],AttractionTree[DISTANCE:BRAYCURTIS,DHC_SIGMA - 15.0,DHC_MINPTS - 8.333333,DHC_THRESHOLD - 60.0],DensityTree[DISTANCE:BRAYCURTIS,DHC_SIGMA - 15.0,DHC_MINPTS - 8.333333,DHC_THRESHOLD - 60.0],}
9,99.72380143952103,{Reading Instances[DISTANCE:EUCLIDEAN],ASH[DISTANCE:BRAYCURTIS,DENCLUE_EPSILON - 8.944445,DENCLUE_SIGMA - 14.111111],AttractionTree[DISTANCE:BRAYCURTIS,DHC_SIGMA - 15.0,DHC_MINPTS - 8.333333,DHC_THRESHOLD - 60.0],DensityTree[DISTANCE:BRAYCURTIS,DHC_SIGMA - 15.0,DHC_MINPTS - 8.333333,DHC_THRESHOLD - 60.0],}
10,99.72380143952103,{Reading Instances[DISTANCE:EUCLIDEAN],ASH[DISTANCE:BRAYCURTIS,DENCLUE_EPSILON - 8.944445,DENCLUE_SIGMA - 14.111111],AttractionTree[DISTANCE:BRAYCURTIS,DHC_SIGMA - 15.0,DHC_MINPTS - 8.333333,DHC_THRESHOLD - 60.0],DensityTree[DISTANCE:BRAYCURTIS,DHC_SIGMA - 15.0,DHC_MINPTS - 8.333333,DHC_THRESHOLD - 60.0],}
1,90.08949374055183,{Reading Instances[DISTANCE:EUCLIDEAN],AttractionTree[DISTANCE:MANHATTAN,DHC_SIGMA - 4.111111,DHC_MINPTS - 13.333333,DHC_THRESHOLD - 54.444443],DensityTree[DISTANCE:EUCLIDEAN,DHC_SIGMA - 4.111111,DHC_MINPTS - 13.333333,DHC_THRESHOLD - 54.444443],}
2,90.08949374055183,{Reading Instances[DISTANCE:EUCLIDEAN],AttractionTree[DISTANCE:MANHATTAN,DHC_SIGMA - 4.111111,DHC_MINPTS - 13.333333,DHC_THRESHOLD - 54.444443],DensityTree[DISTANCE:EUCLIDEAN,DHC_SIGMA - 4.111111,DHC_MINPTS - 13.333333,DHC_THRESHOLD - 54.444443],}
3,97.61609849481387,{Reading Instances[DISTANCE:EUCLIDEAN],AttractionTree[DISTANCE:EUCLIDEAN,DHC_SIGMA - 15.0,DHC_MINPTS - 18.333332,DHC_THRESHOLD - 48.888885],DensityTree[DISTANCE:EUCLIDEAN,DHC_SIGMA - 15.0,DHC_MINPTS - 18.333332,DHC_THRESHOLD - 48.888885],}
4,97.61609849481387,{Reading Instances[DISTANCE:EUCLIDEAN],AttractionTree[DISTANCE:EUCLIDEAN,DHC_SIGMA - 15.0,DHC_MINPTS - 18.333332,DHC_THRESHOLD - 48.888885],DensityTree[DISTANCE:EUCLIDEAN,DHC_SIGMA - 15.0,DHC_MINPTS - 18.333332,DHC_THRESHOLD - 48.888885],}
5,97.61609849481387,{Reading Instances[DISTANCE:EUCLIDEAN],AttractionTree[DISTANCE:EUCLIDEAN,DHC_SIGMA - 15.0,DHC_MINPTS - 18.333332,DHC_THRESHOLD - 48.888885],DensityTree[DISTANCE:EUCLIDEAN,DHC_SIGMA - 15.0,DHC_MINPTS - 18.333332,DHC_THRESHOLD - 48.888885],}
6,97.61609849481387,{Reading Instances[DISTANCE:EUCLIDEAN],AttractionTree[DISTANCE:EUCLIDEAN,DHC_SIGMA - 15.0,DHC_MINPTS - 18.333332,DHC_THRESHOLD - 48.888885],DensityTree[DISTANCE:EUCLIDEAN,DHC_SIGMA - 15.0,DHC_MINPTS - 18.333332,DHC_THRESHOLD - 48.888885],}
7,97.61609849481387,{Reading Instances[DISTANCE:EUCLIDEAN],AttractionTree[DISTANCE:EUCLIDEAN,DHC_SIGMA - 15.0,DHC_MINPTS - 18.333332,DHC_THRESHOLD - 48.888885],DensityTree[DISTANCE:EUCLIDEAN,DHC_SIGMA - 15.0,DHC_MINPTS - 18.333332,DHC_THRESHOLD - 48.888885],}
8,97.61609849481387,{Reading Instances[DISTANCE:EUCLIDEAN],AttractionTree[DISTANCE:EUCLIDEAN,DHC_SIGMA - 15.0,DHC_MINPTS - 18.333332,DHC_THRESHOLD - 48.888885],DensityTree[DISTANCE:EUCLIDEAN,DHC_SIGMA - 15.0,DHC_MINPTS - 18.333332,DHC_THRESHOLD - 48.888885],}
9,97.61609849481387,{Reading Instances[DISTANCE:EUCLIDEAN],AttractionTree[DISTANCE:EUCLIDEAN,DHC_SIGMA - 15.0,DHC_MINPTS - 18.333332,DHC_THRESHOLD - 48.888885],DensityTree[DISTANCE:EUCLIDEAN,DHC_SIGMA - 15.0,DHC_MINPTS - 18.333332,DHC_THRESHOLD - 48.888885],}
10,97.61609849481387,{Reading Instances[DISTANCE:EUCLIDEAN],AttractionTree[DISTANCE:EUCLIDEAN,DHC_SIGMA - 15.0,DHC_MINPTS - 18.333332,DHC_THRESHOLD - 48.888885],DensityTree[DISTANCE:EUCLIDEAN,DHC_SIGMA - 15.0,DHC_MINPTS - 18.333332,DHC_THRESHOLD - 48.888885],}
1,94.35695184552631,{Reading Instances[DISTANCE:EUCLIDEAN],AttractionTree[DISTANCE:MANHATTAN,DHC_SIGMA - 7.2222223,DHC_MINPTS - 10.0,DHC_THRESHOLD - 15.555555],DensityTree[DISTANCE:CHEBYCHEV,DHC_SIGMA - 7.2222223,DHC_MINPTS - 10.0,DHC_THRESHOLD - 15.555555],}
2,94.35695184552631,{Reading Instances[DISTANCE:EUCLIDEAN],AttractionTree[DISTANCE:MANHATTAN,DHC_SIGMA - 7.2222223,DHC_MINPTS - 10.0,DHC_THRESHOLD - 15.555555],DensityTree[DISTANCE:CHEBYCHEV,DHC_SIGMA - 7.2222223,DHC_MINPTS - 10.0,DHC_THRESHOLD - 15.555555],}
3,97.87712982209399,{Reading Instances[DISTANCE:EUCLIDEAN],ASH[DISTANCE:CHEBYCHEV,DENCLUE_EPSILON - 11.155556,DENCLUE_SIGMA - 60.0],AttractionTree[DISTANCE:BRAYCURTIS,DHC_SIGMA - 13.444445,DHC_MINPTS - 20.0,DHC_THRESHOLD - 60.0],DensityTree[DISTANCE:CHEBYCHEV,DHC_SIGMA - 13.444445,DHC_MINPTS - 20.0,DHC_THRESHOLD - 60.0],}
4,97.87712982209399,{Reading Instances[DISTANCE:EUCLIDEAN],ASH[DISTANCE:CHEBYCHEV,DENCLUE_EPSILON - 11.155556,DENCLUE_SIGMA - 60.0],AttractionTree[DISTANCE:BRAYCURTIS,DHC_SIGMA - 13.444445,DHC_MINPTS - 20.0,DHC_THRESHOLD - 60.0],DensityTree[DISTANCE:CHEBYCHEV,DHC_SIGMA - 13.444445,DHC_MINPTS - 20.0,DHC_THRESHOLD - 60.0],}
5,97.87712982209399,{Reading Instances[DISTANCE:EUCLIDEAN],ASH[DISTANCE:CHEBYCHEV,DENCLUE_EPSILON - 11.155556,DENCLUE_SIGMA - 60.0],AttractionTree[DISTANCE:BRAYCURTIS,DHC_SIGMA - 13.444445,DHC_MINPTS - 20.0,DHC_THRESHOLD - 60.0],DensityTree[DISTANCE:CHEBYCHEV,DHC_SIGMA - 13.444445,DHC_MINPTS - 20.0,DHC_THRESHOLD - 60.0],}
6,98.78157329725548,{Reading Instances[DISTANCE:EUCLIDEAN],ASH[DISTANCE:BRAYCURTIS,DENCLUE_EPSILON - 15.577778,DENCLUE_SIGMA - 46.888885],AttractionTree[DISTANCE:BRAYCURTIS,DHC_SIGMA - 15.0,DHC_MINPTS - 13.333333,DHC_THRESHOLD - 60.0],DensityTree[DISTANCE:EUCLIDEAN,DHC_SIGMA - 15.0,DHC_MINPTS - 13.333333,DHC_THRESHOLD - 60.0],}
7,98.78157329725548,{Reading Instances[DISTANCE:EUCLIDEAN],ASH[DISTANCE:BRAYCURTIS,DENCLUE_EPSILON - 15.577778,DENCLUE_SIGMA - 46.888885],AttractionTree[DISTANCE:BRAYCURTIS,DHC_SIGMA - 15.0,DHC_MINPTS - 13.333333,DHC_THRESHOLD - 60.0],DensityTree[DISTANCE:EUCLIDEAN,DHC_SIGMA - 15.0,DHC_MINPTS - 13.333333,DHC_THRESHOLD - 60.0],}
8,98.78157329725548,{Reading Instances[DISTANCE:EUCLIDEAN],ASH[DISTANCE:BRAYCURTIS,DENCLUE_EPSILON - 15.577778,DENCLUE_SIGMA - 46.888885],AttractionTree[DISTANCE:BRAYCURTIS,DHC_SIGMA - 15.0,DHC_MINPTS - 13.333333,DHC_THRESHOLD - 60.0],DensityTree[DISTANCE:EUCLIDEAN,DHC_SIGMA - 15.0,DHC_MINPTS - 13.333333,DHC_THRESHOLD - 60.0],}
9,98.78157329725548,{Reading Instances[DISTANCE:EUCLIDEAN],ASH[DISTANCE:BRAYCURTIS,DENCLUE_EPSILON - 15.577778,DENCLUE_SIGMA - 46.888885],AttractionTree[DISTANCE:BRAYCURTIS,DHC_SIGMA - 15.0,DHC_MINPTS - 13.333333,DHC_THRESHOLD - 60.0],DensityTree[DISTANCE:EUCLIDEAN,DHC_SIGMA - 15.0,DHC_MINPTS - 13.333333,DHC_THRESHOLD - 60.0],}
10,98.78157329725548,{Reading Instances[DISTANCE:EUCLIDEAN],ASH[DISTANCE:BRAYCURTIS,DENCLUE_EPSILON - 15.577778,DENCLUE_SIGMA - 46.888885],AttractionTree[DISTANCE:BRAYCURTIS,DHC_SIGMA - 15.0,DHC_MINPTS - 13.333333,DHC_THRESHOLD - 60.0],DensityTree[DISTANCE:EUCLIDEAN,DHC_SIGMA - 15.0,DHC_MINPTS - 13.333333,DHC_THRESHOLD - 60.0],}
1,96.97314653303904,{Reading Instances[DISTANCE:EUCLIDEAN],AttractionTree[DISTANCE:CHEBYCHEV,DHC_SIGMA - 15.0,DHC_MINPTS - 18.333332,DHC_THRESHOLD - 37.77778],DensityTree[DISTANCE:MANHATTAN,DHC_SIGMA - 15.0,DHC_MINPTS - 18.333332,DHC_THRESHOLD - 37.77778],}
2,96.97314653303904,{Reading Instances[DISTANCE:EUCLIDEAN],AttractionTree[DISTANCE:CHEBYCHEV,DHC_SIGMA - 15.0,DHC_MINPTS - 18.333332,DHC_THRESHOLD - 37.77778],DensityTree[DISTANCE:MANHATTAN,DHC_SIGMA - 15.0,DHC_MINPTS - 18.333332,DHC_THRESHOLD - 37.77778],}
3,96.97314653303904,{Reading Instances[DISTANCE:EUCLIDEAN],AttractionTree[DISTANCE:CHEBYCHEV,DHC_SIGMA - 15.0,DHC_MINPTS - 18.333332,DHC_THRESHOLD - 37.77778],DensityTree[DISTANCE:MANHATTAN,DHC_SIGMA - 15.0,DHC_MINPTS - 18.333332,DHC_THRESHOLD - 37.77778],}
4,96.97314653303904,{Reading Instances[DISTANCE:EUCLIDEAN],AttractionTree[DISTANCE:CHEBYCHEV,DHC_SIGMA - 15.0,DHC_MINPTS - 18.333332,DHC_THRESHOLD - 37.77778],DensityTree[DISTANCE:MANHATTAN,DHC_SIGMA - 15.0,DHC_MINPTS - 18.333332,DHC_THRESHOLD - 37.77778],}
5,96.97314653303904,{Reading Instances[DISTANCE:EUCLIDEAN],AttractionTree[DISTANCE:CHEBYCHEV,DHC_SIGMA - 15.0,DHC_MINPTS - 18.333332,DHC_THRESHOLD - 37.77778],DensityTree[DISTANCE:MANHATTAN,DHC_SIGMA - 15.0,DHC_MINPTS - 18.333332,DHC_THRESHOLD - 37.77778],}
6,96.97314653303904,{Reading Instances[DISTANCE:EUCLIDEAN],AttractionTree[DISTANCE:CHEBYCHEV,DHC_SIGMA - 15.0,DHC_MINPTS - 18.333332,DHC_THRESHOLD - 37.77778],DensityTree[DISTANCE:MANHATTAN,DHC_SIGMA - 15.0,DHC_MINPTS - 18.333332,DHC_THRESHOLD - 37.77778],}
7,96.97314653303904,{Reading Instances[DISTANCE:EUCLIDEAN],AttractionTree[DISTANCE:CHEBYCHEV,DHC_SIGMA - 15.0,DHC_MINPTS - 18.333332,DHC_THRESHOLD - 37.77778],DensityTree[DISTANCE:MANHATTAN,DHC_SIGMA - 15.0,DHC_MINPTS - 18.333332,DHC_THRESHOLD - 37.77778],}
8,97.06000295025174,{Reading Instances[DISTANCE:EUCLIDEAN],AttractionTree[DISTANCE:CHEBYCHEV,DHC_SIGMA - 13.444445,DHC_MINPTS - 16.666666,DHC_THRESHOLD - 43.333332],DensityTree[DISTANCE:CHEBYCHEV,DHC_SIGMA - 13.444445,DHC_MINPTS - 16.666666,DHC_THRESHOLD - 43.333332],}
9,97.06000295025174,{Reading Instances[DISTANCE:EUCLIDEAN],AttractionTree[DISTANCE:CHEBYCHEV,DHC_SIGMA - 13.444445,DHC_MINPTS - 16.666666,DHC_THRESHOLD - 43.333332],DensityTree[DISTANCE:CHEBYCHEV,DHC_SIGMA - 13.444445,DHC_MINPTS - 16.666666,DHC_THRESHOLD - 43.333332],}
10,97.06000295025174,{Reading Instances[DISTANCE:EUCLIDEAN],AttractionTree[DISTANCE:CHEBYCHEV,DHC_SIGMA - 13.444445,DHC_MINPTS - 16.666666,DHC_THRESHOLD - 43.333332],DensityTree[DISTANCE:CHEBYCHEV,DHC_SIGMA - 13.444445,DHC_MINPTS - 16.666666,DHC_THRESHOLD - 43.333332],}
1,96.95720866092994,{Reading Instances[DISTANCE:EUCLIDEAN],ASH[DISTANCE:EUCLIDEAN,DENCLUE_EPSILON - 11.155556,DENCLUE_SIGMA - 27.222221],AttractionTree[DISTANCE:MANHATTAN,DHC_SIGMA - 15.0,DHC_MINPTS - 16.666666,DHC_THRESHOLD - 37.77778],DensityTree[DISTANCE:EUCLIDEAN,DHC_SIGMA - 15.0,DHC_MINPTS - 16.666666,DHC_THRESHOLD - 37.77778],}
2,96.95720866092994,{Reading Instances[DISTANCE:EUCLIDEAN],ASH[DISTANCE:EUCLIDEAN,DENCLUE_EPSILON - 11.155556,DENCLUE_SIGMA - 27.222221],AttractionTree[DISTANCE:MANHATTAN,DHC_SIGMA - 15.0,DHC_MINPTS - 16.666666,DHC_THRESHOLD - 37.77778],DensityTree[DISTANCE:EUCLIDEAN,DHC_SIGMA - 15.0,DHC_MINPTS - 16.666666,DHC_THRESHOLD - 37.77778],}
3,96.95720866092994,{Reading Instances[DISTANCE:EUCLIDEAN],ASH[DISTANCE:EUCLIDEAN,DENCLUE_EPSILON - 11.155556,DENCLUE_SIGMA - 27.222221],AttractionTree[DISTANCE:MANHATTAN,DHC_SIGMA - 15.0,DHC_MINPTS - 16.666666,DHC_THRESHOLD - 37.77778],DensityTree[DISTANCE:EUCLIDEAN,DHC_SIGMA - 15.0,DHC_MINPTS - 16.666666,DHC_THRESHOLD - 37.77778],}
4,96.95720866092994,{Reading Instances[DISTANCE:EUCLIDEAN],ASH[DISTANCE:EUCLIDEAN,DENCLUE_EPSILON - 11.155556,DENCLUE_SIGMA - 27.222221],AttractionTree[DISTANCE:MANHATTAN,DHC_SIGMA - 15.0,DHC_MINPTS - 16.666666,DHC_THRESHOLD - 37.77778],DensityTree[DISTANCE:EUCLIDEAN,DHC_SIGMA - 15.0,DHC_MINPTS - 16.666666,DHC_THRESHOLD - 37.77778],}
5,96.95720866092994,{Reading Instances[DISTANCE:EUCLIDEAN],ASH[DISTANCE:EUCLIDEAN,DENCLUE_EPSILON - 11.155556,DENCLUE_SIGMA - 27.222221],AttractionTree[DISTANCE:MANHATTAN,DHC_SIGMA - 15.0,DHC_MINPTS - 16.666666,DHC_THRESHOLD - 37.77778],DensityTree[DISTANCE:EUCLIDEAN,DHC_SIGMA - 15.0,DHC_MINPTS - 16.666666,DHC_THRESHOLD - 37.77778],}
6,96.95720866092994,{Reading Instances[DISTANCE:EUCLIDEAN],ASH[DISTANCE:EUCLIDEAN,DENCLUE_EPSILON - 11.155556,DENCLUE_SIGMA - 27.222221],AttractionTree[DISTANCE:MANHATTAN,DHC_SIGMA - 15.0,DHC_MINPTS - 16.666666,DHC_THRESHOLD - 37.77778],DensityTree[DISTANCE:EUCLIDEAN,DHC_SIGMA - 15.0,DHC_MINPTS - 16.666666,DHC_THRESHOLD - 37.77778],}
7,96.95720866092994,{Reading Instances[DISTANCE:EUCLIDEAN],ASH[DISTANCE:EUCLIDEAN,DENCLUE_EPSILON - 11.155556,DENCLUE_SIGMA - 27.222221],AttractionTree[DISTANCE:MANHATTAN,DHC_SIGMA - 15.0,DHC_MINPTS - 16.666666,DHC_THRESHOLD - 37.77778],DensityTree[DISTANCE:EUCLIDEAN,DHC_SIGMA - 15.0,DHC_MINPTS - 16.666666,DHC_THRESHOLD - 37.77778],}
8,96.95720866092994,{Reading Instances[DISTANCE:EUCLIDEAN],ASH[DISTANCE:EUCLIDEAN,DENCLUE_EPSILON - 11.155556,DENCLUE_SIGMA - 27.222221],AttractionTree[DISTANCE:MANHATTAN,DHC_SIGMA - 15.0,DHC_MINPTS - 16.666666,DHC_THRESHOLD - 37.77778],DensityTree[DISTANCE:EUCLIDEAN,DHC_SIGMA - 15.0,DHC_MINPTS - 16.666666,DHC_THRESHOLD - 37.77778],}
9,97.141318947303,{Reading Instances[DISTANCE:EUCLIDEAN],ASH[DISTANCE:EUCLIDEAN,DENCLUE_EPSILON - 6.733333,DENCLUE_SIGMA - 20.666666],AttractionTree[DISTANCE:MANHATTAN,DHC_SIGMA - 8.777778,DHC_MINPTS - 16.666666,DHC_THRESHOLD - 54.444443],DensityTree[DISTANCE:MANHATTAN,DHC_SIGMA - 8.777778,DHC_MINPTS - 16.666666,DHC_THRESHOLD - 54.444443],}
10,97.141318947303,{Reading Instances[DISTANCE:EUCLIDEAN],ASH[DISTANCE:EUCLIDEAN,DENCLUE_EPSILON - 6.733333,DENCLUE_SIGMA - 20.666666],AttractionTree[DISTANCE:MANHATTAN,DHC_SIGMA - 8.777778,DHC_MINPTS - 16.666666,DHC_THRESHOLD - 54.444443],DensityTree[DISTANCE:MANHATTAN,DHC_SIGMA - 8.777778,DHC_MINPTS - 16.666666,DHC_THRESHOLD - 54.444443],}
1,89.89028198830991,{Reading Instances[DISTANCE:EUCLIDEAN],ASH[DISTANCE:MANHATTAN,DENCLUE_EPSILON - 13.366667,DENCLUE_SIGMA - 27.222221],AttractionTree[DISTANCE:EUCLIDEAN,DHC_SIGMA - 8.777778,DHC_MINPTS - 10.0,DHC_THRESHOLD - 21.11111],DensityTree[DISTANCE:EUCLIDEAN,DHC_SIGMA - 8.777778,DHC_MINPTS - 10.0,DHC_THRESHOLD - 21.11111],}
2,95.96833222184809,{Reading Instances[DISTANCE:EUCLIDEAN],AttractionTree[DISTANCE:MANHATTAN,DHC_SIGMA - 11.888889,DHC_MINPTS - 16.666666,DHC_THRESHOLD - 37.77778],DensityTree[DISTANCE:CHEBYCHEV,DHC_SIGMA - 11.888889,DHC_MINPTS - 16.666666,DHC_THRESHOLD - 37.77778],}
3,96.21559593199869,{Reading Instances[DISTANCE:EUCLIDEAN],AttractionTree[DISTANCE:MANHATTAN,DHC_SIGMA - 15.0,DHC_MINPTS - 15.0,DHC_THRESHOLD - 37.77778],DensityTree[DISTANCE:MANHATTAN,DHC_SIGMA - 15.0,DHC_MINPTS - 15.0,DHC_THRESHOLD - 37.77778],}
4,96.21559593199869,{Reading Instances[DISTANCE:EUCLIDEAN],AttractionTree[DISTANCE:MANHATTAN,DHC_SIGMA - 15.0,DHC_MINPTS - 15.0,DHC_THRESHOLD - 37.77778],DensityTree[DISTANCE:MANHATTAN,DHC_SIGMA - 15.0,DHC_MINPTS - 15.0,DHC_THRESHOLD - 37.77778],}
5,96.21559593199869,{Reading Instances[DISTANCE:EUCLIDEAN],AttractionTree[DISTANCE:MANHATTAN,DHC_SIGMA - 15.0,DHC_MINPTS - 15.0,DHC_THRESHOLD - 37.77778],DensityTree[DISTANCE:MANHATTAN,DHC_SIGMA - 15.0,DHC_MINPTS - 15.0,DHC_THRESHOLD - 37.77778],}
6,96.21559593199869,{Reading Instances[DISTANCE:EUCLIDEAN],AttractionTree[DISTANCE:MANHATTAN,DHC_SIGMA - 15.0,DHC_MINPTS - 15.0,DHC_THRESHOLD - 37.77778],DensityTree[DISTANCE:MANHATTAN,DHC_SIGMA - 15.0,DHC_MINPTS - 15.0,DHC_THRESHOLD - 37.77778],}
7,96.21559593199869,{Reading Instances[DISTANCE:EUCLIDEAN],AttractionTree[DISTANCE:MANHATTAN,DHC_SIGMA - 15.0,DHC_MINPTS - 15.0,DHC_THRESHOLD - 37.77778],DensityTree[DISTANCE:MANHATTAN,DHC_SIGMA - 15.0,DHC_MINPTS - 15.0,DHC_THRESHOLD - 37.77778],}
8,96.21559593199869,{Reading Instances[DISTANCE:EUCLIDEAN],AttractionTree[DISTANCE:MANHATTAN,DHC_SIGMA - 15.0,DHC_MINPTS - 15.0,DHC_THRESHOLD - 37.77778],DensityTree[DISTANCE:MANHATTAN,DHC_SIGMA - 15.0,DHC_MINPTS - 15.0,DHC_THRESHOLD - 37.77778],}
9,96.21559593199869,{Reading Instances[DISTANCE:EUCLIDEAN],AttractionTree[DISTANCE:MANHATTAN,DHC_SIGMA - 15.0,DHC_MINPTS - 15.0,DHC_THRESHOLD - 37.77778],DensityTree[DISTANCE:MANHATTAN,DHC_SIGMA - 15.0,DHC_MINPTS - 15.0,DHC_THRESHOLD - 37.77778],}
10,96.21559593199869,{Reading Instances[DISTANCE:EUCLIDEAN],AttractionTree[DISTANCE:MANHATTAN,DHC_SIGMA - 15.0,DHC_MINPTS - 15.0,DHC_THRESHOLD - 37.77778],DensityTree[DISTANCE:MANHATTAN,DHC_SIGMA - 15.0,DHC_MINPTS - 15.0,DHC_THRESHOLD - 37.77778],}
1,74.13359659304804,{Reading Instances[DISTANCE:EUCLIDEAN],DenseAreas[DISTANCE:MANHATTAN,CLIQUE_THRESHOLD - 0.066666745,CLIQUE_SLICES - 11.222222],ClusterByPartition[DISTANCE:MANHATTAN,CLIQUE_THRESHOLD - 0.066666745,CLIQUE_SLICES - 11.222222],}
2,90.1941932430908,{Reading Instances[DISTANCE:EUCLIDEAN],AdaptableKDTree[DISTANCE:EUCLIDEAN,DESCRY_DENSITY - 7.5555553,DESCRY_K - 6.0],MergeByOverlap[DISTANCE:MANHATTAN,PHC_RADIUS - 50.0,PHC_GRID - 18.0],}
3,94.62990420916199,{Reading Instances[DISTANCE:EUCLIDEAN],AttractionTree[DISTANCE:CHEBYCHEV,DHC_SIGMA - 7.2222223,DHC_MINPTS - 6.6666665,DHC_THRESHOLD - 32.22222],DensityTree[DISTANCE:BRAYCURTIS,DHC_SIGMA - 7.2222223,DHC_MINPTS - 6.6666665,DHC_THRESHOLD - 32.22222],}
4,94.67871975120357,{Reading Instances[DISTANCE:EUCLIDEAN],AttractionTree[DISTANCE:BRAYCURTIS,DHC_SIGMA - 8.777778,DHC_MINPTS - 13.333333,DHC_THRESHOLD - 15.555555],DensityTree[DISTANCE:MANHATTAN,DHC_SIGMA - 8.777778,DHC_MINPTS - 13.333333,DHC_THRESHOLD - 15.555555],}
5,94.67871975120357,{Reading Instances[DISTANCE:EUCLIDEAN],AttractionTree[DISTANCE:BRAYCURTIS,DHC_SIGMA - 8.777778,DHC_MINPTS - 13.333333,DHC_THRESHOLD - 15.555555],DensityTree[DISTANCE:MANHATTAN,DHC_SIGMA - 8.777778,DHC_MINPTS - 13.333333,DHC_THRESHOLD - 15.555555],}
6,97.22271345968713,{Reading Instances[DISTANCE:EUCLIDEAN],ASH[DISTANCE:CHEBYCHEV,DENCLUE_EPSILON - 11.155556,DENCLUE_SIGMA - 53.444443],AttractionTree[DISTANCE:CHEBYCHEV,DHC_SIGMA - 7.2222223,DHC_MINPTS - 20.0,DHC_THRESHOLD - 54.444443],DensityTree[DISTANCE:BRAYCURTIS,DHC_SIGMA - 7.2222223,DHC_MINPTS - 20.0,DHC_THRESHOLD - 54.444443],}
7,97.22271345968713,{Reading Instances[DISTANCE:EUCLIDEAN],ASH[DISTANCE:CHEBYCHEV,DENCLUE_EPSILON - 11.155556,DENCLUE_SIGMA - 53.444443],AttractionTree[DISTANCE:CHEBYCHEV,DHC_SIGMA - 7.2222223,DHC_MINPTS - 20.0,DHC_THRESHOLD - 54.444443],DensityTree[DISTANCE:BRAYCURTIS,DHC_SIGMA - 7.2222223,DHC_MINPTS - 20.0,DHC_THRESHOLD - 54.444443],}
