1,97.45644967386642,{Reading Instances[DISTANCE:EUCLIDEAN],ASH[DISTANCE:MANHATTAN,DENCLUE_SIGMA - 20.666666,DENCLUE_EPSILON - 13.366667],AttractionTree[DISTANCE:BRAYCURTIS,DHC_THRESHOLD - 32.22222,DHC_SIGMA - 8.777778,DHC_MINPTS - 6.6666665],DensityTree[DISTANCE:EUCLIDEAN,DHC_THRESHOLD - 32.22222,DHC_SIGMA - 8.777778,DHC_MINPTS - 6.6666665],}
2,99.49341060961746,{Reading Instances[DISTANCE:EUCLIDEAN],AttractionTree[DISTANCE:CHEBYCHEV,DHC_THRESHOLD - 43.333332,DHC_SIGMA - 13.444445,DHC_MINPTS - 20.0],DensityTree[DISTANCE:BRAYCURTIS,DHC_THRESHOLD - 43.333332,DHC_SIGMA - 13.444445,DHC_MINPTS - 20.0],}
3,99.59340278642094,{Reading Instances[DISTANCE:EUCLIDEAN],AttractionTree[DISTANCE:CHEBYCHEV,DHC_THRESHOLD - 60.0,DHC_SIGMA - 13.444445,DHC_MINPTS - 6.6666665],DensityTree[DISTANCE:EUCLIDEAN,DHC_THRESHOLD - 60.0,DHC_SIGMA - 13.444445,DHC_MINPTS - 6.6666665],}
4,99.59340278642094,{Reading Instances[DISTANCE:EUCLIDEAN],AttractionTree[DISTANCE:CHEBYCHEV,DHC_THRESHOLD - 60.0,DHC_SIGMA - 13.444445,DHC_MINPTS - 6.6666665],DensityTree[DISTANCE:EUCLIDEAN,DHC_THRESHOLD - 60.0,DHC_SIGMA - 13.444445,DHC_MINPTS - 6.6666665],}
5,99.59340278642094,{Reading Instances[DISTANCE:EUCLIDEAN],AttractionTree[DISTANCE:CHEBYCHEV,DHC_THRESHOLD - 60.0,DHC_SIGMA - 13.444445,DHC_MINPTS - 6.6666665],DensityTree[DISTANCE:EUCLIDEAN,DHC_THRESHOLD - 60.0,DHC_SIGMA - 13.444445,DHC_MINPTS - 6.6666665],}
6,99.98399979688331,{Reading Instances[DISTANCE:EUCLIDEAN],AttractionTree[DISTANCE:MANHATTAN,DHC_THRESHOLD - 54.444443,DHC_SIGMA - 15.0,DHC_MINPTS - 13.333333],DensityTree[DISTANCE:EUCLIDEAN,DHC_THRESHOLD - 54.444443,DHC_SIGMA - 15.0,DHC_MINPTS - 13.333333],}
7,99.98399979688331,{Reading Instances[DISTANCE:EUCLIDEAN],AttractionTree[DISTANCE:MANHATTAN,DHC_THRESHOLD - 54.444443,DHC_SIGMA - 15.0,DHC_MINPTS - 13.333333],DensityTree[DISTANCE:EUCLIDEAN,DHC_THRESHOLD - 54.444443,DHC_SIGMA - 15.0,DHC_MINPTS - 13.333333],}
8,99.99996462652817,{Reading Instances[DISTANCE:EUCLIDEAN],AttractionTree[DISTANCE:BRAYCURTIS,DHC_THRESHOLD - 60.0,DHC_SIGMA - 11.888889,DHC_MINPTS - 16.666666],DensityTree[DISTANCE:MANHATTAN,DHC_THRESHOLD - 60.0,DHC_SIGMA - 11.888889,DHC_MINPTS - 16.666666],}
9,99.99996462652817,{Reading Instances[DISTANCE:EUCLIDEAN],AttractionTree[DISTANCE:BRAYCURTIS,DHC_THRESHOLD - 60.0,DHC_SIGMA - 11.888889,DHC_MINPTS - 10.0],DensityTree[DISTANCE:CHEBYCHEV,DHC_THRESHOLD - 60.0,DHC_SIGMA - 11.888889,DHC_MINPTS - 10.0],}
10,99.99999872336325,{Reading Instances[DISTANCE:EUCLIDEAN],AttractionTree[DISTANCE:CHEBYCHEV,DHC_THRESHOLD - 54.444443,DHC_SIGMA - 10.333334,DHC_MINPTS - 8.333333],DensityTree[DISTANCE:CHEBYCHEV,DHC_THRESHOLD - 54.444443,DHC_SIGMA - 10.333334,DHC_MINPTS - 8.333333],}
11,99.99999872336325,{Reading Instances[DISTANCE:EUCLIDEAN],AttractionTree[DISTANCE:CHEBYCHEV,DHC_THRESHOLD - 54.444443,DHC_SIGMA - 10.333334,DHC_MINPTS - 8.333333],DensityTree[DISTANCE:CHEBYCHEV,DHC_THRESHOLD - 54.444443,DHC_SIGMA - 10.333334,DHC_MINPTS - 8.333333],}
12,99.99999872336325,{Reading Instances[DISTANCE:EUCLIDEAN],AttractionTree[DISTANCE:CHEBYCHEV,DHC_THRESHOLD - 54.444443,DHC_SIGMA - 10.333334,DHC_MINPTS - 8.333333],DensityTree[DISTANCE:CHEBYCHEV,DHC_THRESHOLD - 54.444443,DHC_SIGMA - 10.333334,DHC_MINPTS - 8.333333],}
13,99.99999872336325,{Reading Instances[DISTANCE:EUCLIDEAN],AttractionTree[DISTANCE:CHEBYCHEV,DHC_THRESHOLD - 54.444443,DHC_SIGMA - 10.333334,DHC_MINPTS - 8.333333],DensityTree[DISTANCE:CHEBYCHEV,DHC_THRESHOLD - 54.444443,DHC_SIGMA - 10.333334,DHC_MINPTS - 8.333333],}
14,99.99999872336325,{Reading Instances[DISTANCE:EUCLIDEAN],AttractionTree[DISTANCE:CHEBYCHEV,DHC_THRESHOLD - 54.444443,DHC_SIGMA - 10.333334,DHC_MINPTS - 8.333333],DensityTree[DISTANCE:CHEBYCHEV,DHC_THRESHOLD - 54.444443,DHC_SIGMA - 10.333334,DHC_MINPTS - 8.333333],}
15,99.99999872336325,{Reading Instances[DISTANCE:EUCLIDEAN],AttractionTree[DISTANCE:CHEBYCHEV,DHC_THRESHOLD - 54.444443,DHC_SIGMA - 10.333334,DHC_MINPTS - 8.333333],DensityTree[DISTANCE:CHEBYCHEV,DHC_THRESHOLD - 54.444443,DHC_SIGMA - 10.333334,DHC_MINPTS - 8.333333],}
16,99.99999872336325,{Reading Instances[DISTANCE:EUCLIDEAN],AttractionTree[DISTANCE:CHEBYCHEV,DHC_THRESHOLD - 54.444443,DHC_SIGMA - 10.333334,DHC_MINPTS - 8.333333],DensityTree[DISTANCE:CHEBYCHEV,DHC_THRESHOLD - 54.444443,DHC_SIGMA - 10.333334,DHC_MINPTS - 8.333333],}
17,99.99999872336325,{Reading Instances[DISTANCE:EUCLIDEAN],AttractionTree[DISTANCE:CHEBYCHEV,DHC_THRESHOLD - 54.444443,DHC_SIGMA - 10.333334,DHC_MINPTS - 8.333333],DensityTree[DISTANCE:CHEBYCHEV,DHC_THRESHOLD - 54.444443,DHC_SIGMA - 10.333334,DHC_MINPTS - 8.333333],}
18,99.99999872336325,{Reading Instances[DISTANCE:EUCLIDEAN],AttractionTree[DISTANCE:CHEBYCHEV,DHC_THRESHOLD - 54.444443,DHC_SIGMA - 10.333334,DHC_MINPTS - 8.333333],DensityTree[DISTANCE:CHEBYCHEV,DHC_THRESHOLD - 54.444443,DHC_SIGMA - 10.333334,DHC_MINPTS - 8.333333],}
19,99.99999872336325,{Reading Instances[DISTANCE:EUCLIDEAN],AttractionTree[DISTANCE:CHEBYCHEV,DHC_THRESHOLD - 54.444443,DHC_SIGMA - 10.333334,DHC_MINPTS - 8.333333],DensityTree[DISTANCE:CHEBYCHEV,DHC_THRESHOLD - 54.444443,DHC_SIGMA - 10.333334,DHC_MINPTS - 8.333333],}
20,99.99999872336325,{Reading Instances[DISTANCE:EUCLIDEAN],AttractionTree[DISTANCE:CHEBYCHEV,DHC_THRESHOLD - 54.444443,DHC_SIGMA - 10.333334,DHC_MINPTS - 8.333333],DensityTree[DISTANCE:CHEBYCHEV,DHC_THRESHOLD - 54.444443,DHC_SIGMA - 10.333334,DHC_MINPTS - 8.333333],}
21,99.99999872336325,{Reading Instances[DISTANCE:EUCLIDEAN],AttractionTree[DISTANCE:CHEBYCHEV,DHC_THRESHOLD - 54.444443,DHC_SIGMA - 10.333334,DHC_MINPTS - 8.333333],DensityTree[DISTANCE:CHEBYCHEV,DHC_THRESHOLD - 54.444443,DHC_SIGMA - 10.333334,DHC_MINPTS - 8.333333],}
22,99.99999872336325,{Reading Instances[DISTANCE:EUCLIDEAN],AttractionTree[DISTANCE:CHEBYCHEV,DHC_THRESHOLD - 54.444443,DHC_SIGMA - 10.333334,DHC_MINPTS - 8.333333],DensityTree[DISTANCE:CHEBYCHEV,DHC_THRESHOLD - 54.444443,DHC_SIGMA - 10.333334,DHC_MINPTS - 8.333333],}
23,99.99999872336325,{Reading Instances[DISTANCE:EUCLIDEAN],AttractionTree[DISTANCE:CHEBYCHEV,DHC_THRESHOLD - 54.444443,DHC_SIGMA - 10.333334,DHC_MINPTS - 8.333333],DensityTree[DISTANCE:CHEBYCHEV,DHC_THRESHOLD - 54.444443,DHC_SIGMA - 10.333334,DHC_MINPTS - 8.333333],}
24,99.99999872336325,{Reading Instances[DISTANCE:EUCLIDEAN],AttractionTree[DISTANCE:CHEBYCHEV,DHC_THRESHOLD - 54.444443,DHC_SIGMA - 10.333334,DHC_MINPTS - 8.333333],DensityTree[DISTANCE:CHEBYCHEV,DHC_THRESHOLD - 54.444443,DHC_SIGMA - 10.333334,DHC_MINPTS - 8.333333],}
25,99.99999872336325,{Reading Instances[DISTANCE:EUCLIDEAN],AttractionTree[DISTANCE:CHEBYCHEV,DHC_THRESHOLD - 54.444443,DHC_SIGMA - 10.333334,DHC_MINPTS - 8.333333],DensityTree[DISTANCE:CHEBYCHEV,DHC_THRESHOLD - 54.444443,DHC_SIGMA - 10.333334,DHC_MINPTS - 8.333333],}
26,99.99999872336325,{Reading Instances[DISTANCE:EUCLIDEAN],AttractionTree[DISTANCE:CHEBYCHEV,DHC_THRESHOLD - 54.444443,DHC_SIGMA - 10.333334,DHC_MINPTS - 8.333333],DensityTree[DISTANCE:CHEBYCHEV,DHC_THRESHOLD - 54.444443,DHC_SIGMA - 10.333334,DHC_MINPTS - 8.333333],}
27,99.99999872336325,{Reading Instances[DISTANCE:EUCLIDEAN],AttractionTree[DISTANCE:CHEBYCHEV,DHC_THRESHOLD - 54.444443,DHC_SIGMA - 10.333334,DHC_MINPTS - 8.333333],DensityTree[DISTANCE:CHEBYCHEV,DHC_THRESHOLD - 54.444443,DHC_SIGMA - 10.333334,DHC_MINPTS - 8.333333],}
28,99.99999872336325,{Reading Instances[DISTANCE:EUCLIDEAN],AttractionTree[DISTANCE:CHEBYCHEV,DHC_THRESHOLD - 54.444443,DHC_SIGMA - 10.333334,DHC_MINPTS - 8.333333],DensityTree[DISTANCE:CHEBYCHEV,DHC_THRESHOLD - 54.444443,DHC_SIGMA - 10.333334,DHC_MINPTS - 8.333333],}
29,99.99999872336325,{Reading Instances[DISTANCE:EUCLIDEAN],AttractionTree[DISTANCE:CHEBYCHEV,DHC_THRESHOLD - 54.444443,DHC_SIGMA - 10.333334,DHC_MINPTS - 8.333333],DensityTree[DISTANCE:CHEBYCHEV,DHC_THRESHOLD - 54.444443,DHC_SIGMA - 10.333334,DHC_MINPTS - 8.333333],}
30,99.99999872336325,{Reading Instances[DISTANCE:EUCLIDEAN],AttractionTree[DISTANCE:CHEBYCHEV,DHC_THRESHOLD - 54.444443,DHC_SIGMA - 10.333334,DHC_MINPTS - 8.333333],DensityTree[DISTANCE:CHEBYCHEV,DHC_THRESHOLD - 54.444443,DHC_SIGMA - 10.333334,DHC_MINPTS - 8.333333],}
31,99.99999872336325,{Reading Instances[DISTANCE:EUCLIDEAN],AttractionTree[DISTANCE:CHEBYCHEV,DHC_THRESHOLD - 54.444443,DHC_SIGMA - 10.333334,DHC_MINPTS - 8.333333],DensityTree[DISTANCE:CHEBYCHEV,DHC_THRESHOLD - 54.444443,DHC_SIGMA - 10.333334,DHC_MINPTS - 8.333333],}
32,99.99999872336325,{Reading Instances[DISTANCE:EUCLIDEAN],AttractionTree[DISTANCE:CHEBYCHEV,DHC_THRESHOLD - 54.444443,DHC_SIGMA - 10.333334,DHC_MINPTS - 8.333333],DensityTree[DISTANCE:CHEBYCHEV,DHC_THRESHOLD - 54.444443,DHC_SIGMA - 10.333334,DHC_MINPTS - 8.333333],}
33,99.99999872336325,{Reading Instances[DISTANCE:EUCLIDEAN],AttractionTree[DISTANCE:CHEBYCHEV,DHC_THRESHOLD - 54.444443,DHC_SIGMA - 10.333334,DHC_MINPTS - 8.333333],DensityTree[DISTANCE:CHEBYCHEV,DHC_THRESHOLD - 54.444443,DHC_SIGMA - 10.333334,DHC_MINPTS - 8.333333],}
34,99.99999872336325,{Reading Instances[DISTANCE:EUCLIDEAN],AttractionTree[DISTANCE:CHEBYCHEV,DHC_THRESHOLD - 54.444443,DHC_SIGMA - 10.333334,DHC_MINPTS - 8.333333],DensityTree[DISTANCE:CHEBYCHEV,DHC_THRESHOLD - 54.444443,DHC_SIGMA - 10.333334,DHC_MINPTS - 8.333333],}
35,99.99999872336325,{Reading Instances[DISTANCE:EUCLIDEAN],AttractionTree[DISTANCE:CHEBYCHEV,DHC_THRESHOLD - 54.444443,DHC_SIGMA - 10.333334,DHC_MINPTS - 8.333333],DensityTree[DISTANCE:CHEBYCHEV,DHC_THRESHOLD - 54.444443,DHC_SIGMA - 10.333334,DHC_MINPTS - 8.333333],}
36,99.99999872336325,{Reading Instances[DISTANCE:EUCLIDEAN],AttractionTree[DISTANCE:CHEBYCHEV,DHC_THRESHOLD - 54.444443,DHC_SIGMA - 10.333334,DHC_MINPTS - 8.333333],DensityTree[DISTANCE:CHEBYCHEV,DHC_THRESHOLD - 54.444443,DHC_SIGMA - 10.333334,DHC_MINPTS - 8.333333],}
37,99.99999872336325,{Reading Instances[DISTANCE:EUCLIDEAN],AttractionTree[DISTANCE:CHEBYCHEV,DHC_THRESHOLD - 54.444443,DHC_SIGMA - 10.333334,DHC_MINPTS - 8.333333],DensityTree[DISTANCE:CHEBYCHEV,DHC_THRESHOLD - 54.444443,DHC_SIGMA - 10.333334,DHC_MINPTS - 8.333333],}
38,99.99999872336325,{Reading Instances[DISTANCE:EUCLIDEAN],AttractionTree[DISTANCE:CHEBYCHEV,DHC_THRESHOLD - 54.444443,DHC_SIGMA - 10.333334,DHC_MINPTS - 8.333333],DensityTree[DISTANCE:CHEBYCHEV,DHC_THRESHOLD - 54.444443,DHC_SIGMA - 10.333334,DHC_MINPTS - 8.333333],}
39,99.99999872336325,{Reading Instances[DISTANCE:EUCLIDEAN],AttractionTree[DISTANCE:CHEBYCHEV,DHC_THRESHOLD - 54.444443,DHC_SIGMA - 10.333334,DHC_MINPTS - 8.333333],DensityTree[DISTANCE:CHEBYCHEV,DHC_THRESHOLD - 54.444443,DHC_SIGMA - 10.333334,DHC_MINPTS - 8.333333],}
40,99.99999872336325,{Reading Instances[DISTANCE:EUCLIDEAN],AttractionTree[DISTANCE:CHEBYCHEV,DHC_THRESHOLD - 54.444443,DHC_SIGMA - 10.333334,DHC_MINPTS - 8.333333],DensityTree[DISTANCE:CHEBYCHEV,DHC_THRESHOLD - 54.444443,DHC_SIGMA - 10.333334,DHC_MINPTS - 8.333333],}
41,99.99999872336325,{Reading Instances[DISTANCE:EUCLIDEAN],AttractionTree[DISTANCE:CHEBYCHEV,DHC_THRESHOLD - 54.444443,DHC_SIGMA - 10.333334,DHC_MINPTS - 8.333333],DensityTree[DISTANCE:CHEBYCHEV,DHC_THRESHOLD - 54.444443,DHC_SIGMA - 10.333334,DHC_MINPTS - 8.333333],}
42,99.99999872336325,{Reading Instances[DISTANCE:EUCLIDEAN],AttractionTree[DISTANCE:CHEBYCHEV,DHC_THRESHOLD - 54.444443,DHC_SIGMA - 10.333334,DHC_MINPTS - 8.333333],DensityTree[DISTANCE:CHEBYCHEV,DHC_THRESHOLD - 54.444443,DHC_SIGMA - 10.333334,DHC_MINPTS - 8.333333],}
43,99.99999872336325,{Reading Instances[DISTANCE:EUCLIDEAN],AttractionTree[DISTANCE:CHEBYCHEV,DHC_THRESHOLD - 54.444443,DHC_SIGMA - 10.333334,DHC_MINPTS - 8.333333],DensityTree[DISTANCE:CHEBYCHEV,DHC_THRESHOLD - 54.444443,DHC_SIGMA - 10.333334,DHC_MINPTS - 8.333333],}
44,99.99999872336325,{Reading Instances[DISTANCE:EUCLIDEAN],AttractionTree[DISTANCE:CHEBYCHEV,DHC_THRESHOLD - 54.444443,DHC_SIGMA - 10.333334,DHC_MINPTS - 8.333333],DensityTree[DISTANCE:CHEBYCHEV,DHC_THRESHOLD - 54.444443,DHC_SIGMA - 10.333334,DHC_MINPTS - 8.333333],}
45,99.99999872336325,{Reading Instances[DISTANCE:EUCLIDEAN],AttractionTree[DISTANCE:CHEBYCHEV,DHC_THRESHOLD - 54.444443,DHC_SIGMA - 10.333334,DHC_MINPTS - 8.333333],DensityTree[DISTANCE:CHEBYCHEV,DHC_THRESHOLD - 54.444443,DHC_SIGMA - 10.333334,DHC_MINPTS - 8.333333],}
46,99.99999872336325,{Reading Instances[DISTANCE:EUCLIDEAN],AttractionTree[DISTANCE:CHEBYCHEV,DHC_THRESHOLD - 54.444443,DHC_SIGMA - 10.333334,DHC_MINPTS - 8.333333],DensityTree[DISTANCE:CHEBYCHEV,DHC_THRESHOLD - 54.444443,DHC_SIGMA - 10.333334,DHC_MINPTS - 8.333333],}
47,99.99999872336325,{Reading Instances[DISTANCE:EUCLIDEAN],AttractionTree[DISTANCE:CHEBYCHEV,DHC_THRESHOLD - 54.444443,DHC_SIGMA - 10.333334,DHC_MINPTS - 8.333333],DensityTree[DISTANCE:CHEBYCHEV,DHC_THRESHOLD - 54.444443,DHC_SIGMA - 10.333334,DHC_MINPTS - 8.333333],}
48,99.99999872336325,{Reading Instances[DISTANCE:EUCLIDEAN],AttractionTree[DISTANCE:CHEBYCHEV,DHC_THRESHOLD - 54.444443,DHC_SIGMA - 10.333334,DHC_MINPTS - 8.333333],DensityTree[DISTANCE:CHEBYCHEV,DHC_THRESHOLD - 54.444443,DHC_SIGMA - 10.333334,DHC_MINPTS - 8.333333],}
49,99.99999872336325,{Reading Instances[DISTANCE:EUCLIDEAN],AttractionTree[DISTANCE:CHEBYCHEV,DHC_THRESHOLD - 54.444443,DHC_SIGMA - 10.333334,DHC_MINPTS - 8.333333],DensityTree[DISTANCE:CHEBYCHEV,DHC_THRESHOLD - 54.444443,DHC_SIGMA - 10.333334,DHC_MINPTS - 8.333333],}
50,99.99999872336325,{Reading Instances[DISTANCE:EUCLIDEAN],AttractionTree[DISTANCE:CHEBYCHEV,DHC_THRESHOLD - 54.444443,DHC_SIGMA - 10.333334,DHC_MINPTS - 8.333333],DensityTree[DISTANCE:CHEBYCHEV,DHC_THRESHOLD - 54.444443,DHC_SIGMA - 10.333334,DHC_MINPTS - 8.333333],}
51,99.99999872336325,{Reading Instances[DISTANCE:EUCLIDEAN],AttractionTree[DISTANCE:CHEBYCHEV,DHC_THRESHOLD - 54.444443,DHC_SIGMA - 10.333334,DHC_MINPTS - 8.333333],DensityTree[DISTANCE:CHEBYCHEV,DHC_THRESHOLD - 54.444443,DHC_SIGMA - 10.333334,DHC_MINPTS - 8.333333],}
52,99.99999872336325,{Reading Instances[DISTANCE:EUCLIDEAN],AttractionTree[DISTANCE:CHEBYCHEV,DHC_THRESHOLD - 54.444443,DHC_SIGMA - 10.333334,DHC_MINPTS - 8.333333],DensityTree[DISTANCE:CHEBYCHEV,DHC_THRESHOLD - 54.444443,DHC_SIGMA - 10.333334,DHC_MINPTS - 8.333333],}
53,99.99999872336325,{Reading Instances[DISTANCE:EUCLIDEAN],AttractionTree[DISTANCE:CHEBYCHEV,DHC_THRESHOLD - 54.444443,DHC_SIGMA - 10.333334,DHC_MINPTS - 8.333333],DensityTree[DISTANCE:CHEBYCHEV,DHC_THRESHOLD - 54.444443,DHC_SIGMA - 10.333334,DHC_MINPTS - 8.333333],}
54,99.99999872336325,{Reading Instances[DISTANCE:EUCLIDEAN],AttractionTree[DISTANCE:CHEBYCHEV,DHC_THRESHOLD - 54.444443,DHC_SIGMA - 10.333334,DHC_MINPTS - 8.333333],DensityTree[DISTANCE:CHEBYCHEV,DHC_THRESHOLD - 54.444443,DHC_SIGMA - 10.333334,DHC_MINPTS - 8.333333],}
55,99.99999872336325,{Reading Instances[DISTANCE:EUCLIDEAN],AttractionTree[DISTANCE:CHEBYCHEV,DHC_THRESHOLD - 54.444443,DHC_SIGMA - 10.333334,DHC_MINPTS - 8.333333],DensityTree[DISTANCE:CHEBYCHEV,DHC_THRESHOLD - 54.444443,DHC_SIGMA - 10.333334,DHC_MINPTS - 8.333333],}
56,99.99999872336325,{Reading Instances[DISTANCE:EUCLIDEAN],AttractionTree[DISTANCE:CHEBYCHEV,DHC_THRESHOLD - 54.444443,DHC_SIGMA - 10.333334,DHC_MINPTS - 8.333333],DensityTree[DISTANCE:CHEBYCHEV,DHC_THRESHOLD - 54.444443,DHC_SIGMA - 10.333334,DHC_MINPTS - 8.333333],}
57,99.99999872336325,{Reading Instances[DISTANCE:EUCLIDEAN],AttractionTree[DISTANCE:CHEBYCHEV,DHC_THRESHOLD - 54.444443,DHC_SIGMA - 10.333334,DHC_MINPTS - 8.333333],DensityTree[DISTANCE:CHEBYCHEV,DHC_THRESHOLD - 54.444443,DHC_SIGMA - 10.333334,DHC_MINPTS - 8.333333],}
58,99.99999872336325,{Reading Instances[DISTANCE:EUCLIDEAN],AttractionTree[DISTANCE:MANHATTAN,DHC_THRESHOLD - 54.444443,DHC_SIGMA - 10.333334,DHC_MINPTS - 6.6666665],DensityTree[DISTANCE:BRAYCURTIS,DHC_THRESHOLD - 54.444443,DHC_SIGMA - 10.333334,DHC_MINPTS - 6.6666665],}
59,99.99999872336325,{Reading Instances[DISTANCE:EUCLIDEAN],AttractionTree[DISTANCE:MANHATTAN,DHC_THRESHOLD - 54.444443,DHC_SIGMA - 10.333334,DHC_MINPTS - 6.6666665],DensityTree[DISTANCE:BRAYCURTIS,DHC_THRESHOLD - 54.444443,DHC_SIGMA - 10.333334,DHC_MINPTS - 6.6666665],}
60,99.99999872336325,{Reading Instances[DISTANCE:EUCLIDEAN],AttractionTree[DISTANCE:MANHATTAN,DHC_THRESHOLD - 54.444443,DHC_SIGMA - 10.333334,DHC_MINPTS - 6.6666665],DensityTree[DISTANCE:BRAYCURTIS,DHC_THRESHOLD - 54.444443,DHC_SIGMA - 10.333334,DHC_MINPTS - 6.6666665],}
61,99.99999872336325,{Reading Instances[DISTANCE:EUCLIDEAN],AttractionTree[DISTANCE:MANHATTAN,DHC_THRESHOLD - 54.444443,DHC_SIGMA - 10.333334,DHC_MINPTS - 6.6666665],DensityTree[DISTANCE:BRAYCURTIS,DHC_THRESHOLD - 54.444443,DHC_SIGMA - 10.333334,DHC_MINPTS - 6.6666665],}
62,99.99999872336325,{Reading Instances[DISTANCE:EUCLIDEAN],AttractionTree[DISTANCE:MANHATTAN,DHC_THRESHOLD - 54.444443,DHC_SIGMA - 10.333334,DHC_MINPTS - 6.6666665],DensityTree[DISTANCE:BRAYCURTIS,DHC_THRESHOLD - 54.444443,DHC_SIGMA - 10.333334,DHC_MINPTS - 6.6666665],}
63,99.99999872336325,{Reading Instances[DISTANCE:EUCLIDEAN],AttractionTree[DISTANCE:MANHATTAN,DHC_THRESHOLD - 54.444443,DHC_SIGMA - 10.333334,DHC_MINPTS - 6.6666665],DensityTree[DISTANCE:BRAYCURTIS,DHC_THRESHOLD - 54.444443,DHC_SIGMA - 10.333334,DHC_MINPTS - 6.6666665],}
64,99.99999872336325,{Reading Instances[DISTANCE:EUCLIDEAN],AttractionTree[DISTANCE:MANHATTAN,DHC_THRESHOLD - 54.444443,DHC_SIGMA - 10.333334,DHC_MINPTS - 6.6666665],DensityTree[DISTANCE:BRAYCURTIS,DHC_THRESHOLD - 54.444443,DHC_SIGMA - 10.333334,DHC_MINPTS - 6.6666665],}
65,99.99999872336325,{Reading Instances[DISTANCE:EUCLIDEAN],AttractionTree[DISTANCE:MANHATTAN,DHC_THRESHOLD - 54.444443,DHC_SIGMA - 10.333334,DHC_MINPTS - 6.6666665],DensityTree[DISTANCE:BRAYCURTIS,DHC_THRESHOLD - 54.444443,DHC_SIGMA - 10.333334,DHC_MINPTS - 6.6666665],}
66,99.99999872336325,{Reading Instances[DISTANCE:EUCLIDEAN],AttractionTree[DISTANCE:MANHATTAN,DHC_THRESHOLD - 54.444443,DHC_SIGMA - 10.333334,DHC_MINPTS - 6.6666665],DensityTree[DISTANCE:BRAYCURTIS,DHC_THRESHOLD - 54.444443,DHC_SIGMA - 10.333334,DHC_MINPTS - 6.6666665],}
67,99.99999872336325,{Reading Instances[DISTANCE:EUCLIDEAN],AttractionTree[DISTANCE:MANHATTAN,DHC_THRESHOLD - 54.444443,DHC_SIGMA - 10.333334,DHC_MINPTS - 6.6666665],DensityTree[DISTANCE:BRAYCURTIS,DHC_THRESHOLD - 54.444443,DHC_SIGMA - 10.333334,DHC_MINPTS - 6.6666665],}
68,99.99999872336325,{Reading Instances[DISTANCE:EUCLIDEAN],AttractionTree[DISTANCE:MANHATTAN,DHC_THRESHOLD - 54.444443,DHC_SIGMA - 10.333334,DHC_MINPTS - 6.6666665],DensityTree[DISTANCE:BRAYCURTIS,DHC_THRESHOLD - 54.444443,DHC_SIGMA - 10.333334,DHC_MINPTS - 6.6666665],}
69,99.99999872336325,{Reading Instances[DISTANCE:EUCLIDEAN],AttractionTree[DISTANCE:MANHATTAN,DHC_THRESHOLD - 54.444443,DHC_SIGMA - 10.333334,DHC_MINPTS - 6.6666665],DensityTree[DISTANCE:BRAYCURTIS,DHC_THRESHOLD - 54.444443,DHC_SIGMA - 10.333334,DHC_MINPTS - 6.6666665],}
70,99.99999872336325,{Reading Instances[DISTANCE:EUCLIDEAN],AttractionTree[DISTANCE:MANHATTAN,DHC_THRESHOLD - 54.444443,DHC_SIGMA - 10.333334,DHC_MINPTS - 6.6666665],DensityTree[DISTANCE:BRAYCURTIS,DHC_THRESHOLD - 54.444443,DHC_SIGMA - 10.333334,DHC_MINPTS - 6.6666665],}
71,99.99999872336325,{Reading Instances[DISTANCE:EUCLIDEAN],AttractionTree[DISTANCE:MANHATTAN,DHC_THRESHOLD - 54.444443,DHC_SIGMA - 10.333334,DHC_MINPTS - 6.6666665],DensityTree[DISTANCE:BRAYCURTIS,DHC_THRESHOLD - 54.444443,DHC_SIGMA - 10.333334,DHC_MINPTS - 6.6666665],}
72,99.99999872336325,{Reading Instances[DISTANCE:EUCLIDEAN],AttractionTree[DISTANCE:MANHATTAN,DHC_THRESHOLD - 54.444443,DHC_SIGMA - 10.333334,DHC_MINPTS - 6.6666665],DensityTree[DISTANCE:BRAYCURTIS,DHC_THRESHOLD - 54.444443,DHC_SIGMA - 10.333334,DHC_MINPTS - 6.6666665],}
73,99.99999872336325,{Reading Instances[DISTANCE:EUCLIDEAN],AttractionTree[DISTANCE:MANHATTAN,DHC_THRESHOLD - 54.444443,DHC_SIGMA - 10.333334,DHC_MINPTS - 6.6666665],DensityTree[DISTANCE:BRAYCURTIS,DHC_THRESHOLD - 54.444443,DHC_SIGMA - 10.333334,DHC_MINPTS - 6.6666665],}
74,99.99999872336325,{Reading Instances[DISTANCE:EUCLIDEAN],AttractionTree[DISTANCE:MANHATTAN,DHC_THRESHOLD - 54.444443,DHC_SIGMA - 10.333334,DHC_MINPTS - 6.6666665],DensityTree[DISTANCE:BRAYCURTIS,DHC_THRESHOLD - 54.444443,DHC_SIGMA - 10.333334,DHC_MINPTS - 6.6666665],}
75,99.99999872336325,{Reading Instances[DISTANCE:EUCLIDEAN],AttractionTree[DISTANCE:MANHATTAN,DHC_THRESHOLD - 54.444443,DHC_SIGMA - 10.333334,DHC_MINPTS - 6.6666665],DensityTree[DISTANCE:BRAYCURTIS,DHC_THRESHOLD - 54.444443,DHC_SIGMA - 10.333334,DHC_MINPTS - 6.6666665],}
76,99.99999872336325,{Reading Instances[DISTANCE:EUCLIDEAN],AttractionTree[DISTANCE:MANHATTAN,DHC_THRESHOLD - 54.444443,DHC_SIGMA - 10.333334,DHC_MINPTS - 6.6666665],DensityTree[DISTANCE:BRAYCURTIS,DHC_THRESHOLD - 54.444443,DHC_SIGMA - 10.333334,DHC_MINPTS - 6.6666665],}
77,99.99999872336325,{Reading Instances[DISTANCE:EUCLIDEAN],AttractionTree[DISTANCE:MANHATTAN,DHC_THRESHOLD - 54.444443,DHC_SIGMA - 10.333334,DHC_MINPTS - 6.6666665],DensityTree[DISTANCE:BRAYCURTIS,DHC_THRESHOLD - 54.444443,DHC_SIGMA - 10.333334,DHC_MINPTS - 6.6666665],}
78,99.99999872336325,{Reading Instances[DISTANCE:EUCLIDEAN],AttractionTree[DISTANCE:MANHATTAN,DHC_THRESHOLD - 54.444443,DHC_SIGMA - 10.333334,DHC_MINPTS - 6.6666665],DensityTree[DISTANCE:BRAYCURTIS,DHC_THRESHOLD - 54.444443,DHC_SIGMA - 10.333334,DHC_MINPTS - 6.6666665],}
79,99.99999872336325,{Reading Instances[DISTANCE:EUCLIDEAN],AttractionTree[DISTANCE:MANHATTAN,DHC_THRESHOLD - 54.444443,DHC_SIGMA - 10.333334,DHC_MINPTS - 6.6666665],DensityTree[DISTANCE:BRAYCURTIS,DHC_THRESHOLD - 54.444443,DHC_SIGMA - 10.333334,DHC_MINPTS - 6.6666665],}
80,99.99999872336325,{Reading Instances[DISTANCE:EUCLIDEAN],AttractionTree[DISTANCE:MANHATTAN,DHC_THRESHOLD - 54.444443,DHC_SIGMA - 10.333334,DHC_MINPTS - 6.6666665],DensityTree[DISTANCE:BRAYCURTIS,DHC_THRESHOLD - 54.444443,DHC_SIGMA - 10.333334,DHC_MINPTS - 6.6666665],}
81,99.99999872336325,{Reading Instances[DISTANCE:EUCLIDEAN],AttractionTree[DISTANCE:MANHATTAN,DHC_THRESHOLD - 54.444443,DHC_SIGMA - 10.333334,DHC_MINPTS - 6.6666665],DensityTree[DISTANCE:BRAYCURTIS,DHC_THRESHOLD - 54.444443,DHC_SIGMA - 10.333334,DHC_MINPTS - 6.6666665],}
82,99.99999872336325,{Reading Instances[DISTANCE:EUCLIDEAN],AttractionTree[DISTANCE:MANHATTAN,DHC_THRESHOLD - 54.444443,DHC_SIGMA - 10.333334,DHC_MINPTS - 6.6666665],DensityTree[DISTANCE:BRAYCURTIS,DHC_THRESHOLD - 54.444443,DHC_SIGMA - 10.333334,DHC_MINPTS - 6.6666665],}
83,99.99999872336325,{Reading Instances[DISTANCE:EUCLIDEAN],AttractionTree[DISTANCE:MANHATTAN,DHC_THRESHOLD - 54.444443,DHC_SIGMA - 10.333334,DHC_MINPTS - 6.6666665],DensityTree[DISTANCE:BRAYCURTIS,DHC_THRESHOLD - 54.444443,DHC_SIGMA - 10.333334,DHC_MINPTS - 6.6666665],}
84,99.99999872336325,{Reading Instances[DISTANCE:EUCLIDEAN],AttractionTree[DISTANCE:MANHATTAN,DHC_THRESHOLD - 54.444443,DHC_SIGMA - 10.333334,DHC_MINPTS - 6.6666665],DensityTree[DISTANCE:BRAYCURTIS,DHC_THRESHOLD - 54.444443,DHC_SIGMA - 10.333334,DHC_MINPTS - 6.6666665],}
85,99.99999872336325,{Reading Instances[DISTANCE:EUCLIDEAN],AttractionTree[DISTANCE:MANHATTAN,DHC_THRESHOLD - 54.444443,DHC_SIGMA - 10.333334,DHC_MINPTS - 6.6666665],DensityTree[DISTANCE:BRAYCURTIS,DHC_THRESHOLD - 54.444443,DHC_SIGMA - 10.333334,DHC_MINPTS - 6.6666665],}
86,99.99999872336325,{Reading Instances[DISTANCE:EUCLIDEAN],AttractionTree[DISTANCE:MANHATTAN,DHC_THRESHOLD - 54.444443,DHC_SIGMA - 10.333334,DHC_MINPTS - 13.333333],DensityTree[DISTANCE:CHEBYCHEV,DHC_THRESHOLD - 54.444443,DHC_SIGMA - 10.333334,DHC_MINPTS - 13.333333],}
87,99.99999872336325,{Reading Instances[DISTANCE:EUCLIDEAN],AttractionTree[DISTANCE:MANHATTAN,DHC_THRESHOLD - 54.444443,DHC_SIGMA - 10.333334,DHC_MINPTS - 13.333333],DensityTree[DISTANCE:CHEBYCHEV,DHC_THRESHOLD - 54.444443,DHC_SIGMA - 10.333334,DHC_MINPTS - 13.333333],}
88,99.99999872336325,{Reading Instances[DISTANCE:EUCLIDEAN],AttractionTree[DISTANCE:MANHATTAN,DHC_THRESHOLD - 54.444443,DHC_SIGMA - 10.333334,DHC_MINPTS - 13.333333],DensityTree[DISTANCE:CHEBYCHEV,DHC_THRESHOLD - 54.444443,DHC_SIGMA - 10.333334,DHC_MINPTS - 13.333333],}
89,99.99999872336325,{Reading Instances[DISTANCE:EUCLIDEAN],AttractionTree[DISTANCE:MANHATTAN,DHC_THRESHOLD - 54.444443,DHC_SIGMA - 10.333334,DHC_MINPTS - 13.333333],DensityTree[DISTANCE:CHEBYCHEV,DHC_THRESHOLD - 54.444443,DHC_SIGMA - 10.333334,DHC_MINPTS - 13.333333],}
90,99.99999872336325,{Reading Instances[DISTANCE:EUCLIDEAN],AttractionTree[DISTANCE:MANHATTAN,DHC_THRESHOLD - 54.444443,DHC_SIGMA - 10.333334,DHC_MINPTS - 13.333333],DensityTree[DISTANCE:CHEBYCHEV,DHC_THRESHOLD - 54.444443,DHC_SIGMA - 10.333334,DHC_MINPTS - 13.333333],}
91,99.99999872336325,{Reading Instances[DISTANCE:EUCLIDEAN],AttractionTree[DISTANCE:MANHATTAN,DHC_THRESHOLD - 54.444443,DHC_SIGMA - 10.333334,DHC_MINPTS - 13.333333],DensityTree[DISTANCE:CHEBYCHEV,DHC_THRESHOLD - 54.444443,DHC_SIGMA - 10.333334,DHC_MINPTS - 13.333333],}
92,99.99999872336325,{Reading Instances[DISTANCE:EUCLIDEAN],AttractionTree[DISTANCE:MANHATTAN,DHC_THRESHOLD - 54.444443,DHC_SIGMA - 10.333334,DHC_MINPTS - 13.333333],DensityTree[DISTANCE:CHEBYCHEV,DHC_THRESHOLD - 54.444443,DHC_SIGMA - 10.333334,DHC_MINPTS - 13.333333],}
93,99.99999872336325,{Reading Instances[DISTANCE:EUCLIDEAN],AttractionTree[DISTANCE:MANHATTAN,DHC_THRESHOLD - 54.444443,DHC_SIGMA - 10.333334,DHC_MINPTS - 13.333333],DensityTree[DISTANCE:CHEBYCHEV,DHC_THRESHOLD - 54.444443,DHC_SIGMA - 10.333334,DHC_MINPTS - 13.333333],}
94,99.99999872336325,{Reading Instances[DISTANCE:EUCLIDEAN],AttractionTree[DISTANCE:MANHATTAN,DHC_THRESHOLD - 54.444443,DHC_SIGMA - 10.333334,DHC_MINPTS - 13.333333],DensityTree[DISTANCE:CHEBYCHEV,DHC_THRESHOLD - 54.444443,DHC_SIGMA - 10.333334,DHC_MINPTS - 13.333333],}
95,99.99999872336325,{Reading Instances[DISTANCE:EUCLIDEAN],AttractionTree[DISTANCE:MANHATTAN,DHC_THRESHOLD - 54.444443,DHC_SIGMA - 10.333334,DHC_MINPTS - 13.333333],DensityTree[DISTANCE:CHEBYCHEV,DHC_THRESHOLD - 54.444443,DHC_SIGMA - 10.333334,DHC_MINPTS - 13.333333],}
96,99.99999872336325,{Reading Instances[DISTANCE:EUCLIDEAN],AttractionTree[DISTANCE:MANHATTAN,DHC_THRESHOLD - 54.444443,DHC_SIGMA - 10.333334,DHC_MINPTS - 13.333333],DensityTree[DISTANCE:CHEBYCHEV,DHC_THRESHOLD - 54.444443,DHC_SIGMA - 10.333334,DHC_MINPTS - 13.333333],}
97,99.99999872336325,{Reading Instances[DISTANCE:EUCLIDEAN],AttractionTree[DISTANCE:MANHATTAN,DHC_THRESHOLD - 54.444443,DHC_SIGMA - 10.333334,DHC_MINPTS - 13.333333],DensityTree[DISTANCE:CHEBYCHEV,DHC_THRESHOLD - 54.444443,DHC_SIGMA - 10.333334,DHC_MINPTS - 13.333333],}
98,99.99999872336325,{Reading Instances[DISTANCE:EUCLIDEAN],AttractionTree[DISTANCE:MANHATTAN,DHC_THRESHOLD - 54.444443,DHC_SIGMA - 10.333334,DHC_MINPTS - 13.333333],DensityTree[DISTANCE:CHEBYCHEV,DHC_THRESHOLD - 54.444443,DHC_SIGMA - 10.333334,DHC_MINPTS - 13.333333],}
99,99.99999872336325,{Reading Instances[DISTANCE:EUCLIDEAN],AttractionTree[DISTANCE:MANHATTAN,DHC_THRESHOLD - 54.444443,DHC_SIGMA - 10.333334,DHC_MINPTS - 13.333333],DensityTree[DISTANCE:CHEBYCHEV,DHC_THRESHOLD - 54.444443,DHC_SIGMA - 10.333334,DHC_MINPTS - 13.333333],}
100,99.99999872336325,{Reading Instances[DISTANCE:EUCLIDEAN],AttractionTree[DISTANCE:MANHATTAN,DHC_THRESHOLD - 54.444443,DHC_SIGMA - 10.333334,DHC_MINPTS - 13.333333],DensityTree[DISTANCE:CHEBYCHEV,DHC_THRESHOLD - 54.444443,DHC_SIGMA - 10.333334,DHC_MINPTS - 13.333333],}
101,99.99999872336325,{Reading Instances[DISTANCE:EUCLIDEAN],AttractionTree[DISTANCE:MANHATTAN,DHC_THRESHOLD - 54.444443,DHC_SIGMA - 10.333334,DHC_MINPTS - 13.333333],DensityTree[DISTANCE:CHEBYCHEV,DHC_THRESHOLD - 54.444443,DHC_SIGMA - 10.333334,DHC_MINPTS - 13.333333],}
102,99.99999872336325,{Reading Instances[DISTANCE:EUCLIDEAN],AttractionTree[DISTANCE:MANHATTAN,DHC_THRESHOLD - 54.444443,DHC_SIGMA - 10.333334,DHC_MINPTS - 13.333333],DensityTree[DISTANCE:CHEBYCHEV,DHC_THRESHOLD - 54.444443,DHC_SIGMA - 10.333334,DHC_MINPTS - 13.333333],}
103,99.99999872336325,{Reading Instances[DISTANCE:EUCLIDEAN],AttractionTree[DISTANCE:MANHATTAN,DHC_THRESHOLD - 54.444443,DHC_SIGMA - 10.333334,DHC_MINPTS - 13.333333],DensityTree[DISTANCE:CHEBYCHEV,DHC_THRESHOLD - 54.444443,DHC_SIGMA - 10.333334,DHC_MINPTS - 13.333333],}
104,99.99999872336325,{Reading Instances[DISTANCE:EUCLIDEAN],AttractionTree[DISTANCE:MANHATTAN,DHC_THRESHOLD - 54.444443,DHC_SIGMA - 10.333334,DHC_MINPTS - 13.333333],DensityTree[DISTANCE:CHEBYCHEV,DHC_THRESHOLD - 54.444443,DHC_SIGMA - 10.333334,DHC_MINPTS - 13.333333],}
105,99.99999872336325,{Reading Instances[DISTANCE:EUCLIDEAN],AttractionTree[DISTANCE:MANHATTAN,DHC_THRESHOLD - 54.444443,DHC_SIGMA - 10.333334,DHC_MINPTS - 13.333333],DensityTree[DISTANCE:CHEBYCHEV,DHC_THRESHOLD - 54.444443,DHC_SIGMA - 10.333334,DHC_MINPTS - 13.333333],}
106,99.99999872336325,{Reading Instances[DISTANCE:EUCLIDEAN],AttractionTree[DISTANCE:MANHATTAN,DHC_THRESHOLD - 54.444443,DHC_SIGMA - 10.333334,DHC_MINPTS - 13.333333],DensityTree[DISTANCE:CHEBYCHEV,DHC_THRESHOLD - 54.444443,DHC_SIGMA - 10.333334,DHC_MINPTS - 13.333333],}
107,99.99999872336325,{Reading Instances[DISTANCE:EUCLIDEAN],AttractionTree[DISTANCE:MANHATTAN,DHC_THRESHOLD - 54.444443,DHC_SIGMA - 10.333334,DHC_MINPTS - 13.333333],DensityTree[DISTANCE:CHEBYCHEV,DHC_THRESHOLD - 54.444443,DHC_SIGMA - 10.333334,DHC_MINPTS - 13.333333],}
108,99.99999872336325,{Reading Instances[DISTANCE:EUCLIDEAN],AttractionTree[DISTANCE:CHEBYCHEV,DHC_THRESHOLD - 54.444443,DHC_SIGMA - 10.333334,DHC_MINPTS - 15.0],DensityTree[DISTANCE:EUCLIDEAN,DHC_THRESHOLD - 54.444443,DHC_SIGMA - 10.333334,DHC_MINPTS - 15.0],}
109,99.99999872336325,{Reading Instances[DISTANCE:EUCLIDEAN],AttractionTree[DISTANCE:CHEBYCHEV,DHC_THRESHOLD - 54.444443,DHC_SIGMA - 10.333334,DHC_MINPTS - 15.0],DensityTree[DISTANCE:EUCLIDEAN,DHC_THRESHOLD - 54.444443,DHC_SIGMA - 10.333334,DHC_MINPTS - 15.0],}
110,99.99999872336325,{Reading Instances[DISTANCE:EUCLIDEAN],AttractionTree[DISTANCE:CHEBYCHEV,DHC_THRESHOLD - 54.444443,DHC_SIGMA - 10.333334,DHC_MINPTS - 15.0],DensityTree[DISTANCE:EUCLIDEAN,DHC_THRESHOLD - 54.444443,DHC_SIGMA - 10.333334,DHC_MINPTS - 15.0],}
111,99.99999872336325,{Reading Instances[DISTANCE:EUCLIDEAN],AttractionTree[DISTANCE:CHEBYCHEV,DHC_THRESHOLD - 54.444443,DHC_SIGMA - 10.333334,DHC_MINPTS - 15.0],DensityTree[DISTANCE:EUCLIDEAN,DHC_THRESHOLD - 54.444443,DHC_SIGMA - 10.333334,DHC_MINPTS - 15.0],}
112,99.99999872336325,{Reading Instances[DISTANCE:EUCLIDEAN],AttractionTree[DISTANCE:CHEBYCHEV,DHC_THRESHOLD - 54.444443,DHC_SIGMA - 10.333334,DHC_MINPTS - 15.0],DensityTree[DISTANCE:EUCLIDEAN,DHC_THRESHOLD - 54.444443,DHC_SIGMA - 10.333334,DHC_MINPTS - 15.0],}
113,99.99999872336325,{Reading Instances[DISTANCE:EUCLIDEAN],AttractionTree[DISTANCE:CHEBYCHEV,DHC_THRESHOLD - 54.444443,DHC_SIGMA - 10.333334,DHC_MINPTS - 15.0],DensityTree[DISTANCE:EUCLIDEAN,DHC_THRESHOLD - 54.444443,DHC_SIGMA - 10.333334,DHC_MINPTS - 15.0],}
114,99.99999872336325,{Reading Instances[DISTANCE:EUCLIDEAN],AttractionTree[DISTANCE:CHEBYCHEV,DHC_THRESHOLD - 54.444443,DHC_SIGMA - 10.333334,DHC_MINPTS - 15.0],DensityTree[DISTANCE:EUCLIDEAN,DHC_THRESHOLD - 54.444443,DHC_SIGMA - 10.333334,DHC_MINPTS - 15.0],}
115,99.99999872336325,{Reading Instances[DISTANCE:EUCLIDEAN],AttractionTree[DISTANCE:CHEBYCHEV,DHC_THRESHOLD - 54.444443,DHC_SIGMA - 10.333334,DHC_MINPTS - 15.0],DensityTree[DISTANCE:EUCLIDEAN,DHC_THRESHOLD - 54.444443,DHC_SIGMA - 10.333334,DHC_MINPTS - 15.0],}
116,99.99999872336325,{Reading Instances[DISTANCE:EUCLIDEAN],AttractionTree[DISTANCE:CHEBYCHEV,DHC_THRESHOLD - 54.444443,DHC_SIGMA - 10.333334,DHC_MINPTS - 15.0],DensityTree[DISTANCE:EUCLIDEAN,DHC_THRESHOLD - 54.444443,DHC_SIGMA - 10.333334,DHC_MINPTS - 15.0],}
117,99.99999872336325,{Reading Instances[DISTANCE:EUCLIDEAN],AttractionTree[DISTANCE:CHEBYCHEV,DHC_THRESHOLD - 54.444443,DHC_SIGMA - 10.333334,DHC_MINPTS - 15.0],DensityTree[DISTANCE:EUCLIDEAN,DHC_THRESHOLD - 54.444443,DHC_SIGMA - 10.333334,DHC_MINPTS - 15.0],}
118,99.99999872336325,{Reading Instances[DISTANCE:EUCLIDEAN],AttractionTree[DISTANCE:CHEBYCHEV,DHC_THRESHOLD - 54.444443,DHC_SIGMA - 10.333334,DHC_MINPTS - 15.0],DensityTree[DISTANCE:EUCLIDEAN,DHC_THRESHOLD - 54.444443,DHC_SIGMA - 10.333334,DHC_MINPTS - 15.0],}
119,99.99999872336325,{Reading Instances[DISTANCE:EUCLIDEAN],AttractionTree[DISTANCE:CHEBYCHEV,DHC_THRESHOLD - 54.444443,DHC_SIGMA - 10.333334,DHC_MINPTS - 15.0],DensityTree[DISTANCE:EUCLIDEAN,DHC_THRESHOLD - 54.444443,DHC_SIGMA - 10.333334,DHC_MINPTS - 15.0],}
120,99.99999872336325,{Reading Instances[DISTANCE:EUCLIDEAN],AttractionTree[DISTANCE:CHEBYCHEV,DHC_THRESHOLD - 54.444443,DHC_SIGMA - 10.333334,DHC_MINPTS - 15.0],DensityTree[DISTANCE:EUCLIDEAN,DHC_THRESHOLD - 54.444443,DHC_SIGMA - 10.333334,DHC_MINPTS - 15.0],}
121,99.99999872336325,{Reading Instances[DISTANCE:EUCLIDEAN],AttractionTree[DISTANCE:CHEBYCHEV,DHC_THRESHOLD - 54.444443,DHC_SIGMA - 10.333334,DHC_MINPTS - 15.0],DensityTree[DISTANCE:EUCLIDEAN,DHC_THRESHOLD - 54.444443,DHC_SIGMA - 10.333334,DHC_MINPTS - 15.0],}
122,99.99999872336325,{Reading Instances[DISTANCE:EUCLIDEAN],AttractionTree[DISTANCE:CHEBYCHEV,DHC_THRESHOLD - 54.444443,DHC_SIGMA - 10.333334,DHC_MINPTS - 15.0],DensityTree[DISTANCE:EUCLIDEAN,DHC_THRESHOLD - 54.444443,DHC_SIGMA - 10.333334,DHC_MINPTS - 15.0],}
123,99.99999872336325,{Reading Instances[DISTANCE:EUCLIDEAN],AttractionTree[DISTANCE:EUCLIDEAN,DHC_THRESHOLD - 54.444443,DHC_SIGMA - 10.333334,DHC_MINPTS - 13.333333],DensityTree[DISTANCE:EUCLIDEAN,DHC_THRESHOLD - 54.444443,DHC_SIGMA - 10.333334,DHC_MINPTS - 13.333333],}
124,99.99999872336325,{Reading Instances[DISTANCE:EUCLIDEAN],AttractionTree[DISTANCE:EUCLIDEAN,DHC_THRESHOLD - 54.444443,DHC_SIGMA - 10.333334,DHC_MINPTS - 13.333333],DensityTree[DISTANCE:EUCLIDEAN,DHC_THRESHOLD - 54.444443,DHC_SIGMA - 10.333334,DHC_MINPTS - 13.333333],}
125,99.99999872336325,{Reading Instances[DISTANCE:EUCLIDEAN],AttractionTree[DISTANCE:EUCLIDEAN,DHC_THRESHOLD - 54.444443,DHC_SIGMA - 10.333334,DHC_MINPTS - 13.333333],DensityTree[DISTANCE:EUCLIDEAN,DHC_THRESHOLD - 54.444443,DHC_SIGMA - 10.333334,DHC_MINPTS - 13.333333],}
126,99.99999872336325,{Reading Instances[DISTANCE:EUCLIDEAN],AttractionTree[DISTANCE:EUCLIDEAN,DHC_THRESHOLD - 54.444443,DHC_SIGMA - 10.333334,DHC_MINPTS - 13.333333],DensityTree[DISTANCE:EUCLIDEAN,DHC_THRESHOLD - 54.444443,DHC_SIGMA - 10.333334,DHC_MINPTS - 13.333333],}
127,99.99999872336325,{Reading Instances[DISTANCE:EUCLIDEAN],AttractionTree[DISTANCE:EUCLIDEAN,DHC_THRESHOLD - 54.444443,DHC_SIGMA - 10.333334,DHC_MINPTS - 13.333333],DensityTree[DISTANCE:EUCLIDEAN,DHC_THRESHOLD - 54.444443,DHC_SIGMA - 10.333334,DHC_MINPTS - 13.333333],}
128,99.99999872336325,{Reading Instances[DISTANCE:EUCLIDEAN],AttractionTree[DISTANCE:EUCLIDEAN,DHC_THRESHOLD - 54.444443,DHC_SIGMA - 10.333334,DHC_MINPTS - 13.333333],DensityTree[DISTANCE:EUCLIDEAN,DHC_THRESHOLD - 54.444443,DHC_SIGMA - 10.333334,DHC_MINPTS - 13.333333],}
129,99.99999872336325,{Reading Instances[DISTANCE:EUCLIDEAN],AttractionTree[DISTANCE:EUCLIDEAN,DHC_THRESHOLD - 54.444443,DHC_SIGMA - 10.333334,DHC_MINPTS - 13.333333],DensityTree[DISTANCE:EUCLIDEAN,DHC_THRESHOLD - 54.444443,DHC_SIGMA - 10.333334,DHC_MINPTS - 13.333333],}
130,99.99999872336325,{Reading Instances[DISTANCE:EUCLIDEAN],AttractionTree[DISTANCE:EUCLIDEAN,DHC_THRESHOLD - 54.444443,DHC_SIGMA - 10.333334,DHC_MINPTS - 13.333333],DensityTree[DISTANCE:EUCLIDEAN,DHC_THRESHOLD - 54.444443,DHC_SIGMA - 10.333334,DHC_MINPTS - 13.333333],}
131,99.99999872336325,{Reading Instances[DISTANCE:EUCLIDEAN],AttractionTree[DISTANCE:EUCLIDEAN,DHC_THRESHOLD - 54.444443,DHC_SIGMA - 10.333334,DHC_MINPTS - 13.333333],DensityTree[DISTANCE:EUCLIDEAN,DHC_THRESHOLD - 54.444443,DHC_SIGMA - 10.333334,DHC_MINPTS - 13.333333],}
132,99.99999872336325,{Reading Instances[DISTANCE:EUCLIDEAN],AttractionTree[DISTANCE:EUCLIDEAN,DHC_THRESHOLD - 54.444443,DHC_SIGMA - 10.333334,DHC_MINPTS - 13.333333],DensityTree[DISTANCE:EUCLIDEAN,DHC_THRESHOLD - 54.444443,DHC_SIGMA - 10.333334,DHC_MINPTS - 13.333333],}
133,99.99999872336325,{Reading Instances[DISTANCE:EUCLIDEAN],AttractionTree[DISTANCE:EUCLIDEAN,DHC_THRESHOLD - 54.444443,DHC_SIGMA - 10.333334,DHC_MINPTS - 13.333333],DensityTree[DISTANCE:EUCLIDEAN,DHC_THRESHOLD - 54.444443,DHC_SIGMA - 10.333334,DHC_MINPTS - 13.333333],}
134,99.99999872336325,{Reading Instances[DISTANCE:EUCLIDEAN],AttractionTree[DISTANCE:EUCLIDEAN,DHC_THRESHOLD - 54.444443,DHC_SIGMA - 10.333334,DHC_MINPTS - 13.333333],DensityTree[DISTANCE:EUCLIDEAN,DHC_THRESHOLD - 54.444443,DHC_SIGMA - 10.333334,DHC_MINPTS - 13.333333],}
135,99.99999872336325,{Reading Instances[DISTANCE:EUCLIDEAN],AttractionTree[DISTANCE:EUCLIDEAN,DHC_THRESHOLD - 54.444443,DHC_SIGMA - 10.333334,DHC_MINPTS - 13.333333],DensityTree[DISTANCE:EUCLIDEAN,DHC_THRESHOLD - 54.444443,DHC_SIGMA - 10.333334,DHC_MINPTS - 13.333333],}
136,99.99999872336325,{Reading Instances[DISTANCE:EUCLIDEAN],AttractionTree[DISTANCE:EUCLIDEAN,DHC_THRESHOLD - 54.444443,DHC_SIGMA - 10.333334,DHC_MINPTS - 13.333333],DensityTree[DISTANCE:EUCLIDEAN,DHC_THRESHOLD - 54.444443,DHC_SIGMA - 10.333334,DHC_MINPTS - 13.333333],}
137,99.99999872336325,{Reading Instances[DISTANCE:EUCLIDEAN],AttractionTree[DISTANCE:EUCLIDEAN,DHC_THRESHOLD - 54.444443,DHC_SIGMA - 10.333334,DHC_MINPTS - 13.333333],DensityTree[DISTANCE:EUCLIDEAN,DHC_THRESHOLD - 54.444443,DHC_SIGMA - 10.333334,DHC_MINPTS - 13.333333],}
138,99.99999872336325,{Reading Instances[DISTANCE:EUCLIDEAN],AttractionTree[DISTANCE:EUCLIDEAN,DHC_THRESHOLD - 54.444443,DHC_SIGMA - 10.333334,DHC_MINPTS - 15.0],DensityTree[DISTANCE:BRAYCURTIS,DHC_THRESHOLD - 54.444443,DHC_SIGMA - 10.333334,DHC_MINPTS - 15.0],}
139,99.99999872336325,{Reading Instances[DISTANCE:EUCLIDEAN],AttractionTree[DISTANCE:EUCLIDEAN,DHC_THRESHOLD - 54.444443,DHC_SIGMA - 10.333334,DHC_MINPTS - 15.0],DensityTree[DISTANCE:BRAYCURTIS,DHC_THRESHOLD - 54.444443,DHC_SIGMA - 10.333334,DHC_MINPTS - 15.0],}
140,99.99999872336325,{Reading Instances[DISTANCE:EUCLIDEAN],AttractionTree[DISTANCE:EUCLIDEAN,DHC_THRESHOLD - 54.444443,DHC_SIGMA - 10.333334,DHC_MINPTS - 15.0],DensityTree[DISTANCE:BRAYCURTIS,DHC_THRESHOLD - 54.444443,DHC_SIGMA - 10.333334,DHC_MINPTS - 15.0],}
141,99.99999872336325,{Reading Instances[DISTANCE:EUCLIDEAN],AttractionTree[DISTANCE:EUCLIDEAN,DHC_THRESHOLD - 54.444443,DHC_SIGMA - 10.333334,DHC_MINPTS - 15.0],DensityTree[DISTANCE:BRAYCURTIS,DHC_THRESHOLD - 54.444443,DHC_SIGMA - 10.333334,DHC_MINPTS - 15.0],}
142,99.99999872336325,{Reading Instances[DISTANCE:EUCLIDEAN],AttractionTree[DISTANCE:EUCLIDEAN,DHC_THRESHOLD - 54.444443,DHC_SIGMA - 10.333334,DHC_MINPTS - 15.0],DensityTree[DISTANCE:BRAYCURTIS,DHC_THRESHOLD - 54.444443,DHC_SIGMA - 10.333334,DHC_MINPTS - 15.0],}
143,99.99999872336325,{Reading Instances[DISTANCE:EUCLIDEAN],AttractionTree[DISTANCE:EUCLIDEAN,DHC_THRESHOLD - 54.444443,DHC_SIGMA - 10.333334,DHC_MINPTS - 15.0],DensityTree[DISTANCE:BRAYCURTIS,DHC_THRESHOLD - 54.444443,DHC_SIGMA - 10.333334,DHC_MINPTS - 15.0],}
144,99.99999872336325,{Reading Instances[DISTANCE:EUCLIDEAN],AttractionTree[DISTANCE:EUCLIDEAN,DHC_THRESHOLD - 54.444443,DHC_SIGMA - 10.333334,DHC_MINPTS - 15.0],DensityTree[DISTANCE:BRAYCURTIS,DHC_THRESHOLD - 54.444443,DHC_SIGMA - 10.333334,DHC_MINPTS - 15.0],}
145,99.99999872336325,{Reading Instances[DISTANCE:EUCLIDEAN],AttractionTree[DISTANCE:EUCLIDEAN,DHC_THRESHOLD - 54.444443,DHC_SIGMA - 10.333334,DHC_MINPTS - 15.0],DensityTree[DISTANCE:BRAYCURTIS,DHC_THRESHOLD - 54.444443,DHC_SIGMA - 10.333334,DHC_MINPTS - 15.0],}
146,99.99999872336325,{Reading Instances[DISTANCE:EUCLIDEAN],AttractionTree[DISTANCE:EUCLIDEAN,DHC_THRESHOLD - 54.444443,DHC_SIGMA - 10.333334,DHC_MINPTS - 15.0],DensityTree[DISTANCE:BRAYCURTIS,DHC_THRESHOLD - 54.444443,DHC_SIGMA - 10.333334,DHC_MINPTS - 15.0],}
147,99.99999872336325,{Reading Instances[DISTANCE:EUCLIDEAN],AttractionTree[DISTANCE:EUCLIDEAN,DHC_THRESHOLD - 54.444443,DHC_SIGMA - 10.333334,DHC_MINPTS - 15.0],DensityTree[DISTANCE:BRAYCURTIS,DHC_THRESHOLD - 54.444443,DHC_SIGMA - 10.333334,DHC_MINPTS - 15.0],}
148,99.99999872336325,{Reading Instances[DISTANCE:EUCLIDEAN],AttractionTree[DISTANCE:EUCLIDEAN,DHC_THRESHOLD - 54.444443,DHC_SIGMA - 10.333334,DHC_MINPTS - 15.0],DensityTree[DISTANCE:BRAYCURTIS,DHC_THRESHOLD - 54.444443,DHC_SIGMA - 10.333334,DHC_MINPTS - 15.0],}
149,99.99999872336325,{Reading Instances[DISTANCE:EUCLIDEAN],AttractionTree[DISTANCE:EUCLIDEAN,DHC_THRESHOLD - 54.444443,DHC_SIGMA - 10.333334,DHC_MINPTS - 15.0],DensityTree[DISTANCE:BRAYCURTIS,DHC_THRESHOLD - 54.444443,DHC_SIGMA - 10.333334,DHC_MINPTS - 15.0],}
150,99.99999872336325,{Reading Instances[DISTANCE:EUCLIDEAN],AttractionTree[DISTANCE:EUCLIDEAN,DHC_THRESHOLD - 54.444443,DHC_SIGMA - 10.333334,DHC_MINPTS - 15.0],DensityTree[DISTANCE:BRAYCURTIS,DHC_THRESHOLD - 54.444443,DHC_SIGMA - 10.333334,DHC_MINPTS - 15.0],}
151,99.99999872336325,{Reading Instances[DISTANCE:EUCLIDEAN],AttractionTree[DISTANCE:EUCLIDEAN,DHC_THRESHOLD - 54.444443,DHC_SIGMA - 10.333334,DHC_MINPTS - 15.0],DensityTree[DISTANCE:BRAYCURTIS,DHC_THRESHOLD - 54.444443,DHC_SIGMA - 10.333334,DHC_MINPTS - 15.0],}
152,99.99999872336325,{Reading Instances[DISTANCE:EUCLIDEAN],AttractionTree[DISTANCE:EUCLIDEAN,DHC_THRESHOLD - 54.444443,DHC_SIGMA - 10.333334,DHC_MINPTS - 15.0],DensityTree[DISTANCE:BRAYCURTIS,DHC_THRESHOLD - 54.444443,DHC_SIGMA - 10.333334,DHC_MINPTS - 15.0],}
153,99.99999872336325,{Reading Instances[DISTANCE:EUCLIDEAN],AttractionTree[DISTANCE:EUCLIDEAN,DHC_THRESHOLD - 54.444443,DHC_SIGMA - 10.333334,DHC_MINPTS - 15.0],DensityTree[DISTANCE:BRAYCURTIS,DHC_THRESHOLD - 54.444443,DHC_SIGMA - 10.333334,DHC_MINPTS - 15.0],}
154,99.99999872336325,{Reading Instances[DISTANCE:EUCLIDEAN],AttractionTree[DISTANCE:EUCLIDEAN,DHC_THRESHOLD - 54.444443,DHC_SIGMA - 10.333334,DHC_MINPTS - 15.0],DensityTree[DISTANCE:BRAYCURTIS,DHC_THRESHOLD - 54.444443,DHC_SIGMA - 10.333334,DHC_MINPTS - 15.0],}
155,99.99999872336325,{Reading Instances[DISTANCE:EUCLIDEAN],AttractionTree[DISTANCE:EUCLIDEAN,DHC_THRESHOLD - 54.444443,DHC_SIGMA - 10.333334,DHC_MINPTS - 15.0],DensityTree[DISTANCE:BRAYCURTIS,DHC_THRESHOLD - 54.444443,DHC_SIGMA - 10.333334,DHC_MINPTS - 15.0],}
156,99.99999872336325,{Reading Instances[DISTANCE:EUCLIDEAN],AttractionTree[DISTANCE:EUCLIDEAN,DHC_THRESHOLD - 54.444443,DHC_SIGMA - 10.333334,DHC_MINPTS - 15.0],DensityTree[DISTANCE:BRAYCURTIS,DHC_THRESHOLD - 54.444443,DHC_SIGMA - 10.333334,DHC_MINPTS - 15.0],}
157,99.99999872336325,{Reading Instances[DISTANCE:EUCLIDEAN],AttractionTree[DISTANCE:EUCLIDEAN,DHC_THRESHOLD - 54.444443,DHC_SIGMA - 10.333334,DHC_MINPTS - 15.0],DensityTree[DISTANCE:BRAYCURTIS,DHC_THRESHOLD - 54.444443,DHC_SIGMA - 10.333334,DHC_MINPTS - 15.0],}
158,99.99999872336325,{Reading Instances[DISTANCE:EUCLIDEAN],AttractionTree[DISTANCE:EUCLIDEAN,DHC_THRESHOLD - 54.444443,DHC_SIGMA - 10.333334,DHC_MINPTS - 15.0],DensityTree[DISTANCE:BRAYCURTIS,DHC_THRESHOLD - 54.444443,DHC_SIGMA - 10.333334,DHC_MINPTS - 15.0],}
159,99.99999872336325,{Reading Instances[DISTANCE:EUCLIDEAN],AttractionTree[DISTANCE:EUCLIDEAN,DHC_THRESHOLD - 54.444443,DHC_SIGMA - 10.333334,DHC_MINPTS - 15.0],DensityTree[DISTANCE:BRAYCURTIS,DHC_THRESHOLD - 54.444443,DHC_SIGMA - 10.333334,DHC_MINPTS - 15.0],}
160,99.99999872336325,{Reading Instances[DISTANCE:EUCLIDEAN],AttractionTree[DISTANCE:EUCLIDEAN,DHC_THRESHOLD - 54.444443,DHC_SIGMA - 10.333334,DHC_MINPTS - 15.0],DensityTree[DISTANCE:BRAYCURTIS,DHC_THRESHOLD - 54.444443,DHC_SIGMA - 10.333334,DHC_MINPTS - 15.0],}
161,99.99999872336325,{Reading Instances[DISTANCE:EUCLIDEAN],AttractionTree[DISTANCE:EUCLIDEAN,DHC_THRESHOLD - 54.444443,DHC_SIGMA - 10.333334,DHC_MINPTS - 15.0],DensityTree[DISTANCE:BRAYCURTIS,DHC_THRESHOLD - 54.444443,DHC_SIGMA - 10.333334,DHC_MINPTS - 15.0],}
162,99.99999872336325,{Reading Instances[DISTANCE:EUCLIDEAN],AttractionTree[DISTANCE:EUCLIDEAN,DHC_THRESHOLD - 54.444443,DHC_SIGMA - 10.333334,DHC_MINPTS - 15.0],DensityTree[DISTANCE:BRAYCURTIS,DHC_THRESHOLD - 54.444443,DHC_SIGMA - 10.333334,DHC_MINPTS - 15.0],}
163,99.99999872336325,{Reading Instances[DISTANCE:EUCLIDEAN],AttractionTree[DISTANCE:EUCLIDEAN,DHC_THRESHOLD - 54.444443,DHC_SIGMA - 10.333334,DHC_MINPTS - 15.0],DensityTree[DISTANCE:BRAYCURTIS,DHC_THRESHOLD - 54.444443,DHC_SIGMA - 10.333334,DHC_MINPTS - 15.0],}
164,99.99999872336325,{Reading Instances[DISTANCE:EUCLIDEAN],AttractionTree[DISTANCE:EUCLIDEAN,DHC_THRESHOLD - 54.444443,DHC_SIGMA - 10.333334,DHC_MINPTS - 15.0],DensityTree[DISTANCE:BRAYCURTIS,DHC_THRESHOLD - 54.444443,DHC_SIGMA - 10.333334,DHC_MINPTS - 15.0],}
165,99.99999872336325,{Reading Instances[DISTANCE:EUCLIDEAN],AttractionTree[DISTANCE:EUCLIDEAN,DHC_THRESHOLD - 54.444443,DHC_SIGMA - 10.333334,DHC_MINPTS - 15.0],DensityTree[DISTANCE:BRAYCURTIS,DHC_THRESHOLD - 54.444443,DHC_SIGMA - 10.333334,DHC_MINPTS - 15.0],}
166,99.99999872336325,{Reading Instances[DISTANCE:EUCLIDEAN],AttractionTree[DISTANCE:EUCLIDEAN,DHC_THRESHOLD - 54.444443,DHC_SIGMA - 10.333334,DHC_MINPTS - 15.0],DensityTree[DISTANCE:BRAYCURTIS,DHC_THRESHOLD - 54.444443,DHC_SIGMA - 10.333334,DHC_MINPTS - 15.0],}
167,99.99999872336325,{Reading Instances[DISTANCE:EUCLIDEAN],AttractionTree[DISTANCE:EUCLIDEAN,DHC_THRESHOLD - 54.444443,DHC_SIGMA - 10.333334,DHC_MINPTS - 15.0],DensityTree[DISTANCE:BRAYCURTIS,DHC_THRESHOLD - 54.444443,DHC_SIGMA - 10.333334,DHC_MINPTS - 15.0],}
168,99.99999872336325,{Reading Instances[DISTANCE:EUCLIDEAN],AttractionTree[DISTANCE:EUCLIDEAN,DHC_THRESHOLD - 54.444443,DHC_SIGMA - 10.333334,DHC_MINPTS - 15.0],DensityTree[DISTANCE:BRAYCURTIS,DHC_THRESHOLD - 54.444443,DHC_SIGMA - 10.333334,DHC_MINPTS - 15.0],}
169,99.99999872336325,{Reading Instances[DISTANCE:EUCLIDEAN],AttractionTree[DISTANCE:EUCLIDEAN,DHC_THRESHOLD - 54.444443,DHC_SIGMA - 10.333334,DHC_MINPTS - 15.0],DensityTree[DISTANCE:BRAYCURTIS,DHC_THRESHOLD - 54.444443,DHC_SIGMA - 10.333334,DHC_MINPTS - 15.0],}
170,99.99999872336325,{Reading Instances[DISTANCE:EUCLIDEAN],AttractionTree[DISTANCE:EUCLIDEAN,DHC_THRESHOLD - 54.444443,DHC_SIGMA - 10.333334,DHC_MINPTS - 15.0],DensityTree[DISTANCE:BRAYCURTIS,DHC_THRESHOLD - 54.444443,DHC_SIGMA - 10.333334,DHC_MINPTS - 15.0],}
171,99.99999872336325,{Reading Instances[DISTANCE:EUCLIDEAN],AttractionTree[DISTANCE:EUCLIDEAN,DHC_THRESHOLD - 54.444443,DHC_SIGMA - 10.333334,DHC_MINPTS - 15.0],DensityTree[DISTANCE:BRAYCURTIS,DHC_THRESHOLD - 54.444443,DHC_SIGMA - 10.333334,DHC_MINPTS - 15.0],}
172,99.99999872336325,{Reading Instances[DISTANCE:EUCLIDEAN],AttractionTree[DISTANCE:EUCLIDEAN,DHC_THRESHOLD - 54.444443,DHC_SIGMA - 10.333334,DHC_MINPTS - 15.0],DensityTree[DISTANCE:BRAYCURTIS,DHC_THRESHOLD - 54.444443,DHC_SIGMA - 10.333334,DHC_MINPTS - 15.0],}
173,99.99999872336325,{Reading Instances[DISTANCE:EUCLIDEAN],AttractionTree[DISTANCE:EUCLIDEAN,DHC_THRESHOLD - 54.444443,DHC_SIGMA - 10.333334,DHC_MINPTS - 15.0],DensityTree[DISTANCE:BRAYCURTIS,DHC_THRESHOLD - 54.444443,DHC_SIGMA - 10.333334,DHC_MINPTS - 15.0],}
174,99.99999872336325,{Reading Instances[DISTANCE:EUCLIDEAN],AttractionTree[DISTANCE:EUCLIDEAN,DHC_THRESHOLD - 54.444443,DHC_SIGMA - 10.333334,DHC_MINPTS - 15.0],DensityTree[DISTANCE:BRAYCURTIS,DHC_THRESHOLD - 54.444443,DHC_SIGMA - 10.333334,DHC_MINPTS - 15.0],}
175,99.99999872336325,{Reading Instances[DISTANCE:EUCLIDEAN],AttractionTree[DISTANCE:EUCLIDEAN,DHC_THRESHOLD - 54.444443,DHC_SIGMA - 10.333334,DHC_MINPTS - 15.0],DensityTree[DISTANCE:BRAYCURTIS,DHC_THRESHOLD - 54.444443,DHC_SIGMA - 10.333334,DHC_MINPTS - 15.0],}
176,99.99999872336325,{Reading Instances[DISTANCE:EUCLIDEAN],AttractionTree[DISTANCE:EUCLIDEAN,DHC_THRESHOLD - 54.444443,DHC_SIGMA - 10.333334,DHC_MINPTS - 15.0],DensityTree[DISTANCE:BRAYCURTIS,DHC_THRESHOLD - 54.444443,DHC_SIGMA - 10.333334,DHC_MINPTS - 15.0],}
177,99.99999872336325,{Reading Instances[DISTANCE:EUCLIDEAN],AttractionTree[DISTANCE:EUCLIDEAN,DHC_THRESHOLD - 54.444443,DHC_SIGMA - 10.333334,DHC_MINPTS - 15.0],DensityTree[DISTANCE:BRAYCURTIS,DHC_THRESHOLD - 54.444443,DHC_SIGMA - 10.333334,DHC_MINPTS - 15.0],}
178,99.99999872336325,{Reading Instances[DISTANCE:EUCLIDEAN],AttractionTree[DISTANCE:EUCLIDEAN,DHC_THRESHOLD - 54.444443,DHC_SIGMA - 10.333334,DHC_MINPTS - 15.0],DensityTree[DISTANCE:BRAYCURTIS,DHC_THRESHOLD - 54.444443,DHC_SIGMA - 10.333334,DHC_MINPTS - 15.0],}
179,99.99999872336325,{Reading Instances[DISTANCE:EUCLIDEAN],AttractionTree[DISTANCE:EUCLIDEAN,DHC_THRESHOLD - 54.444443,DHC_SIGMA - 10.333334,DHC_MINPTS - 15.0],DensityTree[DISTANCE:BRAYCURTIS,DHC_THRESHOLD - 54.444443,DHC_SIGMA - 10.333334,DHC_MINPTS - 15.0],}
180,99.99999872336325,{Reading Instances[DISTANCE:EUCLIDEAN],AttractionTree[DISTANCE:EUCLIDEAN,DHC_THRESHOLD - 54.444443,DHC_SIGMA - 10.333334,DHC_MINPTS - 15.0],DensityTree[DISTANCE:BRAYCURTIS,DHC_THRESHOLD - 54.444443,DHC_SIGMA - 10.333334,DHC_MINPTS - 15.0],}
181,99.99999872336325,{Reading Instances[DISTANCE:EUCLIDEAN],AttractionTree[DISTANCE:EUCLIDEAN,DHC_THRESHOLD - 54.444443,DHC_SIGMA - 10.333334,DHC_MINPTS - 15.0],DensityTree[DISTANCE:BRAYCURTIS,DHC_THRESHOLD - 54.444443,DHC_SIGMA - 10.333334,DHC_MINPTS - 15.0],}
182,99.99999872336325,{Reading Instances[DISTANCE:EUCLIDEAN],AttractionTree[DISTANCE:EUCLIDEAN,DHC_THRESHOLD - 54.444443,DHC_SIGMA - 10.333334,DHC_MINPTS - 15.0],DensityTree[DISTANCE:BRAYCURTIS,DHC_THRESHOLD - 54.444443,DHC_SIGMA - 10.333334,DHC_MINPTS - 15.0],}
183,99.99999872336325,{Reading Instances[DISTANCE:EUCLIDEAN],AttractionTree[DISTANCE:EUCLIDEAN,DHC_THRESHOLD - 54.444443,DHC_SIGMA - 10.333334,DHC_MINPTS - 15.0],DensityTree[DISTANCE:BRAYCURTIS,DHC_THRESHOLD - 54.444443,DHC_SIGMA - 10.333334,DHC_MINPTS - 15.0],}
184,99.99999872336325,{Reading Instances[DISTANCE:EUCLIDEAN],AttractionTree[DISTANCE:EUCLIDEAN,DHC_THRESHOLD - 54.444443,DHC_SIGMA - 10.333334,DHC_MINPTS - 15.0],DensityTree[DISTANCE:BRAYCURTIS,DHC_THRESHOLD - 54.444443,DHC_SIGMA - 10.333334,DHC_MINPTS - 15.0],}
185,99.99999872336325,{Reading Instances[DISTANCE:EUCLIDEAN],AttractionTree[DISTANCE:EUCLIDEAN,DHC_THRESHOLD - 54.444443,DHC_SIGMA - 10.333334,DHC_MINPTS - 15.0],DensityTree[DISTANCE:BRAYCURTIS,DHC_THRESHOLD - 54.444443,DHC_SIGMA - 10.333334,DHC_MINPTS - 15.0],}
186,99.99999872336325,{Reading Instances[DISTANCE:EUCLIDEAN],AttractionTree[DISTANCE:EUCLIDEAN,DHC_THRESHOLD - 54.444443,DHC_SIGMA - 10.333334,DHC_MINPTS - 15.0],DensityTree[DISTANCE:BRAYCURTIS,DHC_THRESHOLD - 54.444443,DHC_SIGMA - 10.333334,DHC_MINPTS - 15.0],}
187,99.99999872336325,{Reading Instances[DISTANCE:EUCLIDEAN],AttractionTree[DISTANCE:EUCLIDEAN,DHC_THRESHOLD - 54.444443,DHC_SIGMA - 10.333334,DHC_MINPTS - 15.0],DensityTree[DISTANCE:BRAYCURTIS,DHC_THRESHOLD - 54.444443,DHC_SIGMA - 10.333334,DHC_MINPTS - 15.0],}
188,99.99999872336325,{Reading Instances[DISTANCE:EUCLIDEAN],AttractionTree[DISTANCE:EUCLIDEAN,DHC_THRESHOLD - 54.444443,DHC_SIGMA - 10.333334,DHC_MINPTS - 15.0],DensityTree[DISTANCE:BRAYCURTIS,DHC_THRESHOLD - 54.444443,DHC_SIGMA - 10.333334,DHC_MINPTS - 15.0],}
189,99.99999872336325,{Reading Instances[DISTANCE:EUCLIDEAN],AttractionTree[DISTANCE:EUCLIDEAN,DHC_THRESHOLD - 54.444443,DHC_SIGMA - 10.333334,DHC_MINPTS - 15.0],DensityTree[DISTANCE:BRAYCURTIS,DHC_THRESHOLD - 54.444443,DHC_SIGMA - 10.333334,DHC_MINPTS - 15.0],}
190,99.99999872336325,{Reading Instances[DISTANCE:EUCLIDEAN],AttractionTree[DISTANCE:EUCLIDEAN,DHC_THRESHOLD - 54.444443,DHC_SIGMA - 10.333334,DHC_MINPTS - 15.0],DensityTree[DISTANCE:BRAYCURTIS,DHC_THRESHOLD - 54.444443,DHC_SIGMA - 10.333334,DHC_MINPTS - 15.0],}
191,99.99999872336325,{Reading Instances[DISTANCE:EUCLIDEAN],AttractionTree[DISTANCE:EUCLIDEAN,DHC_THRESHOLD - 54.444443,DHC_SIGMA - 10.333334,DHC_MINPTS - 15.0],DensityTree[DISTANCE:BRAYCURTIS,DHC_THRESHOLD - 54.444443,DHC_SIGMA - 10.333334,DHC_MINPTS - 15.0],}
192,99.99999872336325,{Reading Instances[DISTANCE:EUCLIDEAN],AttractionTree[DISTANCE:EUCLIDEAN,DHC_THRESHOLD - 54.444443,DHC_SIGMA - 10.333334,DHC_MINPTS - 15.0],DensityTree[DISTANCE:BRAYCURTIS,DHC_THRESHOLD - 54.444443,DHC_SIGMA - 10.333334,DHC_MINPTS - 15.0],}
193,99.99999872336325,{Reading Instances[DISTANCE:EUCLIDEAN],AttractionTree[DISTANCE:EUCLIDEAN,DHC_THRESHOLD - 54.444443,DHC_SIGMA - 10.333334,DHC_MINPTS - 15.0],DensityTree[DISTANCE:BRAYCURTIS,DHC_THRESHOLD - 54.444443,DHC_SIGMA - 10.333334,DHC_MINPTS - 15.0],}
194,99.99999872336325,{Reading Instances[DISTANCE:EUCLIDEAN],AttractionTree[DISTANCE:EUCLIDEAN,DHC_THRESHOLD - 54.444443,DHC_SIGMA - 10.333334,DHC_MINPTS - 10.0],DensityTree[DISTANCE:BRAYCURTIS,DHC_THRESHOLD - 54.444443,DHC_SIGMA - 10.333334,DHC_MINPTS - 10.0],}
195,99.99999872336325,{Reading Instances[DISTANCE:EUCLIDEAN],AttractionTree[DISTANCE:EUCLIDEAN,DHC_THRESHOLD - 54.444443,DHC_SIGMA - 10.333334,DHC_MINPTS - 10.0],DensityTree[DISTANCE:BRAYCURTIS,DHC_THRESHOLD - 54.444443,DHC_SIGMA - 10.333334,DHC_MINPTS - 10.0],}
196,99.99999872336325,{Reading Instances[DISTANCE:EUCLIDEAN],AttractionTree[DISTANCE:EUCLIDEAN,DHC_THRESHOLD - 54.444443,DHC_SIGMA - 10.333334,DHC_MINPTS - 10.0],DensityTree[DISTANCE:BRAYCURTIS,DHC_THRESHOLD - 54.444443,DHC_SIGMA - 10.333334,DHC_MINPTS - 10.0],}
197,99.99999872336325,{Reading Instances[DISTANCE:EUCLIDEAN],AttractionTree[DISTANCE:EUCLIDEAN,DHC_THRESHOLD - 54.444443,DHC_SIGMA - 10.333334,DHC_MINPTS - 10.0],DensityTree[DISTANCE:BRAYCURTIS,DHC_THRESHOLD - 54.444443,DHC_SIGMA - 10.333334,DHC_MINPTS - 10.0],}
198,99.99999872336325,{Reading Instances[DISTANCE:EUCLIDEAN],AttractionTree[DISTANCE:EUCLIDEAN,DHC_THRESHOLD - 54.444443,DHC_SIGMA - 10.333334,DHC_MINPTS - 10.0],DensityTree[DISTANCE:BRAYCURTIS,DHC_THRESHOLD - 54.444443,DHC_SIGMA - 10.333334,DHC_MINPTS - 10.0],}
199,99.99999872336325,{Reading Instances[DISTANCE:EUCLIDEAN],AttractionTree[DISTANCE:EUCLIDEAN,DHC_THRESHOLD - 54.444443,DHC_SIGMA - 10.333334,DHC_MINPTS - 10.0],DensityTree[DISTANCE:BRAYCURTIS,DHC_THRESHOLD - 54.444443,DHC_SIGMA - 10.333334,DHC_MINPTS - 10.0],}
200,99.99999872336325,{Reading Instances[DISTANCE:EUCLIDEAN],AttractionTree[DISTANCE:EUCLIDEAN,DHC_THRESHOLD - 54.444443,DHC_SIGMA - 10.333334,DHC_MINPTS - 10.0],DensityTree[DISTANCE:BRAYCURTIS,DHC_THRESHOLD - 54.444443,DHC_SIGMA - 10.333334,DHC_MINPTS - 10.0],}
201,99.99999872336325,{Reading Instances[DISTANCE:EUCLIDEAN],AttractionTree[DISTANCE:EUCLIDEAN,DHC_THRESHOLD - 54.444443,DHC_SIGMA - 10.333334,DHC_MINPTS - 10.0],DensityTree[DISTANCE:BRAYCURTIS,DHC_THRESHOLD - 54.444443,DHC_SIGMA - 10.333334,DHC_MINPTS - 10.0],}
202,99.99999872336325,{Reading Instances[DISTANCE:EUCLIDEAN],AttractionTree[DISTANCE:EUCLIDEAN,DHC_THRESHOLD - 54.444443,DHC_SIGMA - 10.333334,DHC_MINPTS - 10.0],DensityTree[DISTANCE:BRAYCURTIS,DHC_THRESHOLD - 54.444443,DHC_SIGMA - 10.333334,DHC_MINPTS - 10.0],}
203,99.99999872336325,{Reading Instances[DISTANCE:EUCLIDEAN],AttractionTree[DISTANCE:EUCLIDEAN,DHC_THRESHOLD - 54.444443,DHC_SIGMA - 10.333334,DHC_MINPTS - 10.0],DensityTree[DISTANCE:BRAYCURTIS,DHC_THRESHOLD - 54.444443,DHC_SIGMA - 10.333334,DHC_MINPTS - 10.0],}
204,99.99999872336325,{Reading Instances[DISTANCE:EUCLIDEAN],AttractionTree[DISTANCE:EUCLIDEAN,DHC_THRESHOLD - 54.444443,DHC_SIGMA - 10.333334,DHC_MINPTS - 10.0],DensityTree[DISTANCE:BRAYCURTIS,DHC_THRESHOLD - 54.444443,DHC_SIGMA - 10.333334,DHC_MINPTS - 10.0],}
205,99.99999872336325,{Reading Instances[DISTANCE:EUCLIDEAN],AttractionTree[DISTANCE:EUCLIDEAN,DHC_THRESHOLD - 54.444443,DHC_SIGMA - 10.333334,DHC_MINPTS - 10.0],DensityTree[DISTANCE:BRAYCURTIS,DHC_THRESHOLD - 54.444443,DHC_SIGMA - 10.333334,DHC_MINPTS - 10.0],}
206,99.99999872336325,{Reading Instances[DISTANCE:EUCLIDEAN],AttractionTree[DISTANCE:EUCLIDEAN,DHC_THRESHOLD - 54.444443,DHC_SIGMA - 10.333334,DHC_MINPTS - 10.0],DensityTree[DISTANCE:BRAYCURTIS,DHC_THRESHOLD - 54.444443,DHC_SIGMA - 10.333334,DHC_MINPTS - 10.0],}
207,99.99999872336325,{Reading Instances[DISTANCE:EUCLIDEAN],AttractionTree[DISTANCE:EUCLIDEAN,DHC_THRESHOLD - 54.444443,DHC_SIGMA - 10.333334,DHC_MINPTS - 10.0],DensityTree[DISTANCE:BRAYCURTIS,DHC_THRESHOLD - 54.444443,DHC_SIGMA - 10.333334,DHC_MINPTS - 10.0],}
208,99.99999872336325,{Reading Instances[DISTANCE:EUCLIDEAN],AttractionTree[DISTANCE:EUCLIDEAN,DHC_THRESHOLD - 54.444443,DHC_SIGMA - 10.333334,DHC_MINPTS - 10.0],DensityTree[DISTANCE:BRAYCURTIS,DHC_THRESHOLD - 54.444443,DHC_SIGMA - 10.333334,DHC_MINPTS - 10.0],}
209,99.99999872336325,{Reading Instances[DISTANCE:EUCLIDEAN],AttractionTree[DISTANCE:EUCLIDEAN,DHC_THRESHOLD - 54.444443,DHC_SIGMA - 10.333334,DHC_MINPTS - 10.0],DensityTree[DISTANCE:BRAYCURTIS,DHC_THRESHOLD - 54.444443,DHC_SIGMA - 10.333334,DHC_MINPTS - 10.0],}
210,99.99999872336325,{Reading Instances[DISTANCE:EUCLIDEAN],AttractionTree[DISTANCE:EUCLIDEAN,DHC_THRESHOLD - 54.444443,DHC_SIGMA - 10.333334,DHC_MINPTS - 10.0],DensityTree[DISTANCE:BRAYCURTIS,DHC_THRESHOLD - 54.444443,DHC_SIGMA - 10.333334,DHC_MINPTS - 10.0],}
211,99.99999872336325,{Reading Instances[DISTANCE:EUCLIDEAN],AttractionTree[DISTANCE:EUCLIDEAN,DHC_THRESHOLD - 54.444443,DHC_SIGMA - 10.333334,DHC_MINPTS - 10.0],DensityTree[DISTANCE:BRAYCURTIS,DHC_THRESHOLD - 54.444443,DHC_SIGMA - 10.333334,DHC_MINPTS - 10.0],}
212,99.99999872336325,{Reading Instances[DISTANCE:EUCLIDEAN],AttractionTree[DISTANCE:EUCLIDEAN,DHC_THRESHOLD - 54.444443,DHC_SIGMA - 10.333334,DHC_MINPTS - 10.0],DensityTree[DISTANCE:BRAYCURTIS,DHC_THRESHOLD - 54.444443,DHC_SIGMA - 10.333334,DHC_MINPTS - 10.0],}
213,99.99999872336325,{Reading Instances[DISTANCE:EUCLIDEAN],AttractionTree[DISTANCE:EUCLIDEAN,DHC_THRESHOLD - 54.444443,DHC_SIGMA - 10.333334,DHC_MINPTS - 10.0],DensityTree[DISTANCE:BRAYCURTIS,DHC_THRESHOLD - 54.444443,DHC_SIGMA - 10.333334,DHC_MINPTS - 10.0],}
214,99.99999872336325,{Reading Instances[DISTANCE:EUCLIDEAN],AttractionTree[DISTANCE:EUCLIDEAN,DHC_THRESHOLD - 54.444443,DHC_SIGMA - 10.333334,DHC_MINPTS - 10.0],DensityTree[DISTANCE:BRAYCURTIS,DHC_THRESHOLD - 54.444443,DHC_SIGMA - 10.333334,DHC_MINPTS - 10.0],}
215,99.99999872336325,{Reading Instances[DISTANCE:EUCLIDEAN],AttractionTree[DISTANCE:EUCLIDEAN,DHC_THRESHOLD - 54.444443,DHC_SIGMA - 10.333334,DHC_MINPTS - 10.0],DensityTree[DISTANCE:BRAYCURTIS,DHC_THRESHOLD - 54.444443,DHC_SIGMA - 10.333334,DHC_MINPTS - 10.0],}
216,99.99999872336325,{Reading Instances[DISTANCE:EUCLIDEAN],AttractionTree[DISTANCE:EUCLIDEAN,DHC_THRESHOLD - 54.444443,DHC_SIGMA - 10.333334,DHC_MINPTS - 10.0],DensityTree[DISTANCE:BRAYCURTIS,DHC_THRESHOLD - 54.444443,DHC_SIGMA - 10.333334,DHC_MINPTS - 10.0],}
217,99.99999872336325,{Reading Instances[DISTANCE:EUCLIDEAN],AttractionTree[DISTANCE:EUCLIDEAN,DHC_THRESHOLD - 54.444443,DHC_SIGMA - 10.333334,DHC_MINPTS - 10.0],DensityTree[DISTANCE:BRAYCURTIS,DHC_THRESHOLD - 54.444443,DHC_SIGMA - 10.333334,DHC_MINPTS - 10.0],}
218,99.99999872336325,{Reading Instances[DISTANCE:EUCLIDEAN],AttractionTree[DISTANCE:EUCLIDEAN,DHC_THRESHOLD - 54.444443,DHC_SIGMA - 10.333334,DHC_MINPTS - 10.0],DensityTree[DISTANCE:BRAYCURTIS,DHC_THRESHOLD - 54.444443,DHC_SIGMA - 10.333334,DHC_MINPTS - 10.0],}
219,99.99999872336325,{Reading Instances[DISTANCE:EUCLIDEAN],AttractionTree[DISTANCE:EUCLIDEAN,DHC_THRESHOLD - 54.444443,DHC_SIGMA - 10.333334,DHC_MINPTS - 10.0],DensityTree[DISTANCE:BRAYCURTIS,DHC_THRESHOLD - 54.444443,DHC_SIGMA - 10.333334,DHC_MINPTS - 10.0],}
220,99.99999872336325,{Reading Instances[DISTANCE:EUCLIDEAN],AttractionTree[DISTANCE:EUCLIDEAN,DHC_THRESHOLD - 54.444443,DHC_SIGMA - 10.333334,DHC_MINPTS - 10.0],DensityTree[DISTANCE:BRAYCURTIS,DHC_THRESHOLD - 54.444443,DHC_SIGMA - 10.333334,DHC_MINPTS - 10.0],}
221,99.99999872336325,{Reading Instances[DISTANCE:EUCLIDEAN],AttractionTree[DISTANCE:EUCLIDEAN,DHC_THRESHOLD - 54.444443,DHC_SIGMA - 10.333334,DHC_MINPTS - 10.0],DensityTree[DISTANCE:BRAYCURTIS,DHC_THRESHOLD - 54.444443,DHC_SIGMA - 10.333334,DHC_MINPTS - 10.0],}
222,99.99999872336325,{Reading Instances[DISTANCE:EUCLIDEAN],AttractionTree[DISTANCE:EUCLIDEAN,DHC_THRESHOLD - 54.444443,DHC_SIGMA - 10.333334,DHC_MINPTS - 10.0],DensityTree[DISTANCE:BRAYCURTIS,DHC_THRESHOLD - 54.444443,DHC_SIGMA - 10.333334,DHC_MINPTS - 10.0],}
223,99.99999872336325,{Reading Instances[DISTANCE:EUCLIDEAN],AttractionTree[DISTANCE:EUCLIDEAN,DHC_THRESHOLD - 54.444443,DHC_SIGMA - 10.333334,DHC_MINPTS - 10.0],DensityTree[DISTANCE:BRAYCURTIS,DHC_THRESHOLD - 54.444443,DHC_SIGMA - 10.333334,DHC_MINPTS - 10.0],}
224,99.99999872336325,{Reading Instances[DISTANCE:EUCLIDEAN],AttractionTree[DISTANCE:EUCLIDEAN,DHC_THRESHOLD - 54.444443,DHC_SIGMA - 10.333334,DHC_MINPTS - 10.0],DensityTree[DISTANCE:BRAYCURTIS,DHC_THRESHOLD - 54.444443,DHC_SIGMA - 10.333334,DHC_MINPTS - 10.0],}
225,99.99999872336325,{Reading Instances[DISTANCE:EUCLIDEAN],AttractionTree[DISTANCE:EUCLIDEAN,DHC_THRESHOLD - 54.444443,DHC_SIGMA - 10.333334,DHC_MINPTS - 10.0],DensityTree[DISTANCE:BRAYCURTIS,DHC_THRESHOLD - 54.444443,DHC_SIGMA - 10.333334,DHC_MINPTS - 10.0],}
226,99.99999872336325,{Reading Instances[DISTANCE:EUCLIDEAN],AttractionTree[DISTANCE:EUCLIDEAN,DHC_THRESHOLD - 54.444443,DHC_SIGMA - 10.333334,DHC_MINPTS - 10.0],DensityTree[DISTANCE:BRAYCURTIS,DHC_THRESHOLD - 54.444443,DHC_SIGMA - 10.333334,DHC_MINPTS - 10.0],}
227,99.99999872336325,{Reading Instances[DISTANCE:EUCLIDEAN],AttractionTree[DISTANCE:EUCLIDEAN,DHC_THRESHOLD - 54.444443,DHC_SIGMA - 10.333334,DHC_MINPTS - 10.0],DensityTree[DISTANCE:BRAYCURTIS,DHC_THRESHOLD - 54.444443,DHC_SIGMA - 10.333334,DHC_MINPTS - 10.0],}
228,99.99999872336325,{Reading Instances[DISTANCE:EUCLIDEAN],AttractionTree[DISTANCE:EUCLIDEAN,DHC_THRESHOLD - 54.444443,DHC_SIGMA - 10.333334,DHC_MINPTS - 10.0],DensityTree[DISTANCE:BRAYCURTIS,DHC_THRESHOLD - 54.444443,DHC_SIGMA - 10.333334,DHC_MINPTS - 10.0],}
229,99.99999872336325,{Reading Instances[DISTANCE:EUCLIDEAN],AttractionTree[DISTANCE:EUCLIDEAN,DHC_THRESHOLD - 54.444443,DHC_SIGMA - 10.333334,DHC_MINPTS - 10.0],DensityTree[DISTANCE:BRAYCURTIS,DHC_THRESHOLD - 54.444443,DHC_SIGMA - 10.333334,DHC_MINPTS - 10.0],}
230,99.99999872336325,{Reading Instances[DISTANCE:EUCLIDEAN],AttractionTree[DISTANCE:EUCLIDEAN,DHC_THRESHOLD - 54.444443,DHC_SIGMA - 10.333334,DHC_MINPTS - 10.0],DensityTree[DISTANCE:BRAYCURTIS,DHC_THRESHOLD - 54.444443,DHC_SIGMA - 10.333334,DHC_MINPTS - 10.0],}
231,99.99999872336325,{Reading Instances[DISTANCE:EUCLIDEAN],AttractionTree[DISTANCE:EUCLIDEAN,DHC_THRESHOLD - 54.444443,DHC_SIGMA - 10.333334,DHC_MINPTS - 10.0],DensityTree[DISTANCE:BRAYCURTIS,DHC_THRESHOLD - 54.444443,DHC_SIGMA - 10.333334,DHC_MINPTS - 10.0],}
232,99.99999872336325,{Reading Instances[DISTANCE:EUCLIDEAN],AttractionTree[DISTANCE:EUCLIDEAN,DHC_THRESHOLD - 54.444443,DHC_SIGMA - 10.333334,DHC_MINPTS - 10.0],DensityTree[DISTANCE:BRAYCURTIS,DHC_THRESHOLD - 54.444443,DHC_SIGMA - 10.333334,DHC_MINPTS - 10.0],}
233,99.99999872336325,{Reading Instances[DISTANCE:EUCLIDEAN],AttractionTree[DISTANCE:EUCLIDEAN,DHC_THRESHOLD - 54.444443,DHC_SIGMA - 10.333334,DHC_MINPTS - 10.0],DensityTree[DISTANCE:BRAYCURTIS,DHC_THRESHOLD - 54.444443,DHC_SIGMA - 10.333334,DHC_MINPTS - 10.0],}
234,99.99999872336325,{Reading Instances[DISTANCE:EUCLIDEAN],AttractionTree[DISTANCE:EUCLIDEAN,DHC_THRESHOLD - 54.444443,DHC_SIGMA - 10.333334,DHC_MINPTS - 10.0],DensityTree[DISTANCE:BRAYCURTIS,DHC_THRESHOLD - 54.444443,DHC_SIGMA - 10.333334,DHC_MINPTS - 10.0],}
235,99.99999872336325,{Reading Instances[DISTANCE:EUCLIDEAN],AttractionTree[DISTANCE:EUCLIDEAN,DHC_THRESHOLD - 54.444443,DHC_SIGMA - 10.333334,DHC_MINPTS - 10.0],DensityTree[DISTANCE:BRAYCURTIS,DHC_THRESHOLD - 54.444443,DHC_SIGMA - 10.333334,DHC_MINPTS - 10.0],}
236,99.99999872336325,{Reading Instances[DISTANCE:EUCLIDEAN],AttractionTree[DISTANCE:EUCLIDEAN,DHC_THRESHOLD - 54.444443,DHC_SIGMA - 10.333334,DHC_MINPTS - 10.0],DensityTree[DISTANCE:BRAYCURTIS,DHC_THRESHOLD - 54.444443,DHC_SIGMA - 10.333334,DHC_MINPTS - 10.0],}
237,99.99999872336325,{Reading Instances[DISTANCE:EUCLIDEAN],AttractionTree[DISTANCE:EUCLIDEAN,DHC_THRESHOLD - 54.444443,DHC_SIGMA - 10.333334,DHC_MINPTS - 10.0],DensityTree[DISTANCE:BRAYCURTIS,DHC_THRESHOLD - 54.444443,DHC_SIGMA - 10.333334,DHC_MINPTS - 10.0],}
238,99.99999872336325,{Reading Instances[DISTANCE:EUCLIDEAN],AttractionTree[DISTANCE:EUCLIDEAN,DHC_THRESHOLD - 54.444443,DHC_SIGMA - 10.333334,DHC_MINPTS - 10.0],DensityTree[DISTANCE:BRAYCURTIS,DHC_THRESHOLD - 54.444443,DHC_SIGMA - 10.333334,DHC_MINPTS - 10.0],}
239,99.99999872336325,{Reading Instances[DISTANCE:EUCLIDEAN],AttractionTree[DISTANCE:EUCLIDEAN,DHC_THRESHOLD - 54.444443,DHC_SIGMA - 10.333334,DHC_MINPTS - 10.0],DensityTree[DISTANCE:BRAYCURTIS,DHC_THRESHOLD - 54.444443,DHC_SIGMA - 10.333334,DHC_MINPTS - 10.0],}
240,99.99999872336325,{Reading Instances[DISTANCE:EUCLIDEAN],AttractionTree[DISTANCE:EUCLIDEAN,DHC_THRESHOLD - 54.444443,DHC_SIGMA - 10.333334,DHC_MINPTS - 10.0],DensityTree[DISTANCE:BRAYCURTIS,DHC_THRESHOLD - 54.444443,DHC_SIGMA - 10.333334,DHC_MINPTS - 10.0],}
241,99.99999872336325,{Reading Instances[DISTANCE:EUCLIDEAN],AttractionTree[DISTANCE:EUCLIDEAN,DHC_THRESHOLD - 54.444443,DHC_SIGMA - 10.333334,DHC_MINPTS - 10.0],DensityTree[DISTANCE:BRAYCURTIS,DHC_THRESHOLD - 54.444443,DHC_SIGMA - 10.333334,DHC_MINPTS - 10.0],}
242,99.99999872336325,{Reading Instances[DISTANCE:EUCLIDEAN],AttractionTree[DISTANCE:EUCLIDEAN,DHC_THRESHOLD - 54.444443,DHC_SIGMA - 10.333334,DHC_MINPTS - 10.0],DensityTree[DISTANCE:BRAYCURTIS,DHC_THRESHOLD - 54.444443,DHC_SIGMA - 10.333334,DHC_MINPTS - 10.0],}
243,99.99999872336325,{Reading Instances[DISTANCE:EUCLIDEAN],AttractionTree[DISTANCE:EUCLIDEAN,DHC_THRESHOLD - 54.444443,DHC_SIGMA - 10.333334,DHC_MINPTS - 10.0],DensityTree[DISTANCE:BRAYCURTIS,DHC_THRESHOLD - 54.444443,DHC_SIGMA - 10.333334,DHC_MINPTS - 10.0],}
244,99.99999872336325,{Reading Instances[DISTANCE:EUCLIDEAN],AttractionTree[DISTANCE:EUCLIDEAN,DHC_THRESHOLD - 54.444443,DHC_SIGMA - 10.333334,DHC_MINPTS - 10.0],DensityTree[DISTANCE:BRAYCURTIS,DHC_THRESHOLD - 54.444443,DHC_SIGMA - 10.333334,DHC_MINPTS - 10.0],}
245,99.99999872336325,{Reading Instances[DISTANCE:EUCLIDEAN],AttractionTree[DISTANCE:EUCLIDEAN,DHC_THRESHOLD - 54.444443,DHC_SIGMA - 10.333334,DHC_MINPTS - 10.0],DensityTree[DISTANCE:BRAYCURTIS,DHC_THRESHOLD - 54.444443,DHC_SIGMA - 10.333334,DHC_MINPTS - 10.0],}
246,99.99999872336325,{Reading Instances[DISTANCE:EUCLIDEAN],AttractionTree[DISTANCE:EUCLIDEAN,DHC_THRESHOLD - 54.444443,DHC_SIGMA - 10.333334,DHC_MINPTS - 10.0],DensityTree[DISTANCE:BRAYCURTIS,DHC_THRESHOLD - 54.444443,DHC_SIGMA - 10.333334,DHC_MINPTS - 10.0],}
247,99.99999872336325,{Reading Instances[DISTANCE:EUCLIDEAN],AttractionTree[DISTANCE:EUCLIDEAN,DHC_THRESHOLD - 54.444443,DHC_SIGMA - 10.333334,DHC_MINPTS - 10.0],DensityTree[DISTANCE:BRAYCURTIS,DHC_THRESHOLD - 54.444443,DHC_SIGMA - 10.333334,DHC_MINPTS - 10.0],}
248,99.99999872336325,{Reading Instances[DISTANCE:EUCLIDEAN],AttractionTree[DISTANCE:EUCLIDEAN,DHC_THRESHOLD - 54.444443,DHC_SIGMA - 10.333334,DHC_MINPTS - 10.0],DensityTree[DISTANCE:BRAYCURTIS,DHC_THRESHOLD - 54.444443,DHC_SIGMA - 10.333334,DHC_MINPTS - 10.0],}
249,99.99999872336325,{Reading Instances[DISTANCE:EUCLIDEAN],AttractionTree[DISTANCE:EUCLIDEAN,DHC_THRESHOLD - 54.444443,DHC_SIGMA - 10.333334,DHC_MINPTS - 10.0],DensityTree[DISTANCE:BRAYCURTIS,DHC_THRESHOLD - 54.444443,DHC_SIGMA - 10.333334,DHC_MINPTS - 10.0],}
250,99.99999872336325,{Reading Instances[DISTANCE:EUCLIDEAN],AttractionTree[DISTANCE:EUCLIDEAN,DHC_THRESHOLD - 54.444443,DHC_SIGMA - 10.333334,DHC_MINPTS - 10.0],DensityTree[DISTANCE:BRAYCURTIS,DHC_THRESHOLD - 54.444443,DHC_SIGMA - 10.333334,DHC_MINPTS - 10.0],}
251,99.99999872336325,{Reading Instances[DISTANCE:EUCLIDEAN],AttractionTree[DISTANCE:EUCLIDEAN,DHC_THRESHOLD - 54.444443,DHC_SIGMA - 10.333334,DHC_MINPTS - 10.0],DensityTree[DISTANCE:BRAYCURTIS,DHC_THRESHOLD - 54.444443,DHC_SIGMA - 10.333334,DHC_MINPTS - 10.0],}
252,99.99999872336325,{Reading Instances[DISTANCE:EUCLIDEAN],AttractionTree[DISTANCE:EUCLIDEAN,DHC_THRESHOLD - 54.444443,DHC_SIGMA - 10.333334,DHC_MINPTS - 10.0],DensityTree[DISTANCE:BRAYCURTIS,DHC_THRESHOLD - 54.444443,DHC_SIGMA - 10.333334,DHC_MINPTS - 10.0],}
253,99.99999872336325,{Reading Instances[DISTANCE:EUCLIDEAN],AttractionTree[DISTANCE:EUCLIDEAN,DHC_THRESHOLD - 54.444443,DHC_SIGMA - 10.333334,DHC_MINPTS - 10.0],DensityTree[DISTANCE:BRAYCURTIS,DHC_THRESHOLD - 54.444443,DHC_SIGMA - 10.333334,DHC_MINPTS - 10.0],}
254,99.99999872336325,{Reading Instances[DISTANCE:EUCLIDEAN],AttractionTree[DISTANCE:EUCLIDEAN,DHC_THRESHOLD - 54.444443,DHC_SIGMA - 10.333334,DHC_MINPTS - 10.0],DensityTree[DISTANCE:BRAYCURTIS,DHC_THRESHOLD - 54.444443,DHC_SIGMA - 10.333334,DHC_MINPTS - 10.0],}
255,99.99999872336325,{Reading Instances[DISTANCE:EUCLIDEAN],AttractionTree[DISTANCE:EUCLIDEAN,DHC_THRESHOLD - 54.444443,DHC_SIGMA - 10.333334,DHC_MINPTS - 10.0],DensityTree[DISTANCE:BRAYCURTIS,DHC_THRESHOLD - 54.444443,DHC_SIGMA - 10.333334,DHC_MINPTS - 10.0],}
256,99.99999872336325,{Reading Instances[DISTANCE:EUCLIDEAN],AttractionTree[DISTANCE:EUCLIDEAN,DHC_THRESHOLD - 54.444443,DHC_SIGMA - 10.333334,DHC_MINPTS - 10.0],DensityTree[DISTANCE:BRAYCURTIS,DHC_THRESHOLD - 54.444443,DHC_SIGMA - 10.333334,DHC_MINPTS - 10.0],}
257,99.99999872336325,{Reading Instances[DISTANCE:EUCLIDEAN],AttractionTree[DISTANCE:EUCLIDEAN,DHC_THRESHOLD - 54.444443,DHC_SIGMA - 10.333334,DHC_MINPTS - 10.0],DensityTree[DISTANCE:BRAYCURTIS,DHC_THRESHOLD - 54.444443,DHC_SIGMA - 10.333334,DHC_MINPTS - 10.0],}
258,99.99999872336325,{Reading Instances[DISTANCE:EUCLIDEAN],AttractionTree[DISTANCE:EUCLIDEAN,DHC_THRESHOLD - 54.444443,DHC_SIGMA - 10.333334,DHC_MINPTS - 15.0],DensityTree[DISTANCE:BRAYCURTIS,DHC_THRESHOLD - 54.444443,DHC_SIGMA - 10.333334,DHC_MINPTS - 15.0],}
259,99.99999872336325,{Reading Instances[DISTANCE:EUCLIDEAN],AttractionTree[DISTANCE:EUCLIDEAN,DHC_THRESHOLD - 54.444443,DHC_SIGMA - 10.333334,DHC_MINPTS - 15.0],DensityTree[DISTANCE:BRAYCURTIS,DHC_THRESHOLD - 54.444443,DHC_SIGMA - 10.333334,DHC_MINPTS - 15.0],}
260,99.99999872336325,{Reading Instances[DISTANCE:EUCLIDEAN],AttractionTree[DISTANCE:EUCLIDEAN,DHC_THRESHOLD - 54.444443,DHC_SIGMA - 10.333334,DHC_MINPTS - 15.0],DensityTree[DISTANCE:BRAYCURTIS,DHC_THRESHOLD - 54.444443,DHC_SIGMA - 10.333334,DHC_MINPTS - 15.0],}
261,99.99999872336325,{Reading Instances[DISTANCE:EUCLIDEAN],AttractionTree[DISTANCE:EUCLIDEAN,DHC_THRESHOLD - 54.444443,DHC_SIGMA - 10.333334,DHC_MINPTS - 15.0],DensityTree[DISTANCE:BRAYCURTIS,DHC_THRESHOLD - 54.444443,DHC_SIGMA - 10.333334,DHC_MINPTS - 15.0],}
262,99.99999872336325,{Reading Instances[DISTANCE:EUCLIDEAN],AttractionTree[DISTANCE:EUCLIDEAN,DHC_THRESHOLD - 54.444443,DHC_SIGMA - 10.333334,DHC_MINPTS - 15.0],DensityTree[DISTANCE:BRAYCURTIS,DHC_THRESHOLD - 54.444443,DHC_SIGMA - 10.333334,DHC_MINPTS - 15.0],}
263,99.99999872336325,{Reading Instances[DISTANCE:EUCLIDEAN],AttractionTree[DISTANCE:EUCLIDEAN,DHC_THRESHOLD - 54.444443,DHC_SIGMA - 10.333334,DHC_MINPTS - 15.0],DensityTree[DISTANCE:BRAYCURTIS,DHC_THRESHOLD - 54.444443,DHC_SIGMA - 10.333334,DHC_MINPTS - 15.0],}
264,99.99999872336325,{Reading Instances[DISTANCE:EUCLIDEAN],AttractionTree[DISTANCE:EUCLIDEAN,DHC_THRESHOLD - 54.444443,DHC_SIGMA - 10.333334,DHC_MINPTS - 15.0],DensityTree[DISTANCE:BRAYCURTIS,DHC_THRESHOLD - 54.444443,DHC_SIGMA - 10.333334,DHC_MINPTS - 15.0],}
265,99.99999872336325,{Reading Instances[DISTANCE:EUCLIDEAN],AttractionTree[DISTANCE:EUCLIDEAN,DHC_THRESHOLD - 54.444443,DHC_SIGMA - 10.333334,DHC_MINPTS - 15.0],DensityTree[DISTANCE:BRAYCURTIS,DHC_THRESHOLD - 54.444443,DHC_SIGMA - 10.333334,DHC_MINPTS - 15.0],}
266,99.99999872336325,{Reading Instances[DISTANCE:EUCLIDEAN],AttractionTree[DISTANCE:EUCLIDEAN,DHC_THRESHOLD - 54.444443,DHC_SIGMA - 10.333334,DHC_MINPTS - 15.0],DensityTree[DISTANCE:BRAYCURTIS,DHC_THRESHOLD - 54.444443,DHC_SIGMA - 10.333334,DHC_MINPTS - 15.0],}
267,99.99999872336325,{Reading Instances[DISTANCE:EUCLIDEAN],AttractionTree[DISTANCE:EUCLIDEAN,DHC_THRESHOLD - 54.444443,DHC_SIGMA - 10.333334,DHC_MINPTS - 15.0],DensityTree[DISTANCE:BRAYCURTIS,DHC_THRESHOLD - 54.444443,DHC_SIGMA - 10.333334,DHC_MINPTS - 15.0],}
268,99.99999872336325,{Reading Instances[DISTANCE:EUCLIDEAN],AttractionTree[DISTANCE:EUCLIDEAN,DHC_THRESHOLD - 54.444443,DHC_SIGMA - 10.333334,DHC_MINPTS - 15.0],DensityTree[DISTANCE:BRAYCURTIS,DHC_THRESHOLD - 54.444443,DHC_SIGMA - 10.333334,DHC_MINPTS - 15.0],}
269,99.99999872336325,{Reading Instances[DISTANCE:EUCLIDEAN],AttractionTree[DISTANCE:EUCLIDEAN,DHC_THRESHOLD - 54.444443,DHC_SIGMA - 10.333334,DHC_MINPTS - 15.0],DensityTree[DISTANCE:BRAYCURTIS,DHC_THRESHOLD - 54.444443,DHC_SIGMA - 10.333334,DHC_MINPTS - 15.0],}
270,99.99999872336325,{Reading Instances[DISTANCE:EUCLIDEAN],AttractionTree[DISTANCE:EUCLIDEAN,DHC_THRESHOLD - 54.444443,DHC_SIGMA - 10.333334,DHC_MINPTS - 15.0],DensityTree[DISTANCE:BRAYCURTIS,DHC_THRESHOLD - 54.444443,DHC_SIGMA - 10.333334,DHC_MINPTS - 15.0],}
271,99.99999872336325,{Reading Instances[DISTANCE:EUCLIDEAN],AttractionTree[DISTANCE:EUCLIDEAN,DHC_THRESHOLD - 54.444443,DHC_SIGMA - 10.333334,DHC_MINPTS - 15.0],DensityTree[DISTANCE:BRAYCURTIS,DHC_THRESHOLD - 54.444443,DHC_SIGMA - 10.333334,DHC_MINPTS - 15.0],}
272,99.99999872336325,{Reading Instances[DISTANCE:EUCLIDEAN],AttractionTree[DISTANCE:EUCLIDEAN,DHC_THRESHOLD - 54.444443,DHC_SIGMA - 10.333334,DHC_MINPTS - 15.0],DensityTree[DISTANCE:BRAYCURTIS,DHC_THRESHOLD - 54.444443,DHC_SIGMA - 10.333334,DHC_MINPTS - 15.0],}
273,99.99999872336325,{Reading Instances[DISTANCE:EUCLIDEAN],AttractionTree[DISTANCE:EUCLIDEAN,DHC_THRESHOLD - 54.444443,DHC_SIGMA - 10.333334,DHC_MINPTS - 15.0],DensityTree[DISTANCE:BRAYCURTIS,DHC_THRESHOLD - 54.444443,DHC_SIGMA - 10.333334,DHC_MINPTS - 15.0],}
274,99.99999872336325,{Reading Instances[DISTANCE:EUCLIDEAN],AttractionTree[DISTANCE:EUCLIDEAN,DHC_THRESHOLD - 54.444443,DHC_SIGMA - 10.333334,DHC_MINPTS - 15.0],DensityTree[DISTANCE:BRAYCURTIS,DHC_THRESHOLD - 54.444443,DHC_SIGMA - 10.333334,DHC_MINPTS - 15.0],}
275,99.99999872336325,{Reading Instances[DISTANCE:EUCLIDEAN],AttractionTree[DISTANCE:EUCLIDEAN,DHC_THRESHOLD - 54.444443,DHC_SIGMA - 10.333334,DHC_MINPTS - 15.0],DensityTree[DISTANCE:BRAYCURTIS,DHC_THRESHOLD - 54.444443,DHC_SIGMA - 10.333334,DHC_MINPTS - 15.0],}
276,99.99999872336325,{Reading Instances[DISTANCE:EUCLIDEAN],AttractionTree[DISTANCE:BRAYCURTIS,DHC_THRESHOLD - 54.444443,DHC_SIGMA - 10.333334,DHC_MINPTS - 20.0],DensityTree[DISTANCE:CHEBYCHEV,DHC_THRESHOLD - 54.444443,DHC_SIGMA - 10.333334,DHC_MINPTS - 20.0],}
277,99.99999872336325,{Reading Instances[DISTANCE:EUCLIDEAN],AttractionTree[DISTANCE:BRAYCURTIS,DHC_THRESHOLD - 54.444443,DHC_SIGMA - 10.333334,DHC_MINPTS - 20.0],DensityTree[DISTANCE:CHEBYCHEV,DHC_THRESHOLD - 54.444443,DHC_SIGMA - 10.333334,DHC_MINPTS - 20.0],}
278,99.99999872336325,{Reading Instances[DISTANCE:EUCLIDEAN],AttractionTree[DISTANCE:BRAYCURTIS,DHC_THRESHOLD - 54.444443,DHC_SIGMA - 10.333334,DHC_MINPTS - 20.0],DensityTree[DISTANCE:CHEBYCHEV,DHC_THRESHOLD - 54.444443,DHC_SIGMA - 10.333334,DHC_MINPTS - 20.0],}
279,99.99999872336325,{Reading Instances[DISTANCE:EUCLIDEAN],AttractionTree[DISTANCE:BRAYCURTIS,DHC_THRESHOLD - 54.444443,DHC_SIGMA - 10.333334,DHC_MINPTS - 20.0],DensityTree[DISTANCE:CHEBYCHEV,DHC_THRESHOLD - 54.444443,DHC_SIGMA - 10.333334,DHC_MINPTS - 20.0],}
280,99.99999872336325,{Reading Instances[DISTANCE:EUCLIDEAN],AttractionTree[DISTANCE:BRAYCURTIS,DHC_THRESHOLD - 54.444443,DHC_SIGMA - 10.333334,DHC_MINPTS - 20.0],DensityTree[DISTANCE:CHEBYCHEV,DHC_THRESHOLD - 54.444443,DHC_SIGMA - 10.333334,DHC_MINPTS - 20.0],}
281,99.99999872336325,{Reading Instances[DISTANCE:EUCLIDEAN],AttractionTree[DISTANCE:BRAYCURTIS,DHC_THRESHOLD - 54.444443,DHC_SIGMA - 10.333334,DHC_MINPTS - 20.0],DensityTree[DISTANCE:CHEBYCHEV,DHC_THRESHOLD - 54.444443,DHC_SIGMA - 10.333334,DHC_MINPTS - 20.0],}
282,99.99999872336325,{Reading Instances[DISTANCE:EUCLIDEAN],AttractionTree[DISTANCE:BRAYCURTIS,DHC_THRESHOLD - 54.444443,DHC_SIGMA - 10.333334,DHC_MINPTS - 20.0],DensityTree[DISTANCE:CHEBYCHEV,DHC_THRESHOLD - 54.444443,DHC_SIGMA - 10.333334,DHC_MINPTS - 20.0],}
283,99.99999872336325,{Reading Instances[DISTANCE:EUCLIDEAN],AttractionTree[DISTANCE:BRAYCURTIS,DHC_THRESHOLD - 54.444443,DHC_SIGMA - 10.333334,DHC_MINPTS - 20.0],DensityTree[DISTANCE:CHEBYCHEV,DHC_THRESHOLD - 54.444443,DHC_SIGMA - 10.333334,DHC_MINPTS - 20.0],}
284,99.99999872336325,{Reading Instances[DISTANCE:EUCLIDEAN],AttractionTree[DISTANCE:BRAYCURTIS,DHC_THRESHOLD - 54.444443,DHC_SIGMA - 10.333334,DHC_MINPTS - 20.0],DensityTree[DISTANCE:CHEBYCHEV,DHC_THRESHOLD - 54.444443,DHC_SIGMA - 10.333334,DHC_MINPTS - 20.0],}
285,99.99999872336325,{Reading Instances[DISTANCE:EUCLIDEAN],AttractionTree[DISTANCE:BRAYCURTIS,DHC_THRESHOLD - 54.444443,DHC_SIGMA - 10.333334,DHC_MINPTS - 20.0],DensityTree[DISTANCE:CHEBYCHEV,DHC_THRESHOLD - 54.444443,DHC_SIGMA - 10.333334,DHC_MINPTS - 20.0],}
286,99.99999872336325,{Reading Instances[DISTANCE:EUCLIDEAN],AttractionTree[DISTANCE:BRAYCURTIS,DHC_THRESHOLD - 54.444443,DHC_SIGMA - 10.333334,DHC_MINPTS - 20.0],DensityTree[DISTANCE:CHEBYCHEV,DHC_THRESHOLD - 54.444443,DHC_SIGMA - 10.333334,DHC_MINPTS - 20.0],}
287,99.99999872336325,{Reading Instances[DISTANCE:EUCLIDEAN],AttractionTree[DISTANCE:BRAYCURTIS,DHC_THRESHOLD - 54.444443,DHC_SIGMA - 10.333334,DHC_MINPTS - 20.0],DensityTree[DISTANCE:CHEBYCHEV,DHC_THRESHOLD - 54.444443,DHC_SIGMA - 10.333334,DHC_MINPTS - 20.0],}
288,99.99999872336325,{Reading Instances[DISTANCE:EUCLIDEAN],AttractionTree[DISTANCE:BRAYCURTIS,DHC_THRESHOLD - 54.444443,DHC_SIGMA - 10.333334,DHC_MINPTS - 20.0],DensityTree[DISTANCE:CHEBYCHEV,DHC_THRESHOLD - 54.444443,DHC_SIGMA - 10.333334,DHC_MINPTS - 20.0],}
289,99.99999872336325,{Reading Instances[DISTANCE:EUCLIDEAN],AttractionTree[DISTANCE:BRAYCURTIS,DHC_THRESHOLD - 54.444443,DHC_SIGMA - 10.333334,DHC_MINPTS - 20.0],DensityTree[DISTANCE:CHEBYCHEV,DHC_THRESHOLD - 54.444443,DHC_SIGMA - 10.333334,DHC_MINPTS - 20.0],}
290,99.99999872336325,{Reading Instances[DISTANCE:EUCLIDEAN],AttractionTree[DISTANCE:BRAYCURTIS,DHC_THRESHOLD - 54.444443,DHC_SIGMA - 10.333334,DHC_MINPTS - 20.0],DensityTree[DISTANCE:CHEBYCHEV,DHC_THRESHOLD - 54.444443,DHC_SIGMA - 10.333334,DHC_MINPTS - 20.0],}
291,99.99999872336325,{Reading Instances[DISTANCE:EUCLIDEAN],AttractionTree[DISTANCE:BRAYCURTIS,DHC_THRESHOLD - 54.444443,DHC_SIGMA - 10.333334,DHC_MINPTS - 20.0],DensityTree[DISTANCE:CHEBYCHEV,DHC_THRESHOLD - 54.444443,DHC_SIGMA - 10.333334,DHC_MINPTS - 20.0],}
292,99.99999872336325,{Reading Instances[DISTANCE:EUCLIDEAN],AttractionTree[DISTANCE:EUCLIDEAN,DHC_THRESHOLD - 54.444443,DHC_SIGMA - 10.333334,DHC_MINPTS - 16.666666],DensityTree[DISTANCE:MANHATTAN,DHC_THRESHOLD - 54.444443,DHC_SIGMA - 10.333334,DHC_MINPTS - 16.666666],}
293,99.99999872336325,{Reading Instances[DISTANCE:EUCLIDEAN],AttractionTree[DISTANCE:EUCLIDEAN,DHC_THRESHOLD - 54.444443,DHC_SIGMA - 10.333334,DHC_MINPTS - 16.666666],DensityTree[DISTANCE:MANHATTAN,DHC_THRESHOLD - 54.444443,DHC_SIGMA - 10.333334,DHC_MINPTS - 16.666666],}
294,99.99999872336325,{Reading Instances[DISTANCE:EUCLIDEAN],AttractionTree[DISTANCE:EUCLIDEAN,DHC_THRESHOLD - 54.444443,DHC_SIGMA - 10.333334,DHC_MINPTS - 16.666666],DensityTree[DISTANCE:MANHATTAN,DHC_THRESHOLD - 54.444443,DHC_SIGMA - 10.333334,DHC_MINPTS - 16.666666],}
295,99.99999872336325,{Reading Instances[DISTANCE:EUCLIDEAN],AttractionTree[DISTANCE:EUCLIDEAN,DHC_THRESHOLD - 54.444443,DHC_SIGMA - 10.333334,DHC_MINPTS - 16.666666],DensityTree[DISTANCE:MANHATTAN,DHC_THRESHOLD - 54.444443,DHC_SIGMA - 10.333334,DHC_MINPTS - 16.666666],}
296,99.99999872336325,{Reading Instances[DISTANCE:EUCLIDEAN],AttractionTree[DISTANCE:EUCLIDEAN,DHC_THRESHOLD - 54.444443,DHC_SIGMA - 10.333334,DHC_MINPTS - 16.666666],DensityTree[DISTANCE:MANHATTAN,DHC_THRESHOLD - 54.444443,DHC_SIGMA - 10.333334,DHC_MINPTS - 16.666666],}
297,99.99999872336325,{Reading Instances[DISTANCE:EUCLIDEAN],AttractionTree[DISTANCE:EUCLIDEAN,DHC_THRESHOLD - 54.444443,DHC_SIGMA - 10.333334,DHC_MINPTS - 16.666666],DensityTree[DISTANCE:MANHATTAN,DHC_THRESHOLD - 54.444443,DHC_SIGMA - 10.333334,DHC_MINPTS - 16.666666],}
298,99.99999872336325,{Reading Instances[DISTANCE:EUCLIDEAN],AttractionTree[DISTANCE:EUCLIDEAN,DHC_THRESHOLD - 54.444443,DHC_SIGMA - 10.333334,DHC_MINPTS - 16.666666],DensityTree[DISTANCE:MANHATTAN,DHC_THRESHOLD - 54.444443,DHC_SIGMA - 10.333334,DHC_MINPTS - 16.666666],}
299,99.99999872336325,{Reading Instances[DISTANCE:EUCLIDEAN],AttractionTree[DISTANCE:EUCLIDEAN,DHC_THRESHOLD - 54.444443,DHC_SIGMA - 10.333334,DHC_MINPTS - 16.666666],DensityTree[DISTANCE:MANHATTAN,DHC_THRESHOLD - 54.444443,DHC_SIGMA - 10.333334,DHC_MINPTS - 16.666666],}
300,99.99999872336325,{Reading Instances[DISTANCE:EUCLIDEAN],AttractionTree[DISTANCE:EUCLIDEAN,DHC_THRESHOLD - 54.444443,DHC_SIGMA - 10.333334,DHC_MINPTS - 16.666666],DensityTree[DISTANCE:MANHATTAN,DHC_THRESHOLD - 54.444443,DHC_SIGMA - 10.333334,DHC_MINPTS - 16.666666],}
301,99.99999872336325,{Reading Instances[DISTANCE:EUCLIDEAN],AttractionTree[DISTANCE:EUCLIDEAN,DHC_THRESHOLD - 54.444443,DHC_SIGMA - 10.333334,DHC_MINPTS - 16.666666],DensityTree[DISTANCE:MANHATTAN,DHC_THRESHOLD - 54.444443,DHC_SIGMA - 10.333334,DHC_MINPTS - 16.666666],}
302,99.99999872336325,{Reading Instances[DISTANCE:EUCLIDEAN],AttractionTree[DISTANCE:EUCLIDEAN,DHC_THRESHOLD - 54.444443,DHC_SIGMA - 10.333334,DHC_MINPTS - 16.666666],DensityTree[DISTANCE:MANHATTAN,DHC_THRESHOLD - 54.444443,DHC_SIGMA - 10.333334,DHC_MINPTS - 16.666666],}
303,99.99999872336325,{Reading Instances[DISTANCE:EUCLIDEAN],AttractionTree[DISTANCE:MANHATTAN,DHC_THRESHOLD - 54.444443,DHC_SIGMA - 10.333334,DHC_MINPTS - 15.0],DensityTree[DISTANCE:MANHATTAN,DHC_THRESHOLD - 54.444443,DHC_SIGMA - 10.333334,DHC_MINPTS - 15.0],}
304,99.99999872336325,{Reading Instances[DISTANCE:EUCLIDEAN],AttractionTree[DISTANCE:MANHATTAN,DHC_THRESHOLD - 54.444443,DHC_SIGMA - 10.333334,DHC_MINPTS - 15.0],DensityTree[DISTANCE:MANHATTAN,DHC_THRESHOLD - 54.444443,DHC_SIGMA - 10.333334,DHC_MINPTS - 15.0],}
305,99.99999872336325,{Reading Instances[DISTANCE:EUCLIDEAN],AttractionTree[DISTANCE:MANHATTAN,DHC_THRESHOLD - 54.444443,DHC_SIGMA - 10.333334,DHC_MINPTS - 15.0],DensityTree[DISTANCE:MANHATTAN,DHC_THRESHOLD - 54.444443,DHC_SIGMA - 10.333334,DHC_MINPTS - 15.0],}
306,99.99999872336325,{Reading Instances[DISTANCE:EUCLIDEAN],AttractionTree[DISTANCE:MANHATTAN,DHC_THRESHOLD - 54.444443,DHC_SIGMA - 10.333334,DHC_MINPTS - 15.0],DensityTree[DISTANCE:MANHATTAN,DHC_THRESHOLD - 54.444443,DHC_SIGMA - 10.333334,DHC_MINPTS - 15.0],}
307,99.99999872336325,{Reading Instances[DISTANCE:EUCLIDEAN],AttractionTree[DISTANCE:MANHATTAN,DHC_THRESHOLD - 54.444443,DHC_SIGMA - 10.333334,DHC_MINPTS - 15.0],DensityTree[DISTANCE:MANHATTAN,DHC_THRESHOLD - 54.444443,DHC_SIGMA - 10.333334,DHC_MINPTS - 15.0],}
308,99.99999872336325,{Reading Instances[DISTANCE:EUCLIDEAN],AttractionTree[DISTANCE:MANHATTAN,DHC_THRESHOLD - 54.444443,DHC_SIGMA - 10.333334,DHC_MINPTS - 15.0],DensityTree[DISTANCE:MANHATTAN,DHC_THRESHOLD - 54.444443,DHC_SIGMA - 10.333334,DHC_MINPTS - 15.0],}
309,99.99999872336325,{Reading Instances[DISTANCE:EUCLIDEAN],AttractionTree[DISTANCE:MANHATTAN,DHC_THRESHOLD - 54.444443,DHC_SIGMA - 10.333334,DHC_MINPTS - 6.6666665],DensityTree[DISTANCE:CHEBYCHEV,DHC_THRESHOLD - 54.444443,DHC_SIGMA - 10.333334,DHC_MINPTS - 6.6666665],}
310,99.99999872336325,{Reading Instances[DISTANCE:EUCLIDEAN],AttractionTree[DISTANCE:MANHATTAN,DHC_THRESHOLD - 54.444443,DHC_SIGMA - 10.333334,DHC_MINPTS - 6.6666665],DensityTree[DISTANCE:CHEBYCHEV,DHC_THRESHOLD - 54.444443,DHC_SIGMA - 10.333334,DHC_MINPTS - 6.6666665],}
311,99.99999872336325,{Reading Instances[DISTANCE:EUCLIDEAN],AttractionTree[DISTANCE:MANHATTAN,DHC_THRESHOLD - 54.444443,DHC_SIGMA - 10.333334,DHC_MINPTS - 6.6666665],DensityTree[DISTANCE:CHEBYCHEV,DHC_THRESHOLD - 54.444443,DHC_SIGMA - 10.333334,DHC_MINPTS - 6.6666665],}
312,99.99999872336325,{Reading Instances[DISTANCE:EUCLIDEAN],AttractionTree[DISTANCE:MANHATTAN,DHC_THRESHOLD - 54.444443,DHC_SIGMA - 10.333334,DHC_MINPTS - 6.6666665],DensityTree[DISTANCE:CHEBYCHEV,DHC_THRESHOLD - 54.444443,DHC_SIGMA - 10.333334,DHC_MINPTS - 6.6666665],}
313,99.99999872336325,{Reading Instances[DISTANCE:EUCLIDEAN],AttractionTree[DISTANCE:MANHATTAN,DHC_THRESHOLD - 54.444443,DHC_SIGMA - 10.333334,DHC_MINPTS - 6.6666665],DensityTree[DISTANCE:CHEBYCHEV,DHC_THRESHOLD - 54.444443,DHC_SIGMA - 10.333334,DHC_MINPTS - 6.6666665],}
314,99.99999872336325,{Reading Instances[DISTANCE:EUCLIDEAN],AttractionTree[DISTANCE:MANHATTAN,DHC_THRESHOLD - 54.444443,DHC_SIGMA - 10.333334,DHC_MINPTS - 6.6666665],DensityTree[DISTANCE:CHEBYCHEV,DHC_THRESHOLD - 54.444443,DHC_SIGMA - 10.333334,DHC_MINPTS - 6.6666665],}
315,99.99999872336325,{Reading Instances[DISTANCE:EUCLIDEAN],AttractionTree[DISTANCE:MANHATTAN,DHC_THRESHOLD - 54.444443,DHC_SIGMA - 10.333334,DHC_MINPTS - 6.6666665],DensityTree[DISTANCE:CHEBYCHEV,DHC_THRESHOLD - 54.444443,DHC_SIGMA - 10.333334,DHC_MINPTS - 6.6666665],}
316,99.99999872336325,{Reading Instances[DISTANCE:EUCLIDEAN],AttractionTree[DISTANCE:MANHATTAN,DHC_THRESHOLD - 54.444443,DHC_SIGMA - 10.333334,DHC_MINPTS - 6.6666665],DensityTree[DISTANCE:CHEBYCHEV,DHC_THRESHOLD - 54.444443,DHC_SIGMA - 10.333334,DHC_MINPTS - 6.6666665],}
317,99.99999872336325,{Reading Instances[DISTANCE:EUCLIDEAN],AttractionTree[DISTANCE:MANHATTAN,DHC_THRESHOLD - 54.444443,DHC_SIGMA - 10.333334,DHC_MINPTS - 6.6666665],DensityTree[DISTANCE:CHEBYCHEV,DHC_THRESHOLD - 54.444443,DHC_SIGMA - 10.333334,DHC_MINPTS - 6.6666665],}
318,99.99999872336325,{Reading Instances[DISTANCE:EUCLIDEAN],AttractionTree[DISTANCE:MANHATTAN,DHC_THRESHOLD - 54.444443,DHC_SIGMA - 10.333334,DHC_MINPTS - 6.6666665],DensityTree[DISTANCE:CHEBYCHEV,DHC_THRESHOLD - 54.444443,DHC_SIGMA - 10.333334,DHC_MINPTS - 6.6666665],}
319,99.99999872336325,{Reading Instances[DISTANCE:EUCLIDEAN],AttractionTree[DISTANCE:MANHATTAN,DHC_THRESHOLD - 54.444443,DHC_SIGMA - 10.333334,DHC_MINPTS - 6.6666665],DensityTree[DISTANCE:CHEBYCHEV,DHC_THRESHOLD - 54.444443,DHC_SIGMA - 10.333334,DHC_MINPTS - 6.6666665],}
320,99.99999872336325,{Reading Instances[DISTANCE:EUCLIDEAN],AttractionTree[DISTANCE:MANHATTAN,DHC_THRESHOLD - 54.444443,DHC_SIGMA - 10.333334,DHC_MINPTS - 6.6666665],DensityTree[DISTANCE:CHEBYCHEV,DHC_THRESHOLD - 54.444443,DHC_SIGMA - 10.333334,DHC_MINPTS - 6.6666665],}
321,99.99999872336325,{Reading Instances[DISTANCE:EUCLIDEAN],AttractionTree[DISTANCE:MANHATTAN,DHC_THRESHOLD - 54.444443,DHC_SIGMA - 10.333334,DHC_MINPTS - 6.6666665],DensityTree[DISTANCE:CHEBYCHEV,DHC_THRESHOLD - 54.444443,DHC_SIGMA - 10.333334,DHC_MINPTS - 6.6666665],}
322,99.99999872336325,{Reading Instances[DISTANCE:EUCLIDEAN],AttractionTree[DISTANCE:MANHATTAN,DHC_THRESHOLD - 54.444443,DHC_SIGMA - 10.333334,DHC_MINPTS - 6.6666665],DensityTree[DISTANCE:CHEBYCHEV,DHC_THRESHOLD - 54.444443,DHC_SIGMA - 10.333334,DHC_MINPTS - 6.6666665],}
323,99.99999872336325,{Reading Instances[DISTANCE:EUCLIDEAN],AttractionTree[DISTANCE:MANHATTAN,DHC_THRESHOLD - 54.444443,DHC_SIGMA - 10.333334,DHC_MINPTS - 6.6666665],DensityTree[DISTANCE:CHEBYCHEV,DHC_THRESHOLD - 54.444443,DHC_SIGMA - 10.333334,DHC_MINPTS - 6.6666665],}
324,99.99999872336325,{Reading Instances[DISTANCE:EUCLIDEAN],AttractionTree[DISTANCE:MANHATTAN,DHC_THRESHOLD - 54.444443,DHC_SIGMA - 10.333334,DHC_MINPTS - 6.6666665],DensityTree[DISTANCE:CHEBYCHEV,DHC_THRESHOLD - 54.444443,DHC_SIGMA - 10.333334,DHC_MINPTS - 6.6666665],}
325,99.99999872336325,{Reading Instances[DISTANCE:EUCLIDEAN],AttractionTree[DISTANCE:MANHATTAN,DHC_THRESHOLD - 54.444443,DHC_SIGMA - 10.333334,DHC_MINPTS - 6.6666665],DensityTree[DISTANCE:CHEBYCHEV,DHC_THRESHOLD - 54.444443,DHC_SIGMA - 10.333334,DHC_MINPTS - 6.6666665],}
326,99.99999872336325,{Reading Instances[DISTANCE:EUCLIDEAN],AttractionTree[DISTANCE:MANHATTAN,DHC_THRESHOLD - 54.444443,DHC_SIGMA - 10.333334,DHC_MINPTS - 6.6666665],DensityTree[DISTANCE:CHEBYCHEV,DHC_THRESHOLD - 54.444443,DHC_SIGMA - 10.333334,DHC_MINPTS - 6.6666665],}
327,99.99999872336325,{Reading Instances[DISTANCE:EUCLIDEAN],AttractionTree[DISTANCE:MANHATTAN,DHC_THRESHOLD - 54.444443,DHC_SIGMA - 10.333334,DHC_MINPTS - 6.6666665],DensityTree[DISTANCE:CHEBYCHEV,DHC_THRESHOLD - 54.444443,DHC_SIGMA - 10.333334,DHC_MINPTS - 6.6666665],}
328,99.99999872336325,{Reading Instances[DISTANCE:EUCLIDEAN],AttractionTree[DISTANCE:MANHATTAN,DHC_THRESHOLD - 54.444443,DHC_SIGMA - 10.333334,DHC_MINPTS - 6.6666665],DensityTree[DISTANCE:CHEBYCHEV,DHC_THRESHOLD - 54.444443,DHC_SIGMA - 10.333334,DHC_MINPTS - 6.6666665],}
329,99.99999872336325,{Reading Instances[DISTANCE:EUCLIDEAN],AttractionTree[DISTANCE:MANHATTAN,DHC_THRESHOLD - 54.444443,DHC_SIGMA - 10.333334,DHC_MINPTS - 6.6666665],DensityTree[DISTANCE:CHEBYCHEV,DHC_THRESHOLD - 54.444443,DHC_SIGMA - 10.333334,DHC_MINPTS - 6.6666665],}
330,99.99999872336325,{Reading Instances[DISTANCE:EUCLIDEAN],AttractionTree[DISTANCE:MANHATTAN,DHC_THRESHOLD - 54.444443,DHC_SIGMA - 10.333334,DHC_MINPTS - 6.6666665],DensityTree[DISTANCE:CHEBYCHEV,DHC_THRESHOLD - 54.444443,DHC_SIGMA - 10.333334,DHC_MINPTS - 6.6666665],}
331,99.99999872336325,{Reading Instances[DISTANCE:EUCLIDEAN],AttractionTree[DISTANCE:MANHATTAN,DHC_THRESHOLD - 54.444443,DHC_SIGMA - 10.333334,DHC_MINPTS - 6.6666665],DensityTree[DISTANCE:CHEBYCHEV,DHC_THRESHOLD - 54.444443,DHC_SIGMA - 10.333334,DHC_MINPTS - 6.6666665],}
332,99.99999872336325,{Reading Instances[DISTANCE:EUCLIDEAN],AttractionTree[DISTANCE:MANHATTAN,DHC_THRESHOLD - 54.444443,DHC_SIGMA - 10.333334,DHC_MINPTS - 6.6666665],DensityTree[DISTANCE:CHEBYCHEV,DHC_THRESHOLD - 54.444443,DHC_SIGMA - 10.333334,DHC_MINPTS - 6.6666665],}
333,99.99999872336325,{Reading Instances[DISTANCE:EUCLIDEAN],AttractionTree[DISTANCE:MANHATTAN,DHC_THRESHOLD - 54.444443,DHC_SIGMA - 10.333334,DHC_MINPTS - 6.6666665],DensityTree[DISTANCE:CHEBYCHEV,DHC_THRESHOLD - 54.444443,DHC_SIGMA - 10.333334,DHC_MINPTS - 6.6666665],}
334,99.99999872336325,{Reading Instances[DISTANCE:EUCLIDEAN],AttractionTree[DISTANCE:MANHATTAN,DHC_THRESHOLD - 54.444443,DHC_SIGMA - 10.333334,DHC_MINPTS - 6.6666665],DensityTree[DISTANCE:CHEBYCHEV,DHC_THRESHOLD - 54.444443,DHC_SIGMA - 10.333334,DHC_MINPTS - 6.6666665],}
335,99.99999872336325,{Reading Instances[DISTANCE:EUCLIDEAN],AttractionTree[DISTANCE:MANHATTAN,DHC_THRESHOLD - 54.444443,DHC_SIGMA - 10.333334,DHC_MINPTS - 6.6666665],DensityTree[DISTANCE:CHEBYCHEV,DHC_THRESHOLD - 54.444443,DHC_SIGMA - 10.333334,DHC_MINPTS - 6.6666665],}
336,99.99999872336325,{Reading Instances[DISTANCE:EUCLIDEAN],AttractionTree[DISTANCE:MANHATTAN,DHC_THRESHOLD - 54.444443,DHC_SIGMA - 10.333334,DHC_MINPTS - 6.6666665],DensityTree[DISTANCE:CHEBYCHEV,DHC_THRESHOLD - 54.444443,DHC_SIGMA - 10.333334,DHC_MINPTS - 6.6666665],}
337,99.99999872336325,{Reading Instances[DISTANCE:EUCLIDEAN],AttractionTree[DISTANCE:MANHATTAN,DHC_THRESHOLD - 54.444443,DHC_SIGMA - 10.333334,DHC_MINPTS - 6.6666665],DensityTree[DISTANCE:CHEBYCHEV,DHC_THRESHOLD - 54.444443,DHC_SIGMA - 10.333334,DHC_MINPTS - 6.6666665],}
338,99.99999872336325,{Reading Instances[DISTANCE:EUCLIDEAN],AttractionTree[DISTANCE:MANHATTAN,DHC_THRESHOLD - 54.444443,DHC_SIGMA - 10.333334,DHC_MINPTS - 6.6666665],DensityTree[DISTANCE:CHEBYCHEV,DHC_THRESHOLD - 54.444443,DHC_SIGMA - 10.333334,DHC_MINPTS - 6.6666665],}
339,99.99999872336325,{Reading Instances[DISTANCE:EUCLIDEAN],AttractionTree[DISTANCE:MANHATTAN,DHC_THRESHOLD - 54.444443,DHC_SIGMA - 10.333334,DHC_MINPTS - 6.6666665],DensityTree[DISTANCE:CHEBYCHEV,DHC_THRESHOLD - 54.444443,DHC_SIGMA - 10.333334,DHC_MINPTS - 6.6666665],}
340,99.99999872336325,{Reading Instances[DISTANCE:EUCLIDEAN],AttractionTree[DISTANCE:MANHATTAN,DHC_THRESHOLD - 54.444443,DHC_SIGMA - 10.333334,DHC_MINPTS - 6.6666665],DensityTree[DISTANCE:CHEBYCHEV,DHC_THRESHOLD - 54.444443,DHC_SIGMA - 10.333334,DHC_MINPTS - 6.6666665],}
341,99.99999872336325,{Reading Instances[DISTANCE:EUCLIDEAN],AttractionTree[DISTANCE:MANHATTAN,DHC_THRESHOLD - 54.444443,DHC_SIGMA - 10.333334,DHC_MINPTS - 6.6666665],DensityTree[DISTANCE:CHEBYCHEV,DHC_THRESHOLD - 54.444443,DHC_SIGMA - 10.333334,DHC_MINPTS - 6.6666665],}
342,99.99999872336325,{Reading Instances[DISTANCE:EUCLIDEAN],AttractionTree[DISTANCE:MANHATTAN,DHC_THRESHOLD - 54.444443,DHC_SIGMA - 10.333334,DHC_MINPTS - 6.6666665],DensityTree[DISTANCE:CHEBYCHEV,DHC_THRESHOLD - 54.444443,DHC_SIGMA - 10.333334,DHC_MINPTS - 6.6666665],}
343,99.99999872336325,{Reading Instances[DISTANCE:EUCLIDEAN],AttractionTree[DISTANCE:MANHATTAN,DHC_THRESHOLD - 54.444443,DHC_SIGMA - 10.333334,DHC_MINPTS - 6.6666665],DensityTree[DISTANCE:CHEBYCHEV,DHC_THRESHOLD - 54.444443,DHC_SIGMA - 10.333334,DHC_MINPTS - 6.6666665],}
