1,0.0,{Reading Instances[DISTANCE:EUCLIDEAN],ASH[DISTANCE:BRAYCURTIS,DENCLUE_EPSILON - 2.8222222,DENCLUE_SIGMA - 4.0],ClustersByAttractors[DISTANCE:EUCLIDEAN,DENCLUE_EPSILON - 2.8222222,DENCLUE_SIGMA - 4.0],}
2,34.54903609086062,{Reading Instances[DISTANCE:EUCLIDEAN],ASH[DISTANCE:CHEBYCHEV,DENCLUE_EPSILON - 0.64444447,DENCLUE_SIGMA - 10.0],ClustersByAttractors[DISTANCE:EUCLIDEAN,DENCLUE_EPSILON - 0.64444447,DENCLUE_SIGMA - 10.0],}
3,34.54903609086062,{Reading Instances[DISTANCE:EUCLIDEAN],ASH[DISTANCE:CHEBYCHEV,DENCLUE_EPSILON - 0.64444447,DENCLUE_SIGMA - 10.0],ClustersByAttractors[DISTANCE:EUCLIDEAN,DENCLUE_EPSILON - 0.64444447,DENCLUE_SIGMA - 10.0],}
4,34.54903609086062,{Reading Instances[DISTANCE:EUCLIDEAN],ASH[DISTANCE:CHEBYCHEV,DENCLUE_EPSILON - 0.64444447,DENCLUE_SIGMA - 10.0],ClustersByAttractors[DISTANCE:EUCLIDEAN,DENCLUE_EPSILON - 0.64444447,DENCLUE_SIGMA - 10.0],}
5,34.54903609086062,{Reading Instances[DISTANCE:EUCLIDEAN],ASH[DISTANCE:BRAYCURTIS,DENCLUE_EPSILON - 0.64444447,DENCLUE_SIGMA - 10.0],ClustersByAttractors[DISTANCE:MANHATTAN,DENCLUE_EPSILON - 0.64444447,DENCLUE_SIGMA - 10.0],}
6,34.54903609086062,{Reading Instances[DISTANCE:EUCLIDEAN],ASH[DISTANCE:BRAYCURTIS,DENCLUE_EPSILON - 0.64444447,DENCLUE_SIGMA - 10.0],ClustersByAttractors[DISTANCE:MANHATTAN,DENCLUE_EPSILON - 0.64444447,DENCLUE_SIGMA - 10.0],}
7,34.54903609086062,{Reading Instances[DISTANCE:EUCLIDEAN],ASH[DISTANCE:BRAYCURTIS,DENCLUE_EPSILON - 0.64444447,DENCLUE_SIGMA - 10.0],ClustersByAttractors[DISTANCE:MANHATTAN,DENCLUE_EPSILON - 0.64444447,DENCLUE_SIGMA - 10.0],}
8,34.54903609086062,{Reading Instances[DISTANCE:EUCLIDEAN],ASH[DISTANCE:BRAYCURTIS,DENCLUE_EPSILON - 0.64444447,DENCLUE_SIGMA - 10.0],ClustersByAttractors[DISTANCE:MANHATTAN,DENCLUE_EPSILON - 0.64444447,DENCLUE_SIGMA - 10.0],}
9,34.54903609086062,{Reading Instances[DISTANCE:EUCLIDEAN],ASH[DISTANCE:BRAYCURTIS,DENCLUE_EPSILON - 0.64444447,DENCLUE_SIGMA - 10.0],ClustersByAttractors[DISTANCE:EUCLIDEAN,DENCLUE_EPSILON - 0.64444447,DENCLUE_SIGMA - 10.0],}
10,34.54903609086062,{Reading Instances[DISTANCE:EUCLIDEAN],ASH[DISTANCE:MANHATTAN,DENCLUE_EPSILON - 0.64444447,DENCLUE_SIGMA - 10.0],ClustersByAttractors[DISTANCE:EUCLIDEAN,DENCLUE_EPSILON - 0.64444447,DENCLUE_SIGMA - 10.0],}
11,34.54903609086062,{Reading Instances[DISTANCE:EUCLIDEAN],ASH[DISTANCE:MANHATTAN,DENCLUE_EPSILON - 0.64444447,DENCLUE_SIGMA - 10.0],ClustersByAttractors[DISTANCE:EUCLIDEAN,DENCLUE_EPSILON - 0.64444447,DENCLUE_SIGMA - 10.0],}
12,34.54903609086062,{Reading Instances[DISTANCE:EUCLIDEAN],ASH[DISTANCE:MANHATTAN,DENCLUE_EPSILON - 0.64444447,DENCLUE_SIGMA - 10.0],ClustersByAttractors[DISTANCE:EUCLIDEAN,DENCLUE_EPSILON - 0.64444447,DENCLUE_SIGMA - 10.0],}
13,34.54903609086062,{Reading Instances[DISTANCE:EUCLIDEAN],ASH[DISTANCE:MANHATTAN,DENCLUE_EPSILON - 0.64444447,DENCLUE_SIGMA - 10.0],ClustersByAttractors[DISTANCE:EUCLIDEAN,DENCLUE_EPSILON - 0.64444447,DENCLUE_SIGMA - 10.0],}
14,34.54903609086062,{Reading Instances[DISTANCE:EUCLIDEAN],ASH[DISTANCE:MANHATTAN,DENCLUE_EPSILON - 0.64444447,DENCLUE_SIGMA - 10.0],ClustersByAttractors[DISTANCE:EUCLIDEAN,DENCLUE_EPSILON - 0.64444447,DENCLUE_SIGMA - 10.0],}
15,34.54903609086062,{Reading Instances[DISTANCE:EUCLIDEAN],ASH[DISTANCE:MANHATTAN,DENCLUE_EPSILON - 0.64444447,DENCLUE_SIGMA - 10.0],ClustersByAttractors[DISTANCE:EUCLIDEAN,DENCLUE_EPSILON - 0.64444447,DENCLUE_SIGMA - 10.0],}
16,34.54903609086062,{Reading Instances[DISTANCE:EUCLIDEAN],ASH[DISTANCE:MANHATTAN,DENCLUE_EPSILON - 0.64444447,DENCLUE_SIGMA - 10.0],ClustersByAttractors[DISTANCE:EUCLIDEAN,DENCLUE_EPSILON - 0.64444447,DENCLUE_SIGMA - 10.0],}
17,34.54903609086062,{Reading Instances[DISTANCE:EUCLIDEAN],ASH[DISTANCE:MANHATTAN,DENCLUE_EPSILON - 0.64444447,DENCLUE_SIGMA - 10.0],ClustersByAttractors[DISTANCE:EUCLIDEAN,DENCLUE_EPSILON - 0.64444447,DENCLUE_SIGMA - 10.0],}
18,34.54903609086062,{Reading Instances[DISTANCE:EUCLIDEAN],ASH[DISTANCE:MANHATTAN,DENCLUE_EPSILON - 0.64444447,DENCLUE_SIGMA - 10.0],ClustersByAttractors[DISTANCE:EUCLIDEAN,DENCLUE_EPSILON - 0.64444447,DENCLUE_SIGMA - 10.0],}
19,34.54903609086062,{Reading Instances[DISTANCE:EUCLIDEAN],ASH[DISTANCE:MANHATTAN,DENCLUE_EPSILON - 0.64444447,DENCLUE_SIGMA - 10.0],ClustersByAttractors[DISTANCE:EUCLIDEAN,DENCLUE_EPSILON - 0.64444447,DENCLUE_SIGMA - 10.0],}
20,34.54903609086062,{Reading Instances[DISTANCE:EUCLIDEAN],ASH[DISTANCE:CHEBYCHEV,DENCLUE_EPSILON - 0.64444447,DENCLUE_SIGMA - 10.0],ClustersByAttractors[DISTANCE:EUCLIDEAN,DENCLUE_EPSILON - 0.64444447,DENCLUE_SIGMA - 10.0],}
1,0.0,{Reading Instances[DISTANCE:EUCLIDEAN],ASH[DISTANCE:CHEBYCHEV,DENCLUE_EPSILON - 1.7333333,DENCLUE_SIGMA - 10.0],ClustersByAttractors[DISTANCE:CHEBYCHEV,DENCLUE_EPSILON - 1.7333333,DENCLUE_SIGMA - 10.0],}
2,0.0,{Reading Instances[DISTANCE:EUCLIDEAN],ASH[DISTANCE:CHEBYCHEV,DENCLUE_EPSILON - 5.0,DENCLUE_SIGMA - 2.0],ClustersByAttractors[DISTANCE:MANHATTAN,DENCLUE_EPSILON - 5.0,DENCLUE_SIGMA - 2.0],}
3,0.0,{Reading Instances[DISTANCE:EUCLIDEAN],ASH[DISTANCE:BRAYCURTIS,DENCLUE_EPSILON - 5.0,DENCLUE_SIGMA - 5.0],ClustersByAttractors[DISTANCE:CHEBYCHEV,DENCLUE_EPSILON - 5.0,DENCLUE_SIGMA - 5.0],}
4,0.0,{Reading Instances[DISTANCE:EUCLIDEAN],ASH[DISTANCE:BRAYCURTIS,DENCLUE_EPSILON - 2.8222222,DENCLUE_SIGMA - 10.0],ClustersByAttractors[DISTANCE:EUCLIDEAN,DENCLUE_EPSILON - 2.8222222,DENCLUE_SIGMA - 10.0],}
5,0.0,{Reading Instances[DISTANCE:EUCLIDEAN],ASH[DISTANCE:CHEBYCHEV,DENCLUE_EPSILON - 2.8222222,DENCLUE_SIGMA - 8.0],ClustersByAttractors[DISTANCE:EUCLIDEAN,DENCLUE_EPSILON - 2.8222222,DENCLUE_SIGMA - 8.0],}
6,0.0,{Reading Instances[DISTANCE:EUCLIDEAN],ASH[DISTANCE:MANHATTAN,DENCLUE_EPSILON - 1.7333333,DENCLUE_SIGMA - 4.0],ClustersByAttractors[DISTANCE:BRAYCURTIS,DENCLUE_EPSILON - 1.7333333,DENCLUE_SIGMA - 4.0],}
7,0.0,{Reading Instances[DISTANCE:EUCLIDEAN],ASH[DISTANCE:BRAYCURTIS,DENCLUE_EPSILON - 5.0,DENCLUE_SIGMA - 7.0],ClustersByAttractors[DISTANCE:EUCLIDEAN,DENCLUE_EPSILON - 5.0,DENCLUE_SIGMA - 7.0],}
8,0.0,{Reading Instances[DISTANCE:EUCLIDEAN],ASH[DISTANCE:BRAYCURTIS,DENCLUE_EPSILON - 5.0,DENCLUE_SIGMA - 5.0],ClustersByAttractors[DISTANCE:BRAYCURTIS,DENCLUE_EPSILON - 5.0,DENCLUE_SIGMA - 5.0],}
9,0.0,{Reading Instances[DISTANCE:EUCLIDEAN],ASH[DISTANCE:MANHATTAN,DENCLUE_EPSILON - 4.4555554,DENCLUE_SIGMA - 10.0],ClustersByAttractors[DISTANCE:MANHATTAN,DENCLUE_EPSILON - 4.4555554,DENCLUE_SIGMA - 10.0],}
10,0.0,{Reading Instances[DISTANCE:EUCLIDEAN],ASH[DISTANCE:CHEBYCHEV,DENCLUE_EPSILON - 3.3666666,DENCLUE_SIGMA - 3.0],ClustersByAttractors[DISTANCE:MANHATTAN,DENCLUE_EPSILON - 3.3666666,DENCLUE_SIGMA - 3.0],}
11,0.0,{Reading Instances[DISTANCE:EUCLIDEAN],ASH[DISTANCE:CHEBYCHEV,DENCLUE_EPSILON - 3.3666666,DENCLUE_SIGMA - 9.0],ClustersByAttractors[DISTANCE:MANHATTAN,DENCLUE_EPSILON - 3.3666666,DENCLUE_SIGMA - 9.0],}
12,0.0,{Reading Instances[DISTANCE:EUCLIDEAN],ASH[DISTANCE:EUCLIDEAN,DENCLUE_EPSILON - 2.8222222,DENCLUE_SIGMA - 10.0],ClustersByAttractors[DISTANCE:BRAYCURTIS,DENCLUE_EPSILON - 2.8222222,DENCLUE_SIGMA - 10.0],}
13,0.0,{Reading Instances[DISTANCE:EUCLIDEAN],ASH[DISTANCE:CHEBYCHEV,DENCLUE_EPSILON - 1.7333333,DENCLUE_SIGMA - 10.0],ClustersByAttractors[DISTANCE:CHEBYCHEV,DENCLUE_EPSILON - 1.7333333,DENCLUE_SIGMA - 10.0],}
14,0.0,{Reading Instances[DISTANCE:EUCLIDEAN],ASH[DISTANCE:BRAYCURTIS,DENCLUE_EPSILON - 1.1888889,DENCLUE_SIGMA - 10.0],ClustersByAttractors[DISTANCE:CHEBYCHEV,DENCLUE_EPSILON - 1.1888889,DENCLUE_SIGMA - 10.0],}
15,0.0,{Reading Instances[DISTANCE:EUCLIDEAN],ASH[DISTANCE:EUCLIDEAN,DENCLUE_EPSILON - 1.1888889,DENCLUE_SIGMA - 3.0],ClustersByAttractors[DISTANCE:MANHATTAN,DENCLUE_EPSILON - 1.1888889,DENCLUE_SIGMA - 3.0],}
16,0.0,{Reading Instances[DISTANCE:EUCLIDEAN],ASH[DISTANCE:BRAYCURTIS,DENCLUE_EPSILON - 1.7333333,DENCLUE_SIGMA - 7.0],ClustersByAttractors[DISTANCE:BRAYCURTIS,DENCLUE_EPSILON - 1.7333333,DENCLUE_SIGMA - 7.0],}
17,0.0,{Reading Instances[DISTANCE:EUCLIDEAN],ASH[DISTANCE:EUCLIDEAN,DENCLUE_EPSILON - 3.9111109,DENCLUE_SIGMA - 9.0],ClustersByAttractors[DISTANCE:CHEBYCHEV,DENCLUE_EPSILON - 3.9111109,DENCLUE_SIGMA - 9.0],}
18,0.0,{Reading Instances[DISTANCE:EUCLIDEAN],ASH[DISTANCE:MANHATTAN,DENCLUE_EPSILON - 5.0,DENCLUE_SIGMA - 10.0],ClustersByAttractors[DISTANCE:EUCLIDEAN,DENCLUE_EPSILON - 5.0,DENCLUE_SIGMA - 10.0],}
19,0.0,{Reading Instances[DISTANCE:EUCLIDEAN],ASH[DISTANCE:EUCLIDEAN,DENCLUE_EPSILON - 5.0,DENCLUE_SIGMA - 5.0],ClustersByAttractors[DISTANCE:BRAYCURTIS,DENCLUE_EPSILON - 5.0,DENCLUE_SIGMA - 5.0],}
20,0.0,{Reading Instances[DISTANCE:EUCLIDEAN],ASH[DISTANCE:CHEBYCHEV,DENCLUE_EPSILON - 3.9111109,DENCLUE_SIGMA - 10.0],ClustersByAttractors[DISTANCE:MANHATTAN,DENCLUE_EPSILON - 3.9111109,DENCLUE_SIGMA - 10.0],}
