1,0.0,{Reading Instances[DISTANCE:EUCLIDEAN],DistanceInformation[DISTANCE:BRAYCURTIS,DISTANCE_INFO - 1.1111112,DPCI_DC_PERCENT - 88.111115],ClusterByDensityPeak[DISTANCE:EUCLIDEAN,DISTANCE_INFO - 1.1111112,DPCI_DC_PERCENT - 88.111115],}
2,0.0,{Reading Instances[DISTANCE:EUCLIDEAN],DistanceInformation[DISTANCE:BRAYCURTIS,DISTANCE_INFO - 1.2222222,DPCI_DC_PERCENT - 88.111115],ClusterByDensityPeak[DISTANCE:EUCLIDEAN,DISTANCE_INFO - 1.2222222,DPCI_DC_PERCENT - 88.111115],}
3,0.0,{Reading Instances[DISTANCE:EUCLIDEAN],DistanceInformation[DISTANCE:EUCLIDEAN,DISTANCE_INFO - 1.5555556,DPCI_DC_PERCENT - 66.333336],ClusterByDensityPeak[DISTANCE:MANHATTAN,DISTANCE_INFO - 1.5555556,DPCI_DC_PERCENT - 66.333336],}
4,0.0,{Reading Instances[DISTANCE:EUCLIDEAN],DistanceInformation[DISTANCE:CHEBYCHEV,DISTANCE_INFO - 1.5555556,DPCI_DC_PERCENT - 55.444447],ClusterByDensityPeak[DISTANCE:BRAYCURTIS,DISTANCE_INFO - 1.5555556,DPCI_DC_PERCENT - 55.444447],}
5,0.0,{Reading Instances[DISTANCE:EUCLIDEAN],DistanceInformation[DISTANCE:BRAYCURTIS,DISTANCE_INFO - 2.0,DPCI_DC_PERCENT - 99.0],ClusterByDensityPeak[DISTANCE:BRAYCURTIS,DISTANCE_INFO - 2.0,DPCI_DC_PERCENT - 99.0],}
6,0.0,{Reading Instances[DISTANCE:EUCLIDEAN],DistanceInformation[DISTANCE:CHEBYCHEV,DISTANCE_INFO - 1.3333334,DPCI_DC_PERCENT - 77.22223],ClusterByDensityPeak[DISTANCE:BRAYCURTIS,DISTANCE_INFO - 1.3333334,DPCI_DC_PERCENT - 77.22223],}
7,0.0,{Reading Instances[DISTANCE:EUCLIDEAN],DistanceInformation[DISTANCE:EUCLIDEAN,DISTANCE_INFO - 1.2222222,DPCI_DC_PERCENT - 44.555557],ClusterByDensityPeak[DISTANCE:BRAYCURTIS,DISTANCE_INFO - 1.2222222,DPCI_DC_PERCENT - 44.555557],}
8,0.0,{Reading Instances[DISTANCE:EUCLIDEAN],DistanceInformation[DISTANCE:EUCLIDEAN,DISTANCE_INFO - 2.0,DPCI_DC_PERCENT - 66.333336],ClusterByDensityPeak[DISTANCE:BRAYCURTIS,DISTANCE_INFO - 2.0,DPCI_DC_PERCENT - 66.333336],}
9,0.0,{Reading Instances[DISTANCE:EUCLIDEAN],DistanceInformation[DISTANCE:CHEBYCHEV,DISTANCE_INFO - 1.4444444,DPCI_DC_PERCENT - 77.22223],ClusterByDensityPeak[DISTANCE:BRAYCURTIS,DISTANCE_INFO - 1.4444444,DPCI_DC_PERCENT - 77.22223],}
10,0.0,{Reading Instances[DISTANCE:EUCLIDEAN],DistanceInformation[DISTANCE:CHEBYCHEV,DISTANCE_INFO - 1.6666667,DPCI_DC_PERCENT - 22.777779],ClusterByDensityPeak[DISTANCE:EUCLIDEAN,DISTANCE_INFO - 1.6666667,DPCI_DC_PERCENT - 22.777779],}
11,0.0,{Reading Instances[DISTANCE:EUCLIDEAN],DistanceInformation[DISTANCE:MANHATTAN,DISTANCE_INFO - 1.4444444,DPCI_DC_PERCENT - 33.666668],ClusterByDensityPeak[DISTANCE:BRAYCURTIS,DISTANCE_INFO - 1.4444444,DPCI_DC_PERCENT - 33.666668],}
12,0.0,{Reading Instances[DISTANCE:EUCLIDEAN],DistanceInformation[DISTANCE:EUCLIDEAN,DISTANCE_INFO - 1.7777778,DPCI_DC_PERCENT - 22.777779],ClusterByDensityPeak[DISTANCE:BRAYCURTIS,DISTANCE_INFO - 1.7777778,DPCI_DC_PERCENT - 22.777779],}
13,0.0,{Reading Instances[DISTANCE:EUCLIDEAN],DistanceInformation[DISTANCE:BRAYCURTIS,DISTANCE_INFO - 1.8888888,DPCI_DC_PERCENT - 11.888889],ClusterByDensityPeak[DISTANCE:MANHATTAN,DISTANCE_INFO - 1.8888888,DPCI_DC_PERCENT - 11.888889],}
14,0.0,{Reading Instances[DISTANCE:EUCLIDEAN],DistanceInformation[DISTANCE:CHEBYCHEV,DISTANCE_INFO - 1.2222222,DPCI_DC_PERCENT - 11.888889],ClusterByDensityPeak[DISTANCE:BRAYCURTIS,DISTANCE_INFO - 1.2222222,DPCI_DC_PERCENT - 11.888889],}
15,0.0,{Reading Instances[DISTANCE:EUCLIDEAN],DistanceInformation[DISTANCE:EUCLIDEAN,DISTANCE_INFO - 2.0,DPCI_DC_PERCENT - 22.777779],ClusterByDensityPeak[DISTANCE:BRAYCURTIS,DISTANCE_INFO - 2.0,DPCI_DC_PERCENT - 22.777779],}
16,0.0,{Reading Instances[DISTANCE:EUCLIDEAN],DistanceInformation[DISTANCE:BRAYCURTIS,DISTANCE_INFO - 1.1111112,DPCI_DC_PERCENT - 22.777779],ClusterByDensityPeak[DISTANCE:BRAYCURTIS,DISTANCE_INFO - 1.1111112,DPCI_DC_PERCENT - 22.777779],}
17,0.0,{Reading Instances[DISTANCE:EUCLIDEAN],DistanceInformation[DISTANCE:BRAYCURTIS,DISTANCE_INFO - 2.0,DPCI_DC_PERCENT - 44.555557],ClusterByDensityPeak[DISTANCE:CHEBYCHEV,DISTANCE_INFO - 2.0,DPCI_DC_PERCENT - 44.555557],}
18,0.0,{Reading Instances[DISTANCE:EUCLIDEAN],DistanceInformation[DISTANCE:BRAYCURTIS,DISTANCE_INFO - 1.8888888,DPCI_DC_PERCENT - 77.22223],ClusterByDensityPeak[DISTANCE:BRAYCURTIS,DISTANCE_INFO - 1.8888888,DPCI_DC_PERCENT - 77.22223],}
19,0.0,{Reading Instances[DISTANCE:EUCLIDEAN],DistanceInformation[DISTANCE:MANHATTAN,DISTANCE_INFO - 2.0,DPCI_DC_PERCENT - 99.0],ClusterByDensityPeak[DISTANCE:MANHATTAN,DISTANCE_INFO - 2.0,DPCI_DC_PERCENT - 99.0],}
20,0.0,{Reading Instances[DISTANCE:EUCLIDEAN],DistanceInformation[DISTANCE:MANHATTAN,DISTANCE_INFO - 1.4444444,DPCI_DC_PERCENT - 55.444447],ClusterByDensityPeak[DISTANCE:EUCLIDEAN,DISTANCE_INFO - 1.4444444,DPCI_DC_PERCENT - 55.444447],}
21,0.0,{Reading Instances[DISTANCE:EUCLIDEAN],DistanceInformation[DISTANCE:CHEBYCHEV,DISTANCE_INFO - 2.0,DPCI_DC_PERCENT - 55.444447],ClusterByDensityPeak[DISTANCE:BRAYCURTIS,DISTANCE_INFO - 2.0,DPCI_DC_PERCENT - 55.444447],}
22,0.0,{Reading Instances[DISTANCE:EUCLIDEAN],DistanceInformation[DISTANCE:EUCLIDEAN,DISTANCE_INFO - 1.7777778,DPCI_DC_PERCENT - 11.888889],ClusterByDensityPeak[DISTANCE:EUCLIDEAN,DISTANCE_INFO - 1.7777778,DPCI_DC_PERCENT - 11.888889],}
23,0.0,{Reading Instances[DISTANCE:EUCLIDEAN],DistanceInformation[DISTANCE:CHEBYCHEV,DISTANCE_INFO - 1.3333334,DPCI_DC_PERCENT - 11.888889],ClusterByDensityPeak[DISTANCE:MANHATTAN,DISTANCE_INFO - 1.3333334,DPCI_DC_PERCENT - 11.888889],}
24,0.0,{Reading Instances[DISTANCE:EUCLIDEAN],DistanceInformation[DISTANCE:BRAYCURTIS,DISTANCE_INFO - 2.0,DPCI_DC_PERCENT - 88.111115],ClusterByDensityPeak[DISTANCE:BRAYCURTIS,DISTANCE_INFO - 2.0,DPCI_DC_PERCENT - 88.111115],}
25,0.0,{Reading Instances[DISTANCE:EUCLIDEAN],DistanceInformation[DISTANCE:BRAYCURTIS,DISTANCE_INFO - 1.7777778,DPCI_DC_PERCENT - 22.777779],ClusterByDensityPeak[DISTANCE:CHEBYCHEV,DISTANCE_INFO - 1.7777778,DPCI_DC_PERCENT - 22.777779],}
26,0.0,{Reading Instances[DISTANCE:EUCLIDEAN],DistanceInformation[DISTANCE:BRAYCURTIS,DISTANCE_INFO - 1.1111112,DPCI_DC_PERCENT - 55.444447],ClusterByDensityPeak[DISTANCE:BRAYCURTIS,DISTANCE_INFO - 1.1111112,DPCI_DC_PERCENT - 55.444447],}
27,0.0,{Reading Instances[DISTANCE:EUCLIDEAN],DistanceInformation[DISTANCE:BRAYCURTIS,DISTANCE_INFO - 2.0,DPCI_DC_PERCENT - 88.111115],ClusterByDensityPeak[DISTANCE:BRAYCURTIS,DISTANCE_INFO - 2.0,DPCI_DC_PERCENT - 88.111115],}
28,0.0,{Reading Instances[DISTANCE:EUCLIDEAN],DistanceInformation[DISTANCE:EUCLIDEAN,DISTANCE_INFO - 1.3333334,DPCI_DC_PERCENT - 99.0],ClusterByDensityPeak[DISTANCE:EUCLIDEAN,DISTANCE_INFO - 1.3333334,DPCI_DC_PERCENT - 99.0],}
29,0.0,{Reading Instances[DISTANCE:EUCLIDEAN],DistanceInformation[DISTANCE:EUCLIDEAN,DISTANCE_INFO - 1.5555556,DPCI_DC_PERCENT - 99.0],ClusterByDensityPeak[DISTANCE:BRAYCURTIS,DISTANCE_INFO - 1.5555556,DPCI_DC_PERCENT - 99.0],}
30,0.0,{Reading Instances[DISTANCE:EUCLIDEAN],DistanceInformation[DISTANCE:CHEBYCHEV,DISTANCE_INFO - 1.7777778,DPCI_DC_PERCENT - 55.444447],ClusterByDensityPeak[DISTANCE:CHEBYCHEV,DISTANCE_INFO - 1.7777778,DPCI_DC_PERCENT - 55.444447],}
31,0.0,{Reading Instances[DISTANCE:EUCLIDEAN],DistanceInformation[DISTANCE:CHEBYCHEV,DISTANCE_INFO - 2.0,DPCI_DC_PERCENT - 99.0],ClusterByDensityPeak[DISTANCE:CHEBYCHEV,DISTANCE_INFO - 2.0,DPCI_DC_PERCENT - 99.0],}
32,0.0,{Reading Instances[DISTANCE:EUCLIDEAN],DistanceInformation[DISTANCE:BRAYCURTIS,DISTANCE_INFO - 1.6666667,DPCI_DC_PERCENT - 66.333336],ClusterByDensityPeak[DISTANCE:MANHATTAN,DISTANCE_INFO - 1.6666667,DPCI_DC_PERCENT - 66.333336],}
33,0.0,{Reading Instances[DISTANCE:EUCLIDEAN],DistanceInformation[DISTANCE:CHEBYCHEV,DISTANCE_INFO - 1.6666667,DPCI_DC_PERCENT - 77.22223],ClusterByDensityPeak[DISTANCE:EUCLIDEAN,DISTANCE_INFO - 1.6666667,DPCI_DC_PERCENT - 77.22223],}
34,0.0,{Reading Instances[DISTANCE:EUCLIDEAN],DistanceInformation[DISTANCE:MANHATTAN,DISTANCE_INFO - 1.2222222,DPCI_DC_PERCENT - 88.111115],ClusterByDensityPeak[DISTANCE:MANHATTAN,DISTANCE_INFO - 1.2222222,DPCI_DC_PERCENT - 88.111115],}
35,0.0,{Reading Instances[DISTANCE:EUCLIDEAN],DistanceInformation[DISTANCE:EUCLIDEAN,DISTANCE_INFO - 1.6666667,DPCI_DC_PERCENT - 11.888889],ClusterByDensityPeak[DISTANCE:CHEBYCHEV,DISTANCE_INFO - 1.6666667,DPCI_DC_PERCENT - 11.888889],}
36,0.0,{Reading Instances[DISTANCE:EUCLIDEAN],DistanceInformation[DISTANCE:BRAYCURTIS,DISTANCE_INFO - 1.3333334,DPCI_DC_PERCENT - 77.22223],ClusterByDensityPeak[DISTANCE:CHEBYCHEV,DISTANCE_INFO - 1.3333334,DPCI_DC_PERCENT - 77.22223],}
37,0.0,{Reading Instances[DISTANCE:EUCLIDEAN],DistanceInformation[DISTANCE:CHEBYCHEV,DISTANCE_INFO - 1.6666667,DPCI_DC_PERCENT - 22.777779],ClusterByDensityPeak[DISTANCE:BRAYCURTIS,DISTANCE_INFO - 1.6666667,DPCI_DC_PERCENT - 22.777779],}
38,0.0,{Reading Instances[DISTANCE:EUCLIDEAN],DistanceInformation[DISTANCE:MANHATTAN,DISTANCE_INFO - 1.7777778,DPCI_DC_PERCENT - 88.111115],ClusterByDensityPeak[DISTANCE:EUCLIDEAN,DISTANCE_INFO - 1.7777778,DPCI_DC_PERCENT - 88.111115],}
39,0.0,{Reading Instances[DISTANCE:EUCLIDEAN],DistanceInformation[DISTANCE:MANHATTAN,DISTANCE_INFO - 1.6666667,DPCI_DC_PERCENT - 11.888889],ClusterByDensityPeak[DISTANCE:MANHATTAN,DISTANCE_INFO - 1.6666667,DPCI_DC_PERCENT - 11.888889],}
40,0.0,{Reading Instances[DISTANCE:EUCLIDEAN],DistanceInformation[DISTANCE:MANHATTAN,DISTANCE_INFO - 1.4444444,DPCI_DC_PERCENT - 22.777779],ClusterByDensityPeak[DISTANCE:MANHATTAN,DISTANCE_INFO - 1.4444444,DPCI_DC_PERCENT - 22.777779],}
41,0.0,{Reading Instances[DISTANCE:EUCLIDEAN],DistanceInformation[DISTANCE:MANHATTAN,DISTANCE_INFO - 1.8888888,DPCI_DC_PERCENT - 88.111115],ClusterByDensityPeak[DISTANCE:BRAYCURTIS,DISTANCE_INFO - 1.8888888,DPCI_DC_PERCENT - 88.111115],}
42,0.0,{Reading Instances[DISTANCE:EUCLIDEAN],DistanceInformation[DISTANCE:BRAYCURTIS,DISTANCE_INFO - 1.1111112,DPCI_DC_PERCENT - 88.111115],ClusterByDensityPeak[DISTANCE:CHEBYCHEV,DISTANCE_INFO - 1.1111112,DPCI_DC_PERCENT - 88.111115],}
43,0.0,{Reading Instances[DISTANCE:EUCLIDEAN],DistanceInformation[DISTANCE:CHEBYCHEV,DISTANCE_INFO - 1.1111112,DPCI_DC_PERCENT - 33.666668],ClusterByDensityPeak[DISTANCE:EUCLIDEAN,DISTANCE_INFO - 1.1111112,DPCI_DC_PERCENT - 33.666668],}
44,0.0,{Reading Instances[DISTANCE:EUCLIDEAN],DistanceInformation[DISTANCE:CHEBYCHEV,DISTANCE_INFO - 1.3333334,DPCI_DC_PERCENT - 22.777779],ClusterByDensityPeak[DISTANCE:MANHATTAN,DISTANCE_INFO - 1.3333334,DPCI_DC_PERCENT - 22.777779],}
